[0.158s] DEBUG:colcon:Command line arguments: ['/usr/bin/colcon', 'build']
[0.158s] DEBUG:colcon:Parsed command line arguments: Namespace(log_base=None, log_level=None, verb_name='build', build_base='build', install_base='install', merge_install=False, symlink_install=False, test_result_base=None, continue_on_error=False, executor='parallel', parallel_workers=4, event_handlers=None, ignore_user_meta=False, metas=['./colcon.meta'], base_paths=['.'], packages_ignore=None, packages_ignore_regex=None, paths=None, packages_up_to=None, packages_up_to_regex=None, packages_above=None, packages_above_and_dependencies=None, packages_above_depth=None, packages_select_by_dep=None, packages_skip_by_dep=None, packages_skip_up_to=None, packages_select_build_failed=False, packages_skip_build_finished=False, packages_select_test_failures=False, packages_skip_test_passed=False, packages_select=None, packages_skip=None, packages_select_regex=None, packages_skip_regex=None, packages_start=None, packages_end=None, allow_overriding=[], cmake_args=None, cmake_target=None, cmake_target_skip_unavailable=False, cmake_clean_cache=False, cmake_clean_first=False, cmake_force_configure=False, ament_cmake_args=None, catkin_cmake_args=None, catkin_skip_building_tests=False, verb_parser=<colcon_defaults.argument_parser.defaults.DefaultArgumentsDecorator object at 0x797b3e8ef160>, verb_extension=<colcon_core.verb.build.BuildVerb object at 0x797b3e8eec80>, main=<bound method BuildVerb.main of <colcon_core.verb.build.BuildVerb object at 0x797b3e8eec80>>)
[0.394s] Level 1:colcon.colcon_core.package_discovery:discover_packages(colcon_meta) check parameters
[0.395s] Level 1:colcon.colcon_core.package_discovery:discover_packages(recursive) check parameters
[0.395s] Level 1:colcon.colcon_core.package_discovery:discover_packages(ignore) check parameters
[0.395s] Level 1:colcon.colcon_core.package_discovery:discover_packages(path) check parameters
[0.395s] Level 1:colcon.colcon_core.package_discovery:discover_packages(colcon_meta) discover
[0.395s] Level 1:colcon.colcon_core.package_discovery:discover_packages(recursive) discover
[0.395s] INFO:colcon.colcon_core.package_discovery:Crawling recursively for packages in '/home/zjq/learnROS2/Febpractice_zjq_ws'
[0.395s] Level 1:colcon.colcon_core.package_identification:_identify(.) by extensions ['ignore', 'ignore_ament_install']
[0.395s] Level 1:colcon.colcon_core.package_identification:_identify(.) by extension 'ignore'
[0.395s] Level 1:colcon.colcon_core.package_identification:_identify(.) by extension 'ignore_ament_install'
[0.395s] Level 1:colcon.colcon_core.package_identification:_identify(.) by extensions ['colcon_pkg']
[0.396s] Level 1:colcon.colcon_core.package_identification:_identify(.) by extension 'colcon_pkg'
[0.396s] Level 1:colcon.colcon_core.package_identification:_identify(.) by extensions ['colcon_meta']
[0.396s] Level 1:colcon.colcon_core.package_identification:_identify(.) by extension 'colcon_meta'
[0.396s] Level 1:colcon.colcon_core.package_identification:_identify(.) by extensions ['ros']
[0.396s] Level 1:colcon.colcon_core.package_identification:_identify(.) by extension 'ros'
[0.411s] Level 1:colcon.colcon_core.package_identification:_identify(.) by extensions ['cmake', 'python']
[0.412s] Level 1:colcon.colcon_core.package_identification:_identify(.) by extension 'cmake'
[0.412s] Level 1:colcon.colcon_core.package_identification:_identify(.) by extension 'python'
[0.412s] Level 1:colcon.colcon_core.package_identification:_identify(.) by extensions ['python_setup_py']
[0.412s] Level 1:colcon.colcon_core.package_identification:_identify(.) by extension 'python_setup_py'
[0.412s] Level 1:colcon.colcon_core.package_identification:_identify(build) by extensions ['ignore', 'ignore_ament_install']
[0.412s] Level 1:colcon.colcon_core.package_identification:_identify(build) by extension 'ignore'
[0.412s] Level 1:colcon.colcon_core.package_identification:_identify(build) ignored
[0.413s] Level 1:colcon.colcon_core.package_identification:_identify(install) by extensions ['ignore', 'ignore_ament_install']
[0.413s] Level 1:colcon.colcon_core.package_identification:_identify(install) by extension 'ignore'
[0.413s] Level 1:colcon.colcon_core.package_identification:_identify(install) ignored
[0.413s] Level 1:colcon.colcon_core.package_identification:_identify(log) by extensions ['ignore', 'ignore_ament_install']
[0.413s] Level 1:colcon.colcon_core.package_identification:_identify(log) by extension 'ignore'
[0.413s] Level 1:colcon.colcon_core.package_identification:_identify(log) ignored
[0.414s] Level 1:colcon.colcon_core.package_identification:_identify(src) by extensions ['ignore', 'ignore_ament_install']
[0.414s] Level 1:colcon.colcon_core.package_identification:_identify(src) by extension 'ignore'
[0.414s] Level 1:colcon.colcon_core.package_identification:_identify(src) by extension 'ignore_ament_install'
[0.414s] Level 1:colcon.colcon_core.package_identification:_identify(src) by extensions ['colcon_pkg']
[0.414s] Level 1:colcon.colcon_core.package_identification:_identify(src) by extension 'colcon_pkg'
[0.414s] Level 1:colcon.colcon_core.package_identification:_identify(src) by extensions ['colcon_meta']
[0.414s] Level 1:colcon.colcon_core.package_identification:_identify(src) by extension 'colcon_meta'
[0.414s] Level 1:colcon.colcon_core.package_identification:_identify(src) by extensions ['ros']
[0.414s] Level 1:colcon.colcon_core.package_identification:_identify(src) by extension 'ros'
[0.414s] Level 1:colcon.colcon_core.package_identification:_identify(src) by extensions ['cmake', 'python']
[0.414s] Level 1:colcon.colcon_core.package_identification:_identify(src) by extension 'cmake'
[0.414s] Level 1:colcon.colcon_core.package_identification:_identify(src) by extension 'python'
[0.414s] Level 1:colcon.colcon_core.package_identification:_identify(src) by extensions ['python_setup_py']
[0.414s] Level 1:colcon.colcon_core.package_identification:_identify(src) by extension 'python_setup_py'
[0.414s] Level 1:colcon.colcon_core.package_identification:_identify(src/status_interfaces) by extensions ['ignore', 'ignore_ament_install']
[0.415s] Level 1:colcon.colcon_core.package_identification:_identify(src/status_interfaces) by extension 'ignore'
[0.415s] Level 1:colcon.colcon_core.package_identification:_identify(src/status_interfaces) by extension 'ignore_ament_install'
[0.415s] Level 1:colcon.colcon_core.package_identification:_identify(src/status_interfaces) by extensions ['colcon_pkg']
[0.415s] Level 1:colcon.colcon_core.package_identification:_identify(src/status_interfaces) by extension 'colcon_pkg'
[0.415s] Level 1:colcon.colcon_core.package_identification:_identify(src/status_interfaces) by extensions ['colcon_meta']
[0.415s] Level 1:colcon.colcon_core.package_identification:_identify(src/status_interfaces) by extension 'colcon_meta'
[0.415s] Level 1:colcon.colcon_core.package_identification:_identify(src/status_interfaces) by extensions ['ros']
[0.415s] Level 1:colcon.colcon_core.package_identification:_identify(src/status_interfaces) by extension 'ros'
[0.419s] DEBUG:colcon.colcon_core.package_identification:Package 'src/status_interfaces' with type 'ros.ament_cmake' and name 'status_interfaces'
[0.419s] Level 1:colcon.colcon_core.package_identification:_identify(src/status_topics) by extensions ['ignore', 'ignore_ament_install']
[0.419s] Level 1:colcon.colcon_core.package_identification:_identify(src/status_topics) by extension 'ignore'
[0.419s] Level 1:colcon.colcon_core.package_identification:_identify(src/status_topics) by extension 'ignore_ament_install'
[0.419s] Level 1:colcon.colcon_core.package_identification:_identify(src/status_topics) by extensions ['colcon_pkg']
[0.419s] Level 1:colcon.colcon_core.package_identification:_identify(src/status_topics) by extension 'colcon_pkg'
[0.419s] Level 1:colcon.colcon_core.package_identification:_identify(src/status_topics) by extensions ['colcon_meta']
[0.419s] Level 1:colcon.colcon_core.package_identification:_identify(src/status_topics) by extension 'colcon_meta'
[0.419s] Level 1:colcon.colcon_core.package_identification:_identify(src/status_topics) by extensions ['ros']
[0.419s] Level 1:colcon.colcon_core.package_identification:_identify(src/status_topics) by extension 'ros'
[0.420s] DEBUG:colcon.colcon_core.package_identification:Package 'src/status_topics' with type 'ros.ament_python' and name 'status_topics'
[0.421s] Level 1:colcon.colcon_core.package_discovery:discover_packages(recursive) using defaults
[0.421s] Level 1:colcon.colcon_core.package_discovery:discover_packages(ignore) discover
[0.421s] Level 1:colcon.colcon_core.package_discovery:discover_packages(ignore) using defaults
[0.421s] Level 1:colcon.colcon_core.package_discovery:discover_packages(path) discover
[0.421s] Level 1:colcon.colcon_core.package_discovery:discover_packages(path) using defaults
[0.453s] Level 1:colcon.colcon_core.package_discovery:discover_packages(prefix_path) check parameters
[0.453s] Level 1:colcon.colcon_core.package_discovery:discover_packages(prefix_path) discover
[0.457s] DEBUG:colcon.colcon_installed_package_information.package_discovery:Found 273 installed packages in /opt/ros/humble
[0.459s] Level 1:colcon.colcon_core.package_discovery:discover_packages(prefix_path) using defaults
[0.527s] Level 5:colcon.colcon_core.verb:set package 'status_interfaces' build argument 'cmake_args' from command line to 'None'
[0.527s] Level 5:colcon.colcon_core.verb:set package 'status_interfaces' build argument 'cmake_target' from command line to 'None'
[0.528s] Level 5:colcon.colcon_core.verb:set package 'status_interfaces' build argument 'cmake_target_skip_unavailable' from command line to 'False'
[0.528s] Level 5:colcon.colcon_core.verb:set package 'status_interfaces' build argument 'cmake_clean_cache' from command line to 'False'
[0.528s] Level 5:colcon.colcon_core.verb:set package 'status_interfaces' build argument 'cmake_clean_first' from command line to 'False'
[0.528s] Level 5:colcon.colcon_core.verb:set package 'status_interfaces' build argument 'cmake_force_configure' from command line to 'False'
[0.528s] Level 5:colcon.colcon_core.verb:set package 'status_interfaces' build argument 'ament_cmake_args' from command line to 'None'
[0.528s] Level 5:colcon.colcon_core.verb:set package 'status_interfaces' build argument 'catkin_cmake_args' from command line to 'None'
[0.528s] Level 5:colcon.colcon_core.verb:set package 'status_interfaces' build argument 'catkin_skip_building_tests' from command line to 'False'
[0.528s] DEBUG:colcon.colcon_core.verb:Building package 'status_interfaces' with the following arguments: {'ament_cmake_args': None, 'build_base': '/home/zjq/learnROS2/Febpractice_zjq_ws/build/status_interfaces', 'catkin_cmake_args': None, 'catkin_skip_building_tests': False, 'cmake_args': None, 'cmake_clean_cache': False, 'cmake_clean_first': False, 'cmake_force_configure': False, 'cmake_target': None, 'cmake_target_skip_unavailable': False, 'install_base': '/home/zjq/learnROS2/Febpractice_zjq_ws/install/status_interfaces', 'merge_install': False, 'path': '/home/zjq/learnROS2/Febpractice_zjq_ws/src/status_interfaces', 'symlink_install': False, 'test_result_base': None}
[0.528s] Level 5:colcon.colcon_core.verb:set package 'status_topics' build argument 'cmake_args' from command line to 'None'
[0.528s] Level 5:colcon.colcon_core.verb:set package 'status_topics' build argument 'cmake_target' from command line to 'None'
[0.528s] Level 5:colcon.colcon_core.verb:set package 'status_topics' build argument 'cmake_target_skip_unavailable' from command line to 'False'
[0.528s] Level 5:colcon.colcon_core.verb:set package 'status_topics' build argument 'cmake_clean_cache' from command line to 'False'
[0.528s] Level 5:colcon.colcon_core.verb:set package 'status_topics' build argument 'cmake_clean_first' from command line to 'False'
[0.528s] Level 5:colcon.colcon_core.verb:set package 'status_topics' build argument 'cmake_force_configure' from command line to 'False'
[0.529s] Level 5:colcon.colcon_core.verb:set package 'status_topics' build argument 'ament_cmake_args' from command line to 'None'
[0.529s] Level 5:colcon.colcon_core.verb:set package 'status_topics' build argument 'catkin_cmake_args' from command line to 'None'
[0.529s] Level 5:colcon.colcon_core.verb:set package 'status_topics' build argument 'catkin_skip_building_tests' from command line to 'False'
[0.529s] DEBUG:colcon.colcon_core.verb:Building package 'status_topics' with the following arguments: {'ament_cmake_args': None, 'build_base': '/home/zjq/learnROS2/Febpractice_zjq_ws/build/status_topics', 'catkin_cmake_args': None, 'catkin_skip_building_tests': False, 'cmake_args': None, 'cmake_clean_cache': False, 'cmake_clean_first': False, 'cmake_force_configure': False, 'cmake_target': None, 'cmake_target_skip_unavailable': False, 'install_base': '/home/zjq/learnROS2/Febpractice_zjq_ws/install/status_topics', 'merge_install': False, 'path': '/home/zjq/learnROS2/Febpractice_zjq_ws/src/status_topics', 'symlink_install': False, 'test_result_base': None}
[0.529s] INFO:colcon.colcon_core.executor:Executing jobs using 'parallel' executor
[0.531s] DEBUG:colcon.colcon_parallel_executor.executor.parallel:run_until_complete
[0.532s] INFO:colcon.colcon_ros.task.ament_cmake.build:Building ROS package in '/home/zjq/learnROS2/Febpractice_zjq_ws/src/status_interfaces' with build type 'ament_cmake'
[0.532s] INFO:colcon.colcon_cmake.task.cmake.build:Building CMake package in '/home/zjq/learnROS2/Febpractice_zjq_ws/src/status_interfaces'
[0.536s] INFO:colcon.colcon_core.plugin_system:Skipping extension 'colcon_core.shell.bat': Not used on non-Windows systems
[0.537s] INFO:colcon.colcon_core.shell:Skip shell extension 'powershell' for command environment: Not usable outside of PowerShell
[0.537s] DEBUG:colcon.colcon_core.shell:Skip shell extension 'dsv' for command environment
[0.563s] DEBUG:colcon.colcon_core.event_handler.log_command:Invoking command in '/home/zjq/learnROS2/Febpractice_zjq_ws/build/status_interfaces': CMAKE_PREFIX_PATH=/opt/ros/humble CONDA_PROMPT_MODIFIER=(base) /usr/bin/cmake --build /home/zjq/learnROS2/Febpractice_zjq_ws/build/status_interfaces -- -j4 -l4
[1.307s] DEBUG:colcon.colcon_core.event_handler.log_command:Invoked command in '/home/zjq/learnROS2/Febpractice_zjq_ws/build/status_interfaces' returned '0': CMAKE_PREFIX_PATH=/opt/ros/humble CONDA_PROMPT_MODIFIER=(base) /usr/bin/cmake --build /home/zjq/learnROS2/Febpractice_zjq_ws/build/status_interfaces -- -j4 -l4
[1.324s] DEBUG:colcon.colcon_core.event_handler.log_command:Invoking command in '/home/zjq/learnROS2/Febpractice_zjq_ws/build/status_interfaces': CMAKE_PREFIX_PATH=/opt/ros/humble CONDA_PROMPT_MODIFIER=(base) /usr/bin/cmake --install /home/zjq/learnROS2/Febpractice_zjq_ws/build/status_interfaces
[1.425s] Level 1:colcon.colcon_core.environment:create_environment_scripts_only(status_interfaces)
[1.433s] DEBUG:colcon.colcon_core.event_handler.log_command:Invoked command in '/home/zjq/learnROS2/Febpractice_zjq_ws/build/status_interfaces' returned '0': CMAKE_PREFIX_PATH=/opt/ros/humble CONDA_PROMPT_MODIFIER=(base) /usr/bin/cmake --install /home/zjq/learnROS2/Febpractice_zjq_ws/build/status_interfaces
[1.437s] Level 1:colcon.colcon_core.environment:checking '/home/zjq/learnROS2/Febpractice_zjq_ws/install/status_interfaces' for CMake module files
[1.438s] Level 1:colcon.colcon_core.environment:checking '/home/zjq/learnROS2/Febpractice_zjq_ws/install/status_interfaces' for CMake config files
[1.439s] Level 1:colcon.colcon_core.shell:create_environment_hook('status_interfaces', 'cmake_prefix_path')
[1.439s] INFO:colcon.colcon_core.shell:Creating environment hook '/home/zjq/learnROS2/Febpractice_zjq_ws/install/status_interfaces/share/status_interfaces/hook/cmake_prefix_path.ps1'
[1.440s] INFO:colcon.colcon_core.shell:Creating environment descriptor '/home/zjq/learnROS2/Febpractice_zjq_ws/install/status_interfaces/share/status_interfaces/hook/cmake_prefix_path.dsv'
[1.442s] INFO:colcon.colcon_core.shell:Creating environment hook '/home/zjq/learnROS2/Febpractice_zjq_ws/install/status_interfaces/share/status_interfaces/hook/cmake_prefix_path.sh'
[1.443s] Level 1:colcon.colcon_core.environment:checking '/home/zjq/learnROS2/Febpractice_zjq_ws/install/status_interfaces/lib'
[1.444s] Level 1:colcon.colcon_core.shell:create_environment_hook('status_interfaces', 'ld_library_path_lib')
[1.444s] INFO:colcon.colcon_core.shell:Creating environment hook '/home/zjq/learnROS2/Febpractice_zjq_ws/install/status_interfaces/share/status_interfaces/hook/ld_library_path_lib.ps1'
[1.445s] INFO:colcon.colcon_core.shell:Creating environment descriptor '/home/zjq/learnROS2/Febpractice_zjq_ws/install/status_interfaces/share/status_interfaces/hook/ld_library_path_lib.dsv'
[1.448s] INFO:colcon.colcon_core.shell:Creating environment hook '/home/zjq/learnROS2/Febpractice_zjq_ws/install/status_interfaces/share/status_interfaces/hook/ld_library_path_lib.sh'
[1.449s] Level 1:colcon.colcon_core.environment:checking '/home/zjq/learnROS2/Febpractice_zjq_ws/install/status_interfaces/bin'
[1.450s] Level 1:colcon.colcon_core.environment:checking '/home/zjq/learnROS2/Febpractice_zjq_ws/install/status_interfaces/lib/pkgconfig/status_interfaces.pc'
[1.450s] Level 1:colcon.colcon_core.environment:checking '/home/zjq/learnROS2/Febpractice_zjq_ws/install/status_interfaces/lib/python3.10/site-packages'
[1.451s] Level 1:colcon.colcon_core.environment:checking '/home/zjq/learnROS2/Febpractice_zjq_ws/install/status_interfaces/bin'
[1.451s] INFO:colcon.colcon_core.shell:Creating package script '/home/zjq/learnROS2/Febpractice_zjq_ws/install/status_interfaces/share/status_interfaces/package.ps1'
[1.453s] INFO:colcon.colcon_core.shell:Creating package descriptor '/home/zjq/learnROS2/Febpractice_zjq_ws/install/status_interfaces/share/status_interfaces/package.dsv'
[1.454s] INFO:colcon.colcon_core.shell:Creating package script '/home/zjq/learnROS2/Febpractice_zjq_ws/install/status_interfaces/share/status_interfaces/package.sh'
[1.456s] INFO:colcon.colcon_core.shell:Creating package script '/home/zjq/learnROS2/Febpractice_zjq_ws/install/status_interfaces/share/status_interfaces/package.bash'
[1.457s] INFO:colcon.colcon_core.shell:Creating package script '/home/zjq/learnROS2/Febpractice_zjq_ws/install/status_interfaces/share/status_interfaces/package.zsh'
[1.460s] Level 1:colcon.colcon_core.environment:create_file_with_runtime_dependencies(/home/zjq/learnROS2/Febpractice_zjq_ws/install/status_interfaces/share/colcon-core/packages/status_interfaces)
[1.462s] Level 1:colcon.colcon_core.environment:create_environment_scripts_only(status_interfaces)
[1.462s] Level 1:colcon.colcon_core.environment:checking '/home/zjq/learnROS2/Febpractice_zjq_ws/install/status_interfaces' for CMake module files
[1.463s] Level 1:colcon.colcon_core.environment:checking '/home/zjq/learnROS2/Febpractice_zjq_ws/install/status_interfaces' for CMake config files
[1.463s] Level 1:colcon.colcon_core.shell:create_environment_hook('status_interfaces', 'cmake_prefix_path')
[1.463s] INFO:colcon.colcon_core.shell:Creating environment hook '/home/zjq/learnROS2/Febpractice_zjq_ws/install/status_interfaces/share/status_interfaces/hook/cmake_prefix_path.ps1'
[1.464s] INFO:colcon.colcon_core.shell:Creating environment descriptor '/home/zjq/learnROS2/Febpractice_zjq_ws/install/status_interfaces/share/status_interfaces/hook/cmake_prefix_path.dsv'
[1.465s] INFO:colcon.colcon_core.shell:Creating environment hook '/home/zjq/learnROS2/Febpractice_zjq_ws/install/status_interfaces/share/status_interfaces/hook/cmake_prefix_path.sh'
[1.467s] Level 1:colcon.colcon_core.environment:checking '/home/zjq/learnROS2/Febpractice_zjq_ws/install/status_interfaces/lib'
[1.467s] Level 1:colcon.colcon_core.shell:create_environment_hook('status_interfaces', 'ld_library_path_lib')
[1.467s] INFO:colcon.colcon_core.shell:Creating environment hook '/home/zjq/learnROS2/Febpractice_zjq_ws/install/status_interfaces/share/status_interfaces/hook/ld_library_path_lib.ps1'
[1.468s] INFO:colcon.colcon_core.shell:Creating environment descriptor '/home/zjq/learnROS2/Febpractice_zjq_ws/install/status_interfaces/share/status_interfaces/hook/ld_library_path_lib.dsv'
[1.469s] INFO:colcon.colcon_core.shell:Creating environment hook '/home/zjq/learnROS2/Febpractice_zjq_ws/install/status_interfaces/share/status_interfaces/hook/ld_library_path_lib.sh'
[1.471s] Level 1:colcon.colcon_core.environment:checking '/home/zjq/learnROS2/Febpractice_zjq_ws/install/status_interfaces/bin'
[1.471s] Level 1:colcon.colcon_core.environment:checking '/home/zjq/learnROS2/Febpractice_zjq_ws/install/status_interfaces/lib/pkgconfig/status_interfaces.pc'
[1.472s] Level 1:colcon.colcon_core.environment:checking '/home/zjq/learnROS2/Febpractice_zjq_ws/install/status_interfaces/lib/python3.10/site-packages'
[1.472s] Level 1:colcon.colcon_core.environment:checking '/home/zjq/learnROS2/Febpractice_zjq_ws/install/status_interfaces/bin'
[1.473s] INFO:colcon.colcon_core.shell:Creating package script '/home/zjq/learnROS2/Febpractice_zjq_ws/install/status_interfaces/share/status_interfaces/package.ps1'
[1.474s] INFO:colcon.colcon_core.shell:Creating package descriptor '/home/zjq/learnROS2/Febpractice_zjq_ws/install/status_interfaces/share/status_interfaces/package.dsv'
[1.476s] INFO:colcon.colcon_core.shell:Creating package script '/home/zjq/learnROS2/Febpractice_zjq_ws/install/status_interfaces/share/status_interfaces/package.sh'
[1.477s] INFO:colcon.colcon_core.shell:Creating package script '/home/zjq/learnROS2/Febpractice_zjq_ws/install/status_interfaces/share/status_interfaces/package.bash'
[1.485s] INFO:colcon.colcon_core.shell:Creating package script '/home/zjq/learnROS2/Febpractice_zjq_ws/install/status_interfaces/share/status_interfaces/package.zsh'
[1.486s] Level 1:colcon.colcon_core.environment:create_file_with_runtime_dependencies(/home/zjq/learnROS2/Febpractice_zjq_ws/install/status_interfaces/share/colcon-core/packages/status_interfaces)
[1.487s] INFO:colcon.colcon_ros.task.ament_python.build:Building ROS package in '/home/zjq/learnROS2/Febpractice_zjq_ws/src/status_topics' with build type 'ament_python'
[1.488s] Level 1:colcon.colcon_core.shell:create_environment_hook('status_topics', 'ament_prefix_path')
[1.488s] INFO:colcon.colcon_core.shell:Creating environment hook '/home/zjq/learnROS2/Febpractice_zjq_ws/install/status_topics/share/status_topics/hook/ament_prefix_path.ps1'
[1.491s] INFO:colcon.colcon_core.shell:Creating environment descriptor '/home/zjq/learnROS2/Febpractice_zjq_ws/install/status_topics/share/status_topics/hook/ament_prefix_path.dsv'
[1.491s] INFO:colcon.colcon_core.shell:Creating environment hook '/home/zjq/learnROS2/Febpractice_zjq_ws/install/status_topics/share/status_topics/hook/ament_prefix_path.sh'
[1.492s] INFO:colcon.colcon_core.shell:Skip shell extension 'powershell' for command environment: Not usable outside of PowerShell
[1.493s] DEBUG:colcon.colcon_core.shell:Skip shell extension 'dsv' for command environment
[1.882s] INFO:colcon.colcon_core.task.python.build:Building Python package in '/home/zjq/learnROS2/Febpractice_zjq_ws/src/status_topics'
[1.883s] INFO:colcon.colcon_core.shell:Skip shell extension 'powershell' for command environment: Not usable outside of PowerShell
[1.883s] DEBUG:colcon.colcon_core.shell:Skip shell extension 'dsv' for command environment
[2.385s] DEBUG:colcon.colcon_core.event_handler.log_command:Invoking command in '/home/zjq/learnROS2/Febpractice_zjq_ws/src/status_topics': AMENT_PREFIX_PATH=/home/zjq/learnROS2/Febpractice_zjq_ws/install/status_interfaces:${AMENT_PREFIX_PATH} CMAKE_PREFIX_PATH=/home/zjq/learnROS2/Febpractice_zjq_ws/install/status_interfaces CONDA_PROMPT_MODIFIER=(base) LD_LIBRARY_PATH=/home/zjq/learnROS2/Febpractice_zjq_ws/install/status_interfaces/lib:${LD_LIBRARY_PATH} PYTHONPATH=/home/zjq/learnROS2/Febpractice_zjq_ws/build/status_topics/prefix_override:/usr/lib/python3/dist-packages/colcon_core/task/python/colcon_distutils_commands:/home/zjq/learnROS2/Febpractice_zjq_ws/install/status_topics/lib/python3.10/site-packages:/home/zjq/learnROS2/Febpractice_zjq_ws/install/status_interfaces/local/lib/python3.10/dist-packages:${PYTHONPATH} /usr/bin/python3 -W ignore:setup.py install is deprecated -W ignore:easy_install command is deprecated setup.py egg_info --egg-base ../../build/status_topics build --build-base /home/zjq/learnROS2/Febpractice_zjq_ws/build/status_topics/build install --record /home/zjq/learnROS2/Febpractice_zjq_ws/build/status_topics/install.log --single-version-externally-managed install_data
[2.658s] Level 1:colcon.colcon_core.environment:checking '/home/zjq/learnROS2/Febpractice_zjq_ws/install/status_topics' for CMake module files
[2.660s] DEBUG:colcon.colcon_core.event_handler.log_command:Invoked command in '/home/zjq/learnROS2/Febpractice_zjq_ws/src/status_topics' returned '0': AMENT_PREFIX_PATH=/home/zjq/learnROS2/Febpractice_zjq_ws/install/status_interfaces:${AMENT_PREFIX_PATH} CMAKE_PREFIX_PATH=/home/zjq/learnROS2/Febpractice_zjq_ws/install/status_interfaces CONDA_PROMPT_MODIFIER=(base) LD_LIBRARY_PATH=/home/zjq/learnROS2/Febpractice_zjq_ws/install/status_interfaces/lib:${LD_LIBRARY_PATH} PYTHONPATH=/home/zjq/learnROS2/Febpractice_zjq_ws/build/status_topics/prefix_override:/usr/lib/python3/dist-packages/colcon_core/task/python/colcon_distutils_commands:/home/zjq/learnROS2/Febpractice_zjq_ws/install/status_topics/lib/python3.10/site-packages:/home/zjq/learnROS2/Febpractice_zjq_ws/install/status_interfaces/local/lib/python3.10/dist-packages:${PYTHONPATH} /usr/bin/python3 -W ignore:setup.py install is deprecated -W ignore:easy_install command is deprecated setup.py egg_info --egg-base ../../build/status_topics build --build-base /home/zjq/learnROS2/Febpractice_zjq_ws/build/status_topics/build install --record /home/zjq/learnROS2/Febpractice_zjq_ws/build/status_topics/install.log --single-version-externally-managed install_data
[2.661s] Level 1:colcon.colcon_core.environment:checking '/home/zjq/learnROS2/Febpractice_zjq_ws/install/status_topics' for CMake config files
[2.662s] Level 1:colcon.colcon_core.environment:checking '/home/zjq/learnROS2/Febpractice_zjq_ws/install/status_topics/lib'
[2.662s] Level 1:colcon.colcon_core.environment:checking '/home/zjq/learnROS2/Febpractice_zjq_ws/install/status_topics/bin'
[2.662s] Level 1:colcon.colcon_core.environment:checking '/home/zjq/learnROS2/Febpractice_zjq_ws/install/status_topics/lib/pkgconfig/status_topics.pc'
[2.663s] Level 1:colcon.colcon_core.environment:checking '/home/zjq/learnROS2/Febpractice_zjq_ws/install/status_topics/lib/python3.10/site-packages'
[2.663s] Level 1:colcon.colcon_core.shell:create_environment_hook('status_topics', 'pythonpath')
[2.663s] INFO:colcon.colcon_core.shell:Creating environment hook '/home/zjq/learnROS2/Febpractice_zjq_ws/install/status_topics/share/status_topics/hook/pythonpath.ps1'
[2.664s] INFO:colcon.colcon_core.shell:Creating environment descriptor '/home/zjq/learnROS2/Febpractice_zjq_ws/install/status_topics/share/status_topics/hook/pythonpath.dsv'
[2.664s] INFO:colcon.colcon_core.shell:Creating environment hook '/home/zjq/learnROS2/Febpractice_zjq_ws/install/status_topics/share/status_topics/hook/pythonpath.sh'
[2.666s] Level 1:colcon.colcon_core.environment:checking '/home/zjq/learnROS2/Febpractice_zjq_ws/install/status_topics/bin'
[2.666s] Level 1:colcon.colcon_core.environment:create_environment_scripts_only(status_topics)
[2.666s] INFO:colcon.colcon_core.shell:Creating package script '/home/zjq/learnROS2/Febpractice_zjq_ws/install/status_topics/share/status_topics/package.ps1'
[2.667s] INFO:colcon.colcon_core.shell:Creating package descriptor '/home/zjq/learnROS2/Febpractice_zjq_ws/install/status_topics/share/status_topics/package.dsv'
[2.668s] INFO:colcon.colcon_core.shell:Creating package script '/home/zjq/learnROS2/Febpractice_zjq_ws/install/status_topics/share/status_topics/package.sh'
[2.669s] INFO:colcon.colcon_core.shell:Creating package script '/home/zjq/learnROS2/Febpractice_zjq_ws/install/status_topics/share/status_topics/package.bash'
[2.669s] INFO:colcon.colcon_core.shell:Creating package script '/home/zjq/learnROS2/Febpractice_zjq_ws/install/status_topics/share/status_topics/package.zsh'
[2.670s] Level 1:colcon.colcon_core.environment:create_file_with_runtime_dependencies(/home/zjq/learnROS2/Febpractice_zjq_ws/install/status_topics/share/colcon-core/packages/status_topics)
[2.670s] DEBUG:colcon.colcon_parallel_executor.executor.parallel:closing loop
[2.672s] DEBUG:colcon.colcon_parallel_executor.executor.parallel:loop closed
[2.672s] DEBUG:colcon.colcon_parallel_executor.executor.parallel:run_until_complete finished with '0'
[2.672s] DEBUG:colcon.colcon_core.event_reactor:joining thread
[2.682s] INFO:colcon.colcon_core.plugin_system:Skipping extension 'colcon_notification.desktop_notification.terminal_notifier': Not used on non-Darwin systems
[2.682s] INFO:colcon.colcon_core.plugin_system:Skipping extension 'colcon_notification.desktop_notification.win32': Not used on non-Windows systems
[2.682s] INFO:colcon.colcon_notification.desktop_notification:Sending desktop notification using 'notify2'
[2.738s] DEBUG:colcon.colcon_core.event_reactor:joined thread
[2.738s] INFO:colcon.colcon_core.shell:Creating prefix script '/home/zjq/learnROS2/Febpractice_zjq_ws/install/local_setup.ps1'
[2.740s] INFO:colcon.colcon_core.shell:Creating prefix util module '/home/zjq/learnROS2/Febpractice_zjq_ws/install/_local_setup_util_ps1.py'
[2.742s] INFO:colcon.colcon_core.shell:Creating prefix chain script '/home/zjq/learnROS2/Febpractice_zjq_ws/install/setup.ps1'
[2.744s] INFO:colcon.colcon_core.shell:Creating prefix script '/home/zjq/learnROS2/Febpractice_zjq_ws/install/local_setup.sh'
[2.744s] INFO:colcon.colcon_core.shell:Creating prefix util module '/home/zjq/learnROS2/Febpractice_zjq_ws/install/_local_setup_util_sh.py'
[2.745s] INFO:colcon.colcon_core.shell:Creating prefix chain script '/home/zjq/learnROS2/Febpractice_zjq_ws/install/setup.sh'
[2.747s] INFO:colcon.colcon_core.shell:Creating prefix script '/home/zjq/learnROS2/Febpractice_zjq_ws/install/local_setup.bash'
[2.748s] INFO:colcon.colcon_core.shell:Creating prefix chain script '/home/zjq/learnROS2/Febpractice_zjq_ws/install/setup.bash'
[2.749s] INFO:colcon.colcon_core.shell:Creating prefix script '/home/zjq/learnROS2/Febpractice_zjq_ws/install/local_setup.zsh'
[2.750s] INFO:colcon.colcon_core.shell:Creating prefix chain script '/home/zjq/learnROS2/Febpractice_zjq_ws/install/setup.zsh'
