/home/zjq/learnROS2/Febpractice_zjq_ws/install/status_topics/lib/python3.10/site-packages/status_topics/sys_status_pub.py
/home/zjq/learnROS2/Febpractice_zjq_ws/install/status_topics/lib/python3.10/site-packages/status_topics/__init__.py
/home/zjq/learnROS2/Febpractice_zjq_ws/install/status_topics/lib/python3.10/site-packages/status_topics/sys_status_sub.py
/home/zjq/learnROS2/Febpractice_zjq_ws/install/status_topics/lib/python3.10/site-packages/status_topics/sys_status_trans.py
/home/zjq/learnROS2/Febpractice_zjq_ws/install/status_topics/lib/python3.10/site-packages/status_topics/__pycache__/sys_status_pub.cpython-310.pyc
/home/zjq/learnROS2/Febpractice_zjq_ws/install/status_topics/lib/python3.10/site-packages/status_topics/__pycache__/__init__.cpython-310.pyc
/home/zjq/learnROS2/Febpractice_zjq_ws/install/status_topics/lib/python3.10/site-packages/status_topics/__pycache__/sys_status_sub.cpython-310.pyc
/home/zjq/learnROS2/Febpractice_zjq_ws/install/status_topics/lib/python3.10/site-packages/status_topics/__pycache__/sys_status_trans.cpython-310.pyc
/home/zjq/learnROS2/Febpractice_zjq_ws/install/status_topics/share/ament_index/resource_index/packages/status_topics
/home/zjq/learnROS2/Febpractice_zjq_ws/install/status_topics/share/status_topics/package.xml
/home/zjq/learnROS2/Febpractice_zjq_ws/install/status_topics/lib/python3.10/site-packages/status_topics-0.0.0-py3.10.egg-info/dependency_links.txt
/home/zjq/learnROS2/Febpractice_zjq_ws/install/status_topics/lib/python3.10/site-packages/status_topics-0.0.0-py3.10.egg-info/entry_points.txt
/home/zjq/learnROS2/Febpractice_zjq_ws/install/status_topics/lib/python3.10/site-packages/status_topics-0.0.0-py3.10.egg-info/requires.txt
/home/zjq/learnROS2/Febpractice_zjq_ws/install/status_topics/lib/python3.10/site-packages/status_topics-0.0.0-py3.10.egg-info/top_level.txt
/home/zjq/learnROS2/Febpractice_zjq_ws/install/status_topics/lib/python3.10/site-packages/status_topics-0.0.0-py3.10.egg-info/SOURCES.txt
/home/zjq/learnROS2/Febpractice_zjq_ws/install/status_topics/lib/python3.10/site-packages/status_topics-0.0.0-py3.10.egg-info/zip-safe
/home/zjq/learnROS2/Febpractice_zjq_ws/install/status_topics/lib/python3.10/site-packages/status_topics-0.0.0-py3.10.egg-info/PKG-INFO
/home/zjq/learnROS2/Febpractice_zjq_ws/install/status_topics/lib/status_topics/sys_status_pub
/home/zjq/learnROS2/Febpractice_zjq_ws/install/status_topics/lib/status_topics/sys_status_sub
/home/zjq/learnROS2/Febpractice_zjq_ws/install/status_topics/lib/status_topics/sys_status_trans
