[0.894s] Invoking command in '/home/zjq/learnROS2/Febpractice_zjq_ws/src/status_topics': AMENT_PREFIX_PATH=/home/zjq/learnROS2/Febpractice_zjq_ws/install/status_interfaces:${AMENT_PREFIX_PATH} CMAKE_PREFIX_PATH=/home/zjq/learnROS2/Febpractice_zjq_ws/install/status_interfaces CONDA_PROMPT_MODIFIER=(base) LD_LIBRARY_PATH=/home/zjq/learnROS2/Febpractice_zjq_ws/install/status_interfaces/lib:${LD_LIBRARY_PATH} PYTHONPATH=/home/zjq/learnROS2/Febpractice_zjq_ws/build/status_topics/prefix_override:/usr/lib/python3/dist-packages/colcon_core/task/python/colcon_distutils_commands:/home/zjq/learnROS2/Febpractice_zjq_ws/install/status_topics/lib/python3.10/site-packages:/home/zjq/learnROS2/Febpractice_zjq_ws/install/status_interfaces/local/lib/python3.10/dist-packages:${PYTHONPATH} /usr/bin/python3 -W ignore:setup.py install is deprecated -W ignore:easy_install command is deprecated setup.py egg_info --egg-base ../../build/status_topics build --build-base /home/zjq/learnROS2/Febpractice_zjq_ws/build/status_topics/build install --record /home/zjq/learnROS2/Febpractice_zjq_ws/build/status_topics/install.log --single-version-externally-managed install_data
[1.101s] running egg_info
[1.102s] creating ../../build/status_topics/status_topics.egg-info
[1.102s] writing ../../build/status_topics/status_topics.egg-info/PKG-INFO
[1.102s] writing dependency_links to ../../build/status_topics/status_topics.egg-info/dependency_links.txt
[1.102s] writing entry points to ../../build/status_topics/status_topics.egg-info/entry_points.txt
[1.104s] writing requirements to ../../build/status_topics/status_topics.egg-info/requires.txt
[1.104s] writing top-level names to ../../build/status_topics/status_topics.egg-info/top_level.txt
[1.104s] writing manifest file '../../build/status_topics/status_topics.egg-info/SOURCES.txt'
[1.106s] reading manifest file '../../build/status_topics/status_topics.egg-info/SOURCES.txt'
[1.106s] adding license file 'LICENSE'
[1.108s] writing manifest file '../../build/status_topics/status_topics.egg-info/SOURCES.txt'
[1.108s] running build
[1.108s] running build_py
[1.108s] creating /home/zjq/learnROS2/Febpractice_zjq_ws/build/status_topics/build
[1.108s] creating /home/zjq/learnROS2/Febpractice_zjq_ws/build/status_topics/build/lib
[1.109s] creating /home/zjq/learnROS2/Febpractice_zjq_ws/build/status_topics/build/lib/status_topics
[1.109s] copying status_topics/sys_status_pub.py -> /home/zjq/learnROS2/Febpractice_zjq_ws/build/status_topics/build/lib/status_topics
[1.111s] copying status_topics/__init__.py -> /home/zjq/learnROS2/Febpractice_zjq_ws/build/status_topics/build/lib/status_topics
[1.111s] running install
[1.111s] running install_lib
[1.113s] creating /home/zjq/learnROS2/Febpractice_zjq_ws/install/status_topics/lib/python3.10/site-packages/status_topics
[1.113s] copying /home/zjq/learnROS2/Febpractice_zjq_ws/build/status_topics/build/lib/status_topics/sys_status_pub.py -> /home/zjq/learnROS2/Febpractice_zjq_ws/install/status_topics/lib/python3.10/site-packages/status_topics
[1.113s] copying /home/zjq/learnROS2/Febpractice_zjq_ws/build/status_topics/build/lib/status_topics/__init__.py -> /home/zjq/learnROS2/Febpractice_zjq_ws/install/status_topics/lib/python3.10/site-packages/status_topics
[1.113s] byte-compiling /home/zjq/learnROS2/Febpractice_zjq_ws/install/status_topics/lib/python3.10/site-packages/status_topics/sys_status_pub.py to sys_status_pub.cpython-310.pyc
[1.113s] byte-compiling /home/zjq/learnROS2/Febpractice_zjq_ws/install/status_topics/lib/python3.10/site-packages/status_topics/__init__.py to __init__.cpython-310.pyc
[1.117s] running install_data
[1.117s] creating /home/zjq/learnROS2/Febpractice_zjq_ws/install/status_topics/share/ament_index
[1.117s] creating /home/zjq/learnROS2/Febpractice_zjq_ws/install/status_topics/share/ament_index/resource_index
[1.117s] creating /home/zjq/learnROS2/Febpractice_zjq_ws/install/status_topics/share/ament_index/resource_index/packages
[1.118s] copying resource/status_topics -> /home/zjq/learnROS2/Febpractice_zjq_ws/install/status_topics/share/ament_index/resource_index/packages
[1.118s] copying package.xml -> /home/zjq/learnROS2/Febpractice_zjq_ws/install/status_topics/share/status_topics
[1.118s] running install_egg_info
[1.118s] Copying ../../build/status_topics/status_topics.egg-info to /home/zjq/learnROS2/Febpractice_zjq_ws/install/status_topics/lib/python3.10/site-packages/status_topics-0.0.0-py3.10.egg-info
[1.120s] running install_scripts
[1.152s] Installing sys_status_pub script to /home/zjq/learnROS2/Febpractice_zjq_ws/install/status_topics/lib/status_topics
[1.152s] writing list of installed files to '/home/zjq/learnROS2/Febpractice_zjq_ws/build/status_topics/install.log'
[1.170s] Invoked command in '/home/zjq/learnROS2/Febpractice_zjq_ws/src/status_topics' returned '0': AMENT_PREFIX_PATH=/home/zjq/learnROS2/Febpractice_zjq_ws/install/status_interfaces:${AMENT_PREFIX_PATH} CMAKE_PREFIX_PATH=/home/zjq/learnROS2/Febpractice_zjq_ws/install/status_interfaces CONDA_PROMPT_MODIFIER=(base) LD_LIBRARY_PATH=/home/zjq/learnROS2/Febpractice_zjq_ws/install/status_interfaces/lib:${LD_LIBRARY_PATH} PYTHONPATH=/home/zjq/learnROS2/Febpractice_zjq_ws/build/status_topics/prefix_override:/usr/lib/python3/dist-packages/colcon_core/task/python/colcon_distutils_commands:/home/zjq/learnROS2/Febpractice_zjq_ws/install/status_topics/lib/python3.10/site-packages:/home/zjq/learnROS2/Febpractice_zjq_ws/install/status_interfaces/local/lib/python3.10/dist-packages:${PYTHONPATH} /usr/bin/python3 -W ignore:setup.py install is deprecated -W ignore:easy_install command is deprecated setup.py egg_info --egg-base ../../build/status_topics build --build-base /home/zjq/learnROS2/Febpractice_zjq_ws/build/status_topics/build install --record /home/zjq/learnROS2/Febpractice_zjq_ws/build/status_topics/install.log --single-version-externally-managed install_data
