[0.096s] DEBUG:colcon:Command line arguments: ['/usr/bin/colcon', 'build']
[0.097s] DEBUG:colcon:Parsed command line arguments: Namespace(log_base=None, log_level=None, verb_name='build', build_base='build', install_base='install', merge_install=False, symlink_install=False, test_result_base=None, continue_on_error=False, executor='parallel', parallel_workers=4, event_handlers=None, ignore_user_meta=False, metas=['./colcon.meta'], base_paths=['.'], packages_ignore=None, packages_ignore_regex=None, paths=None, packages_up_to=None, packages_up_to_regex=None, packages_above=None, packages_above_and_dependencies=None, packages_above_depth=None, packages_select_by_dep=None, packages_skip_by_dep=None, packages_skip_up_to=None, packages_select_build_failed=False, packages_skip_build_finished=False, packages_select_test_failures=False, packages_skip_test_passed=False, packages_select=None, packages_skip=None, packages_select_regex=None, packages_skip_regex=None, packages_start=None, packages_end=None, allow_overriding=[], cmake_args=None, cmake_target=None, cmake_target_skip_unavailable=False, cmake_clean_cache=False, cmake_clean_first=False, cmake_force_configure=False, ament_cmake_args=None, catkin_cmake_args=None, catkin_skip_building_tests=False, verb_parser=<colcon_defaults.argument_parser.defaults.DefaultArgumentsDecorator object at 0x7bfd6f4f3130>, verb_extension=<colcon_core.verb.build.BuildVerb object at 0x7bfd6f4f2c50>, main=<bound method BuildVerb.main of <colcon_core.verb.build.BuildVerb object at 0x7bfd6f4f2c50>>)
[0.242s] Level 1:colcon.colcon_core.package_discovery:discover_packages(colcon_meta) check parameters
[0.242s] Level 1:colcon.colcon_core.package_discovery:discover_packages(recursive) check parameters
[0.242s] Level 1:colcon.colcon_core.package_discovery:discover_packages(ignore) check parameters
[0.242s] Level 1:colcon.colcon_core.package_discovery:discover_packages(path) check parameters
[0.242s] Level 1:colcon.colcon_core.package_discovery:discover_packages(colcon_meta) discover
[0.243s] Level 1:colcon.colcon_core.package_discovery:discover_packages(recursive) discover
[0.243s] INFO:colcon.colcon_core.package_discovery:Crawling recursively for packages in '/home/zjq/learnROS2/Febpractice_zjq_ws'
[0.243s] Level 1:colcon.colcon_core.package_identification:_identify(.) by extensions ['ignore', 'ignore_ament_install']
[0.243s] Level 1:colcon.colcon_core.package_identification:_identify(.) by extension 'ignore'
[0.243s] Level 1:colcon.colcon_core.package_identification:_identify(.) by extension 'ignore_ament_install'
[0.243s] Level 1:colcon.colcon_core.package_identification:_identify(.) by extensions ['colcon_pkg']
[0.243s] Level 1:colcon.colcon_core.package_identification:_identify(.) by extension 'colcon_pkg'
[0.243s] Level 1:colcon.colcon_core.package_identification:_identify(.) by extensions ['colcon_meta']
[0.243s] Level 1:colcon.colcon_core.package_identification:_identify(.) by extension 'colcon_meta'
[0.243s] Level 1:colcon.colcon_core.package_identification:_identify(.) by extensions ['ros']
[0.243s] Level 1:colcon.colcon_core.package_identification:_identify(.) by extension 'ros'
[0.256s] Level 1:colcon.colcon_core.package_identification:_identify(.) by extensions ['cmake', 'python']
[0.256s] Level 1:colcon.colcon_core.package_identification:_identify(.) by extension 'cmake'
[0.257s] Level 1:colcon.colcon_core.package_identification:_identify(.) by extension 'python'
[0.257s] Level 1:colcon.colcon_core.package_identification:_identify(.) by extensions ['python_setup_py']
[0.257s] Level 1:colcon.colcon_core.package_identification:_identify(.) by extension 'python_setup_py'
[0.257s] Level 1:colcon.colcon_core.package_identification:_identify(build) by extensions ['ignore', 'ignore_ament_install']
[0.257s] Level 1:colcon.colcon_core.package_identification:_identify(build) by extension 'ignore'
[0.257s] Level 1:colcon.colcon_core.package_identification:_identify(build) ignored
[0.257s] Level 1:colcon.colcon_core.package_identification:_identify(install) by extensions ['ignore', 'ignore_ament_install']
[0.257s] Level 1:colcon.colcon_core.package_identification:_identify(install) by extension 'ignore'
[0.257s] Level 1:colcon.colcon_core.package_identification:_identify(install) ignored
[0.257s] Level 1:colcon.colcon_core.package_identification:_identify(log) by extensions ['ignore', 'ignore_ament_install']
[0.257s] Level 1:colcon.colcon_core.package_identification:_identify(log) by extension 'ignore'
[0.257s] Level 1:colcon.colcon_core.package_identification:_identify(log) ignored
[0.258s] Level 1:colcon.colcon_core.package_identification:_identify(src) by extensions ['ignore', 'ignore_ament_install']
[0.258s] Level 1:colcon.colcon_core.package_identification:_identify(src) by extension 'ignore'
[0.258s] Level 1:colcon.colcon_core.package_identification:_identify(src) by extension 'ignore_ament_install'
[0.258s] Level 1:colcon.colcon_core.package_identification:_identify(src) by extensions ['colcon_pkg']
[0.258s] Level 1:colcon.colcon_core.package_identification:_identify(src) by extension 'colcon_pkg'
[0.258s] Level 1:colcon.colcon_core.package_identification:_identify(src) by extensions ['colcon_meta']
[0.258s] Level 1:colcon.colcon_core.package_identification:_identify(src) by extension 'colcon_meta'
[0.258s] Level 1:colcon.colcon_core.package_identification:_identify(src) by extensions ['ros']
[0.258s] Level 1:colcon.colcon_core.package_identification:_identify(src) by extension 'ros'
[0.258s] Level 1:colcon.colcon_core.package_identification:_identify(src) by extensions ['cmake', 'python']
[0.258s] Level 1:colcon.colcon_core.package_identification:_identify(src) by extension 'cmake'
[0.258s] Level 1:colcon.colcon_core.package_identification:_identify(src) by extension 'python'
[0.258s] Level 1:colcon.colcon_core.package_identification:_identify(src) by extensions ['python_setup_py']
[0.258s] Level 1:colcon.colcon_core.package_identification:_identify(src) by extension 'python_setup_py'
[0.258s] Level 1:colcon.colcon_core.package_identification:_identify(src/status_interfaces) by extensions ['ignore', 'ignore_ament_install']
[0.258s] Level 1:colcon.colcon_core.package_identification:_identify(src/status_interfaces) by extension 'ignore'
[0.258s] Level 1:colcon.colcon_core.package_identification:_identify(src/status_interfaces) by extension 'ignore_ament_install'
[0.258s] Level 1:colcon.colcon_core.package_identification:_identify(src/status_interfaces) by extensions ['colcon_pkg']
[0.258s] Level 1:colcon.colcon_core.package_identification:_identify(src/status_interfaces) by extension 'colcon_pkg'
[0.258s] Level 1:colcon.colcon_core.package_identification:_identify(src/status_interfaces) by extensions ['colcon_meta']
[0.258s] Level 1:colcon.colcon_core.package_identification:_identify(src/status_interfaces) by extension 'colcon_meta'
[0.258s] Level 1:colcon.colcon_core.package_identification:_identify(src/status_interfaces) by extensions ['ros']
[0.258s] Level 1:colcon.colcon_core.package_identification:_identify(src/status_interfaces) by extension 'ros'
[0.261s] DEBUG:colcon.colcon_core.package_identification:Package 'src/status_interfaces' with type 'ros.ament_cmake' and name 'status_interfaces'
[0.262s] Level 1:colcon.colcon_core.package_identification:_identify(src/status_topics) by extensions ['ignore', 'ignore_ament_install']
[0.262s] Level 1:colcon.colcon_core.package_identification:_identify(src/status_topics) by extension 'ignore'
[0.262s] Level 1:colcon.colcon_core.package_identification:_identify(src/status_topics) by extension 'ignore_ament_install'
[0.262s] Level 1:colcon.colcon_core.package_identification:_identify(src/status_topics) by extensions ['colcon_pkg']
[0.262s] Level 1:colcon.colcon_core.package_identification:_identify(src/status_topics) by extension 'colcon_pkg'
[0.262s] Level 1:colcon.colcon_core.package_identification:_identify(src/status_topics) by extensions ['colcon_meta']
[0.262s] Level 1:colcon.colcon_core.package_identification:_identify(src/status_topics) by extension 'colcon_meta'
[0.262s] Level 1:colcon.colcon_core.package_identification:_identify(src/status_topics) by extensions ['ros']
[0.262s] Level 1:colcon.colcon_core.package_identification:_identify(src/status_topics) by extension 'ros'
[0.263s] DEBUG:colcon.colcon_core.package_identification:Package 'src/status_topics' with type 'ros.ament_python' and name 'status_topics'
[0.263s] Level 1:colcon.colcon_core.package_discovery:discover_packages(recursive) using defaults
[0.263s] Level 1:colcon.colcon_core.package_discovery:discover_packages(ignore) discover
[0.263s] Level 1:colcon.colcon_core.package_discovery:discover_packages(ignore) using defaults
[0.263s] Level 1:colcon.colcon_core.package_discovery:discover_packages(path) discover
[0.263s] Level 1:colcon.colcon_core.package_discovery:discover_packages(path) using defaults
[0.286s] Level 1:colcon.colcon_core.package_discovery:discover_packages(prefix_path) check parameters
[0.287s] Level 1:colcon.colcon_core.package_discovery:discover_packages(prefix_path) discover
[0.289s] DEBUG:colcon.colcon_installed_package_information.package_discovery:Found 273 installed packages in /opt/ros/humble
[0.291s] Level 1:colcon.colcon_core.package_discovery:discover_packages(prefix_path) using defaults
[0.339s] Level 5:colcon.colcon_core.verb:set package 'status_interfaces' build argument 'cmake_args' from command line to 'None'
[0.339s] Level 5:colcon.colcon_core.verb:set package 'status_interfaces' build argument 'cmake_target' from command line to 'None'
[0.340s] Level 5:colcon.colcon_core.verb:set package 'status_interfaces' build argument 'cmake_target_skip_unavailable' from command line to 'False'
[0.340s] Level 5:colcon.colcon_core.verb:set package 'status_interfaces' build argument 'cmake_clean_cache' from command line to 'False'
[0.340s] Level 5:colcon.colcon_core.verb:set package 'status_interfaces' build argument 'cmake_clean_first' from command line to 'False'
[0.340s] Level 5:colcon.colcon_core.verb:set package 'status_interfaces' build argument 'cmake_force_configure' from command line to 'False'
[0.340s] Level 5:colcon.colcon_core.verb:set package 'status_interfaces' build argument 'ament_cmake_args' from command line to 'None'
[0.340s] Level 5:colcon.colcon_core.verb:set package 'status_interfaces' build argument 'catkin_cmake_args' from command line to 'None'
[0.340s] Level 5:colcon.colcon_core.verb:set package 'status_interfaces' build argument 'catkin_skip_building_tests' from command line to 'False'
[0.340s] DEBUG:colcon.colcon_core.verb:Building package 'status_interfaces' with the following arguments: {'ament_cmake_args': None, 'build_base': '/home/zjq/learnROS2/Febpractice_zjq_ws/build/status_interfaces', 'catkin_cmake_args': None, 'catkin_skip_building_tests': False, 'cmake_args': None, 'cmake_clean_cache': False, 'cmake_clean_first': False, 'cmake_force_configure': False, 'cmake_target': None, 'cmake_target_skip_unavailable': False, 'install_base': '/home/zjq/learnROS2/Febpractice_zjq_ws/install/status_interfaces', 'merge_install': False, 'path': '/home/zjq/learnROS2/Febpractice_zjq_ws/src/status_interfaces', 'symlink_install': False, 'test_result_base': None}
[0.340s] Level 5:colcon.colcon_core.verb:set package 'status_topics' build argument 'cmake_args' from command line to 'None'
[0.340s] Level 5:colcon.colcon_core.verb:set package 'status_topics' build argument 'cmake_target' from command line to 'None'
[0.340s] Level 5:colcon.colcon_core.verb:set package 'status_topics' build argument 'cmake_target_skip_unavailable' from command line to 'False'
[0.340s] Level 5:colcon.colcon_core.verb:set package 'status_topics' build argument 'cmake_clean_cache' from command line to 'False'
[0.340s] Level 5:colcon.colcon_core.verb:set package 'status_topics' build argument 'cmake_clean_first' from command line to 'False'
[0.340s] Level 5:colcon.colcon_core.verb:set package 'status_topics' build argument 'cmake_force_configure' from command line to 'False'
[0.340s] Level 5:colcon.colcon_core.verb:set package 'status_topics' build argument 'ament_cmake_args' from command line to 'None'
[0.340s] Level 5:colcon.colcon_core.verb:set package 'status_topics' build argument 'catkin_cmake_args' from command line to 'None'
[0.340s] Level 5:colcon.colcon_core.verb:set package 'status_topics' build argument 'catkin_skip_building_tests' from command line to 'False'
[0.340s] DEBUG:colcon.colcon_core.verb:Building package 'status_topics' with the following arguments: {'ament_cmake_args': None, 'build_base': '/home/zjq/learnROS2/Febpractice_zjq_ws/build/status_topics', 'catkin_cmake_args': None, 'catkin_skip_building_tests': False, 'cmake_args': None, 'cmake_clean_cache': False, 'cmake_clean_first': False, 'cmake_force_configure': False, 'cmake_target': None, 'cmake_target_skip_unavailable': False, 'install_base': '/home/zjq/learnROS2/Febpractice_zjq_ws/install/status_topics', 'merge_install': False, 'path': '/home/zjq/learnROS2/Febpractice_zjq_ws/src/status_topics', 'symlink_install': False, 'test_result_base': None}
[0.340s] INFO:colcon.colcon_core.executor:Executing jobs using 'parallel' executor
[0.342s] DEBUG:colcon.colcon_parallel_executor.executor.parallel:run_until_complete
[0.343s] INFO:colcon.colcon_ros.task.ament_cmake.build:Building ROS package in '/home/zjq/learnROS2/Febpractice_zjq_ws/src/status_interfaces' with build type 'ament_cmake'
[0.343s] INFO:colcon.colcon_cmake.task.cmake.build:Building CMake package in '/home/zjq/learnROS2/Febpractice_zjq_ws/src/status_interfaces'
[0.345s] INFO:colcon.colcon_core.plugin_system:Skipping extension 'colcon_core.shell.bat': Not used on non-Windows systems
[0.346s] INFO:colcon.colcon_core.shell:Skip shell extension 'powershell' for command environment: Not usable outside of PowerShell
[0.346s] DEBUG:colcon.colcon_core.shell:Skip shell extension 'dsv' for command environment
[0.370s] DEBUG:colcon.colcon_core.event_handler.log_command:Invoking command in '/home/zjq/learnROS2/Febpractice_zjq_ws/build/status_interfaces': CMAKE_PREFIX_PATH=/opt/ros/humble CONDA_PROMPT_MODIFIER=(base) /usr/bin/cmake --build /home/zjq/learnROS2/Febpractice_zjq_ws/build/status_interfaces -- -j4 -l4
[0.898s] DEBUG:colcon.colcon_core.event_handler.log_command:Invoked command in '/home/zjq/learnROS2/Febpractice_zjq_ws/build/status_interfaces' returned '0': CMAKE_PREFIX_PATH=/opt/ros/humble CONDA_PROMPT_MODIFIER=(base) /usr/bin/cmake --build /home/zjq/learnROS2/Febpractice_zjq_ws/build/status_interfaces -- -j4 -l4
[0.915s] DEBUG:colcon.colcon_core.event_handler.log_command:Invoking command in '/home/zjq/learnROS2/Febpractice_zjq_ws/build/status_interfaces': CMAKE_PREFIX_PATH=/opt/ros/humble CONDA_PROMPT_MODIFIER=(base) /usr/bin/cmake --install /home/zjq/learnROS2/Febpractice_zjq_ws/build/status_interfaces
[0.993s] Level 1:colcon.colcon_core.environment:create_environment_scripts_only(status_interfaces)
[0.998s] DEBUG:colcon.colcon_core.event_handler.log_command:Invoked command in '/home/zjq/learnROS2/Febpractice_zjq_ws/build/status_interfaces' returned '0': CMAKE_PREFIX_PATH=/opt/ros/humble CONDA_PROMPT_MODIFIER=(base) /usr/bin/cmake --install /home/zjq/learnROS2/Febpractice_zjq_ws/build/status_interfaces
[1.001s] Level 1:colcon.colcon_core.environment:checking '/home/zjq/learnROS2/Febpractice_zjq_ws/install/status_interfaces' for CMake module files
[1.002s] Level 1:colcon.colcon_core.environment:checking '/home/zjq/learnROS2/Febpractice_zjq_ws/install/status_interfaces' for CMake config files
[1.002s] Level 1:colcon.colcon_core.shell:create_environment_hook('status_interfaces', 'cmake_prefix_path')
[1.002s] INFO:colcon.colcon_core.shell:Creating environment hook '/home/zjq/learnROS2/Febpractice_zjq_ws/install/status_interfaces/share/status_interfaces/hook/cmake_prefix_path.ps1'
[1.004s] INFO:colcon.colcon_core.shell:Creating environment descriptor '/home/zjq/learnROS2/Febpractice_zjq_ws/install/status_interfaces/share/status_interfaces/hook/cmake_prefix_path.dsv'
[1.005s] INFO:colcon.colcon_core.shell:Creating environment hook '/home/zjq/learnROS2/Febpractice_zjq_ws/install/status_interfaces/share/status_interfaces/hook/cmake_prefix_path.sh'
[1.006s] Level 1:colcon.colcon_core.environment:checking '/home/zjq/learnROS2/Febpractice_zjq_ws/install/status_interfaces/lib'
[1.006s] Level 1:colcon.colcon_core.shell:create_environment_hook('status_interfaces', 'ld_library_path_lib')
[1.007s] INFO:colcon.colcon_core.shell:Creating environment hook '/home/zjq/learnROS2/Febpractice_zjq_ws/install/status_interfaces/share/status_interfaces/hook/ld_library_path_lib.ps1'
[1.008s] INFO:colcon.colcon_core.shell:Creating environment descriptor '/home/zjq/learnROS2/Febpractice_zjq_ws/install/status_interfaces/share/status_interfaces/hook/ld_library_path_lib.dsv'
[1.008s] INFO:colcon.colcon_core.shell:Creating environment hook '/home/zjq/learnROS2/Febpractice_zjq_ws/install/status_interfaces/share/status_interfaces/hook/ld_library_path_lib.sh'
[1.009s] Level 1:colcon.colcon_core.environment:checking '/home/zjq/learnROS2/Febpractice_zjq_ws/install/status_interfaces/bin'
[1.009s] Level 1:colcon.colcon_core.environment:checking '/home/zjq/learnROS2/Febpractice_zjq_ws/install/status_interfaces/lib/pkgconfig/status_interfaces.pc'
[1.010s] Level 1:colcon.colcon_core.environment:checking '/home/zjq/learnROS2/Febpractice_zjq_ws/install/status_interfaces/lib/python3.10/site-packages'
[1.010s] Level 1:colcon.colcon_core.environment:checking '/home/zjq/learnROS2/Febpractice_zjq_ws/install/status_interfaces/bin'
[1.011s] INFO:colcon.colcon_core.shell:Creating package script '/home/zjq/learnROS2/Febpractice_zjq_ws/install/status_interfaces/share/status_interfaces/package.ps1'
[1.012s] INFO:colcon.colcon_core.shell:Creating package descriptor '/home/zjq/learnROS2/Febpractice_zjq_ws/install/status_interfaces/share/status_interfaces/package.dsv'
[1.013s] INFO:colcon.colcon_core.shell:Creating package script '/home/zjq/learnROS2/Febpractice_zjq_ws/install/status_interfaces/share/status_interfaces/package.sh'
[1.015s] INFO:colcon.colcon_core.shell:Creating package script '/home/zjq/learnROS2/Febpractice_zjq_ws/install/status_interfaces/share/status_interfaces/package.bash'
[1.017s] INFO:colcon.colcon_core.shell:Creating package script '/home/zjq/learnROS2/Febpractice_zjq_ws/install/status_interfaces/share/status_interfaces/package.zsh'
[1.018s] Level 1:colcon.colcon_core.environment:create_file_with_runtime_dependencies(/home/zjq/learnROS2/Febpractice_zjq_ws/install/status_interfaces/share/colcon-core/packages/status_interfaces)
[1.019s] Level 1:colcon.colcon_core.environment:create_environment_scripts_only(status_interfaces)
[1.019s] Level 1:colcon.colcon_core.environment:checking '/home/zjq/learnROS2/Febpractice_zjq_ws/install/status_interfaces' for CMake module files
[1.020s] Level 1:colcon.colcon_core.environment:checking '/home/zjq/learnROS2/Febpractice_zjq_ws/install/status_interfaces' for CMake config files
[1.021s] Level 1:colcon.colcon_core.shell:create_environment_hook('status_interfaces', 'cmake_prefix_path')
[1.021s] INFO:colcon.colcon_core.shell:Creating environment hook '/home/zjq/learnROS2/Febpractice_zjq_ws/install/status_interfaces/share/status_interfaces/hook/cmake_prefix_path.ps1'
[1.021s] INFO:colcon.colcon_core.shell:Creating environment descriptor '/home/zjq/learnROS2/Febpractice_zjq_ws/install/status_interfaces/share/status_interfaces/hook/cmake_prefix_path.dsv'
[1.022s] INFO:colcon.colcon_core.shell:Creating environment hook '/home/zjq/learnROS2/Febpractice_zjq_ws/install/status_interfaces/share/status_interfaces/hook/cmake_prefix_path.sh'
[1.023s] Level 1:colcon.colcon_core.environment:checking '/home/zjq/learnROS2/Febpractice_zjq_ws/install/status_interfaces/lib'
[1.023s] Level 1:colcon.colcon_core.shell:create_environment_hook('status_interfaces', 'ld_library_path_lib')
[1.024s] INFO:colcon.colcon_core.shell:Creating environment hook '/home/zjq/learnROS2/Febpractice_zjq_ws/install/status_interfaces/share/status_interfaces/hook/ld_library_path_lib.ps1'
[1.024s] INFO:colcon.colcon_core.shell:Creating environment descriptor '/home/zjq/learnROS2/Febpractice_zjq_ws/install/status_interfaces/share/status_interfaces/hook/ld_library_path_lib.dsv'
[1.025s] INFO:colcon.colcon_core.shell:Creating environment hook '/home/zjq/learnROS2/Febpractice_zjq_ws/install/status_interfaces/share/status_interfaces/hook/ld_library_path_lib.sh'
[1.026s] Level 1:colcon.colcon_core.environment:checking '/home/zjq/learnROS2/Febpractice_zjq_ws/install/status_interfaces/bin'
[1.026s] Level 1:colcon.colcon_core.environment:checking '/home/zjq/learnROS2/Febpractice_zjq_ws/install/status_interfaces/lib/pkgconfig/status_interfaces.pc'
[1.027s] Level 1:colcon.colcon_core.environment:checking '/home/zjq/learnROS2/Febpractice_zjq_ws/install/status_interfaces/lib/python3.10/site-packages'
[1.027s] Level 1:colcon.colcon_core.environment:checking '/home/zjq/learnROS2/Febpractice_zjq_ws/install/status_interfaces/bin'
[1.028s] INFO:colcon.colcon_core.shell:Creating package script '/home/zjq/learnROS2/Febpractice_zjq_ws/install/status_interfaces/share/status_interfaces/package.ps1'
[1.028s] INFO:colcon.colcon_core.shell:Creating package descriptor '/home/zjq/learnROS2/Febpractice_zjq_ws/install/status_interfaces/share/status_interfaces/package.dsv'
[1.029s] INFO:colcon.colcon_core.shell:Creating package script '/home/zjq/learnROS2/Febpractice_zjq_ws/install/status_interfaces/share/status_interfaces/package.sh'
[1.030s] INFO:colcon.colcon_core.shell:Creating package script '/home/zjq/learnROS2/Febpractice_zjq_ws/install/status_interfaces/share/status_interfaces/package.bash'
[1.031s] INFO:colcon.colcon_core.shell:Creating package script '/home/zjq/learnROS2/Febpractice_zjq_ws/install/status_interfaces/share/status_interfaces/package.zsh'
[1.032s] Level 1:colcon.colcon_core.environment:create_file_with_runtime_dependencies(/home/zjq/learnROS2/Febpractice_zjq_ws/install/status_interfaces/share/colcon-core/packages/status_interfaces)
[1.033s] INFO:colcon.colcon_ros.task.ament_python.build:Building ROS package in '/home/zjq/learnROS2/Febpractice_zjq_ws/src/status_topics' with build type 'ament_python'
[1.033s] Level 1:colcon.colcon_core.shell:create_environment_hook('status_topics', 'ament_prefix_path')
[1.033s] INFO:colcon.colcon_core.shell:Creating environment hook '/home/zjq/learnROS2/Febpractice_zjq_ws/install/status_topics/share/status_topics/hook/ament_prefix_path.ps1'
[1.035s] INFO:colcon.colcon_core.shell:Creating environment descriptor '/home/zjq/learnROS2/Febpractice_zjq_ws/install/status_topics/share/status_topics/hook/ament_prefix_path.dsv'
[1.035s] INFO:colcon.colcon_core.shell:Creating environment hook '/home/zjq/learnROS2/Febpractice_zjq_ws/install/status_topics/share/status_topics/hook/ament_prefix_path.sh'
[1.037s] INFO:colcon.colcon_core.shell:Skip shell extension 'powershell' for command environment: Not usable outside of PowerShell
[1.037s] DEBUG:colcon.colcon_core.shell:Skip shell extension 'dsv' for command environment
[1.334s] INFO:colcon.colcon_core.task.python.build:Building Python package in '/home/zjq/learnROS2/Febpractice_zjq_ws/src/status_topics'
[1.335s] INFO:colcon.colcon_core.shell:Skip shell extension 'powershell' for command environment: Not usable outside of PowerShell
[1.335s] DEBUG:colcon.colcon_core.shell:Skip shell extension 'dsv' for command environment
[1.644s] DEBUG:colcon.colcon_core.event_handler.log_command:Invoking command in '/home/zjq/learnROS2/Febpractice_zjq_ws/src/status_topics': AMENT_PREFIX_PATH=/home/zjq/learnROS2/Febpractice_zjq_ws/install/status_interfaces:${AMENT_PREFIX_PATH} CMAKE_PREFIX_PATH=/home/zjq/learnROS2/Febpractice_zjq_ws/install/status_interfaces CONDA_PROMPT_MODIFIER=(base) LD_LIBRARY_PATH=/home/zjq/learnROS2/Febpractice_zjq_ws/install/status_interfaces/lib:${LD_LIBRARY_PATH} PYTHONPATH=/home/zjq/learnROS2/Febpractice_zjq_ws/build/status_topics/prefix_override:/usr/lib/python3/dist-packages/colcon_core/task/python/colcon_distutils_commands:/home/zjq/learnROS2/Febpractice_zjq_ws/install/status_topics/lib/python3.10/site-packages:/home/zjq/learnROS2/Febpractice_zjq_ws/install/status_interfaces/local/lib/python3.10/dist-packages:${PYTHONPATH} /usr/bin/python3 -W ignore:setup.py install is deprecated -W ignore:easy_install command is deprecated setup.py egg_info --egg-base ../../build/status_topics build --build-base /home/zjq/learnROS2/Febpractice_zjq_ws/build/status_topics/build install --record /home/zjq/learnROS2/Febpractice_zjq_ws/build/status_topics/install.log --single-version-externally-managed install_data
[1.870s] Level 1:colcon.colcon_core.environment:checking '/home/zjq/learnROS2/Febpractice_zjq_ws/install/status_topics' for CMake module files
[1.871s] Level 1:colcon.colcon_core.environment:checking '/home/zjq/learnROS2/Febpractice_zjq_ws/install/status_topics' for CMake config files
[1.871s] Level 1:colcon.colcon_core.environment:checking '/home/zjq/learnROS2/Febpractice_zjq_ws/install/status_topics/lib'
[1.872s] DEBUG:colcon.colcon_core.event_handler.log_command:Invoked command in '/home/zjq/learnROS2/Febpractice_zjq_ws/src/status_topics' returned '0': AMENT_PREFIX_PATH=/home/zjq/learnROS2/Febpractice_zjq_ws/install/status_interfaces:${AMENT_PREFIX_PATH} CMAKE_PREFIX_PATH=/home/zjq/learnROS2/Febpractice_zjq_ws/install/status_interfaces CONDA_PROMPT_MODIFIER=(base) LD_LIBRARY_PATH=/home/zjq/learnROS2/Febpractice_zjq_ws/install/status_interfaces/lib:${LD_LIBRARY_PATH} PYTHONPATH=/home/zjq/learnROS2/Febpractice_zjq_ws/build/status_topics/prefix_override:/usr/lib/python3/dist-packages/colcon_core/task/python/colcon_distutils_commands:/home/zjq/learnROS2/Febpractice_zjq_ws/install/status_topics/lib/python3.10/site-packages:/home/zjq/learnROS2/Febpractice_zjq_ws/install/status_interfaces/local/lib/python3.10/dist-packages:${PYTHONPATH} /usr/bin/python3 -W ignore:setup.py install is deprecated -W ignore:easy_install command is deprecated setup.py egg_info --egg-base ../../build/status_topics build --build-base /home/zjq/learnROS2/Febpractice_zjq_ws/build/status_topics/build install --record /home/zjq/learnROS2/Febpractice_zjq_ws/build/status_topics/install.log --single-version-externally-managed install_data
[1.872s] Level 1:colcon.colcon_core.environment:checking '/home/zjq/learnROS2/Febpractice_zjq_ws/install/status_topics/bin'
[1.872s] Level 1:colcon.colcon_core.environment:checking '/home/zjq/learnROS2/Febpractice_zjq_ws/install/status_topics/lib/pkgconfig/status_topics.pc'
[1.872s] Level 1:colcon.colcon_core.environment:checking '/home/zjq/learnROS2/Febpractice_zjq_ws/install/status_topics/lib/python3.10/site-packages'
[1.872s] Level 1:colcon.colcon_core.shell:create_environment_hook('status_topics', 'pythonpath')
[1.872s] INFO:colcon.colcon_core.shell:Creating environment hook '/home/zjq/learnROS2/Febpractice_zjq_ws/install/status_topics/share/status_topics/hook/pythonpath.ps1'
[1.873s] INFO:colcon.colcon_core.shell:Creating environment descriptor '/home/zjq/learnROS2/Febpractice_zjq_ws/install/status_topics/share/status_topics/hook/pythonpath.dsv'
[1.874s] INFO:colcon.colcon_core.shell:Creating environment hook '/home/zjq/learnROS2/Febpractice_zjq_ws/install/status_topics/share/status_topics/hook/pythonpath.sh'
[1.876s] Level 1:colcon.colcon_core.environment:checking '/home/zjq/learnROS2/Febpractice_zjq_ws/install/status_topics/bin'
[1.876s] Level 1:colcon.colcon_core.environment:create_environment_scripts_only(status_topics)
[1.877s] INFO:colcon.colcon_core.shell:Creating package script '/home/zjq/learnROS2/Febpractice_zjq_ws/install/status_topics/share/status_topics/package.ps1'
[1.878s] INFO:colcon.colcon_core.shell:Creating package descriptor '/home/zjq/learnROS2/Febpractice_zjq_ws/install/status_topics/share/status_topics/package.dsv'
[1.884s] INFO:colcon.colcon_core.shell:Creating package script '/home/zjq/learnROS2/Febpractice_zjq_ws/install/status_topics/share/status_topics/package.sh'
[1.885s] INFO:colcon.colcon_core.shell:Creating package script '/home/zjq/learnROS2/Febpractice_zjq_ws/install/status_topics/share/status_topics/package.bash'
[1.885s] INFO:colcon.colcon_core.shell:Creating package script '/home/zjq/learnROS2/Febpractice_zjq_ws/install/status_topics/share/status_topics/package.zsh'
[1.886s] Level 1:colcon.colcon_core.environment:create_file_with_runtime_dependencies(/home/zjq/learnROS2/Febpractice_zjq_ws/install/status_topics/share/colcon-core/packages/status_topics)
[1.888s] DEBUG:colcon.colcon_parallel_executor.executor.parallel:closing loop
[1.888s] DEBUG:colcon.colcon_parallel_executor.executor.parallel:loop closed
[1.889s] DEBUG:colcon.colcon_parallel_executor.executor.parallel:run_until_complete finished with '0'
[1.889s] DEBUG:colcon.colcon_core.event_reactor:joining thread
[1.897s] INFO:colcon.colcon_core.plugin_system:Skipping extension 'colcon_notification.desktop_notification.terminal_notifier': Not used on non-Darwin systems
[1.897s] INFO:colcon.colcon_core.plugin_system:Skipping extension 'colcon_notification.desktop_notification.win32': Not used on non-Windows systems
[1.898s] INFO:colcon.colcon_notification.desktop_notification:Sending desktop notification using 'notify2'
[1.922s] DEBUG:colcon.colcon_core.event_reactor:joined thread
[1.923s] INFO:colcon.colcon_core.shell:Creating prefix script '/home/zjq/learnROS2/Febpractice_zjq_ws/install/local_setup.ps1'
[1.924s] INFO:colcon.colcon_core.shell:Creating prefix util module '/home/zjq/learnROS2/Febpractice_zjq_ws/install/_local_setup_util_ps1.py'
[1.927s] INFO:colcon.colcon_core.shell:Creating prefix chain script '/home/zjq/learnROS2/Febpractice_zjq_ws/install/setup.ps1'
[1.929s] INFO:colcon.colcon_core.shell:Creating prefix script '/home/zjq/learnROS2/Febpractice_zjq_ws/install/local_setup.sh'
[1.932s] INFO:colcon.colcon_core.shell:Creating prefix util module '/home/zjq/learnROS2/Febpractice_zjq_ws/install/_local_setup_util_sh.py'
[1.935s] INFO:colcon.colcon_core.shell:Creating prefix chain script '/home/zjq/learnROS2/Febpractice_zjq_ws/install/setup.sh'
[1.937s] INFO:colcon.colcon_core.shell:Creating prefix script '/home/zjq/learnROS2/Febpractice_zjq_ws/install/local_setup.bash'
[1.938s] INFO:colcon.colcon_core.shell:Creating prefix chain script '/home/zjq/learnROS2/Febpractice_zjq_ws/install/setup.bash'
[1.939s] INFO:colcon.colcon_core.shell:Creating prefix script '/home/zjq/learnROS2/Febpractice_zjq_ws/install/local_setup.zsh'
[1.941s] INFO:colcon.colcon_core.shell:Creating prefix chain script '/home/zjq/learnROS2/Febpractice_zjq_ws/install/setup.zsh'
