[0.280s] DEBUG:colcon:Command line arguments: ['/usr/bin/colcon', 'build']
[0.280s] DEBUG:colcon:Parsed command line arguments: Namespace(log_base=None, log_level=None, verb_name='build', build_base='build', install_base='install', merge_install=False, symlink_install=False, test_result_base=None, continue_on_error=False, executor='parallel', parallel_workers=4, event_handlers=None, ignore_user_meta=False, metas=['./colcon.meta'], base_paths=['.'], packages_ignore=None, packages_ignore_regex=None, paths=None, packages_up_to=None, packages_up_to_regex=None, packages_above=None, packages_above_and_dependencies=None, packages_above_depth=None, packages_select_by_dep=None, packages_skip_by_dep=None, packages_skip_up_to=None, packages_select_build_failed=False, packages_skip_build_finished=False, packages_select_test_failures=False, packages_skip_test_passed=False, packages_select=None, packages_skip=None, packages_select_regex=None, packages_skip_regex=None, packages_start=None, packages_end=None, allow_overriding=[], cmake_args=None, cmake_target=None, cmake_target_skip_unavailable=False, cmake_clean_cache=False, cmake_clean_first=False, cmake_force_configure=False, ament_cmake_args=None, catkin_cmake_args=None, catkin_skip_building_tests=False, verb_parser=<colcon_defaults.argument_parser.defaults.DefaultArgumentsDecorator object at 0x71dafc127100>, verb_extension=<colcon_core.verb.build.BuildVerb object at 0x71dafc126c20>, main=<bound method BuildVerb.main of <colcon_core.verb.build.BuildVerb object at 0x71dafc126c20>>)
[0.812s] Level 1:colcon.colcon_core.package_discovery:discover_packages(colcon_meta) check parameters
[0.812s] Level 1:colcon.colcon_core.package_discovery:discover_packages(recursive) check parameters
[0.812s] Level 1:colcon.colcon_core.package_discovery:discover_packages(ignore) check parameters
[0.812s] Level 1:colcon.colcon_core.package_discovery:discover_packages(path) check parameters
[0.812s] Level 1:colcon.colcon_core.package_discovery:discover_packages(colcon_meta) discover
[0.812s] Level 1:colcon.colcon_core.package_discovery:discover_packages(recursive) discover
[0.812s] INFO:colcon.colcon_core.package_discovery:Crawling recursively for packages in '/home/zjq/learnROS2/Febpractice_zjq_ws'
[0.812s] Level 1:colcon.colcon_core.package_identification:_identify(.) by extensions ['ignore', 'ignore_ament_install']
[0.814s] Level 1:colcon.colcon_core.package_identification:_identify(.) by extension 'ignore'
[0.814s] Level 1:colcon.colcon_core.package_identification:_identify(.) by extension 'ignore_ament_install'
[0.814s] Level 1:colcon.colcon_core.package_identification:_identify(.) by extensions ['colcon_pkg']
[0.814s] Level 1:colcon.colcon_core.package_identification:_identify(.) by extension 'colcon_pkg'
[0.815s] Level 1:colcon.colcon_core.package_identification:_identify(.) by extensions ['colcon_meta']
[0.815s] Level 1:colcon.colcon_core.package_identification:_identify(.) by extension 'colcon_meta'
[0.815s] Level 1:colcon.colcon_core.package_identification:_identify(.) by extensions ['ros']
[0.815s] Level 1:colcon.colcon_core.package_identification:_identify(.) by extension 'ros'
[0.839s] Level 1:colcon.colcon_core.package_identification:_identify(.) by extensions ['cmake', 'python']
[0.839s] Level 1:colcon.colcon_core.package_identification:_identify(.) by extension 'cmake'
[0.839s] Level 1:colcon.colcon_core.package_identification:_identify(.) by extension 'python'
[0.839s] Level 1:colcon.colcon_core.package_identification:_identify(.) by extensions ['python_setup_py']
[0.839s] Level 1:colcon.colcon_core.package_identification:_identify(.) by extension 'python_setup_py'
[0.839s] Level 1:colcon.colcon_core.package_identification:_identify(build) by extensions ['ignore', 'ignore_ament_install']
[0.840s] Level 1:colcon.colcon_core.package_identification:_identify(build) by extension 'ignore'
[0.840s] Level 1:colcon.colcon_core.package_identification:_identify(build) ignored
[0.840s] Level 1:colcon.colcon_core.package_identification:_identify(install) by extensions ['ignore', 'ignore_ament_install']
[0.840s] Level 1:colcon.colcon_core.package_identification:_identify(install) by extension 'ignore'
[0.840s] Level 1:colcon.colcon_core.package_identification:_identify(install) ignored
[0.840s] Level 1:colcon.colcon_core.package_identification:_identify(log) by extensions ['ignore', 'ignore_ament_install']
[0.840s] Level 1:colcon.colcon_core.package_identification:_identify(log) by extension 'ignore'
[0.840s] Level 1:colcon.colcon_core.package_identification:_identify(log) ignored
[0.841s] Level 1:colcon.colcon_core.package_identification:_identify(src) by extensions ['ignore', 'ignore_ament_install']
[0.841s] Level 1:colcon.colcon_core.package_identification:_identify(src) by extension 'ignore'
[0.841s] Level 1:colcon.colcon_core.package_identification:_identify(src) by extension 'ignore_ament_install'
[0.841s] Level 1:colcon.colcon_core.package_identification:_identify(src) by extensions ['colcon_pkg']
[0.841s] Level 1:colcon.colcon_core.package_identification:_identify(src) by extension 'colcon_pkg'
[0.841s] Level 1:colcon.colcon_core.package_identification:_identify(src) by extensions ['colcon_meta']
[0.841s] Level 1:colcon.colcon_core.package_identification:_identify(src) by extension 'colcon_meta'
[0.841s] Level 1:colcon.colcon_core.package_identification:_identify(src) by extensions ['ros']
[0.841s] Level 1:colcon.colcon_core.package_identification:_identify(src) by extension 'ros'
[0.841s] Level 1:colcon.colcon_core.package_identification:_identify(src) by extensions ['cmake', 'python']
[0.841s] Level 1:colcon.colcon_core.package_identification:_identify(src) by extension 'cmake'
[0.841s] Level 1:colcon.colcon_core.package_identification:_identify(src) by extension 'python'
[0.841s] Level 1:colcon.colcon_core.package_identification:_identify(src) by extensions ['python_setup_py']
[0.841s] Level 1:colcon.colcon_core.package_identification:_identify(src) by extension 'python_setup_py'
[0.841s] Level 1:colcon.colcon_core.package_identification:_identify(src/status_interfaces) by extensions ['ignore', 'ignore_ament_install']
[0.841s] Level 1:colcon.colcon_core.package_identification:_identify(src/status_interfaces) by extension 'ignore'
[0.841s] Level 1:colcon.colcon_core.package_identification:_identify(src/status_interfaces) by extension 'ignore_ament_install'
[0.841s] Level 1:colcon.colcon_core.package_identification:_identify(src/status_interfaces) by extensions ['colcon_pkg']
[0.841s] Level 1:colcon.colcon_core.package_identification:_identify(src/status_interfaces) by extension 'colcon_pkg'
[0.841s] Level 1:colcon.colcon_core.package_identification:_identify(src/status_interfaces) by extensions ['colcon_meta']
[0.841s] Level 1:colcon.colcon_core.package_identification:_identify(src/status_interfaces) by extension 'colcon_meta'
[0.841s] Level 1:colcon.colcon_core.package_identification:_identify(src/status_interfaces) by extensions ['ros']
[0.841s] Level 1:colcon.colcon_core.package_identification:_identify(src/status_interfaces) by extension 'ros'
[0.849s] DEBUG:colcon.colcon_core.package_identification:Package 'src/status_interfaces' with type 'ros.ament_cmake' and name 'status_interfaces'
[0.849s] Level 1:colcon.colcon_core.package_discovery:discover_packages(recursive) using defaults
[0.849s] Level 1:colcon.colcon_core.package_discovery:discover_packages(ignore) discover
[0.849s] Level 1:colcon.colcon_core.package_discovery:discover_packages(ignore) using defaults
[0.849s] Level 1:colcon.colcon_core.package_discovery:discover_packages(path) discover
[0.849s] Level 1:colcon.colcon_core.package_discovery:discover_packages(path) using defaults
[0.920s] Level 1:colcon.colcon_core.package_discovery:discover_packages(prefix_path) check parameters
[0.920s] Level 1:colcon.colcon_core.package_discovery:discover_packages(prefix_path) discover
[0.929s] DEBUG:colcon.colcon_installed_package_information.package_discovery:Found 273 installed packages in /opt/ros/humble
[0.931s] Level 1:colcon.colcon_core.package_discovery:discover_packages(prefix_path) using defaults
[1.003s] Level 5:colcon.colcon_core.verb:set package 'status_interfaces' build argument 'cmake_args' from command line to 'None'
[1.003s] Level 5:colcon.colcon_core.verb:set package 'status_interfaces' build argument 'cmake_target' from command line to 'None'
[1.003s] Level 5:colcon.colcon_core.verb:set package 'status_interfaces' build argument 'cmake_target_skip_unavailable' from command line to 'False'
[1.003s] Level 5:colcon.colcon_core.verb:set package 'status_interfaces' build argument 'cmake_clean_cache' from command line to 'False'
[1.003s] Level 5:colcon.colcon_core.verb:set package 'status_interfaces' build argument 'cmake_clean_first' from command line to 'False'
[1.003s] Level 5:colcon.colcon_core.verb:set package 'status_interfaces' build argument 'cmake_force_configure' from command line to 'False'
[1.003s] Level 5:colcon.colcon_core.verb:set package 'status_interfaces' build argument 'ament_cmake_args' from command line to 'None'
[1.003s] Level 5:colcon.colcon_core.verb:set package 'status_interfaces' build argument 'catkin_cmake_args' from command line to 'None'
[1.003s] Level 5:colcon.colcon_core.verb:set package 'status_interfaces' build argument 'catkin_skip_building_tests' from command line to 'False'
[1.003s] DEBUG:colcon.colcon_core.verb:Building package 'status_interfaces' with the following arguments: {'ament_cmake_args': None, 'build_base': '/home/zjq/learnROS2/Febpractice_zjq_ws/build/status_interfaces', 'catkin_cmake_args': None, 'catkin_skip_building_tests': False, 'cmake_args': None, 'cmake_clean_cache': False, 'cmake_clean_first': False, 'cmake_force_configure': False, 'cmake_target': None, 'cmake_target_skip_unavailable': False, 'install_base': '/home/zjq/learnROS2/Febpractice_zjq_ws/install/status_interfaces', 'merge_install': False, 'path': '/home/zjq/learnROS2/Febpractice_zjq_ws/src/status_interfaces', 'symlink_install': False, 'test_result_base': None}
[1.003s] INFO:colcon.colcon_core.executor:Executing jobs using 'parallel' executor
[1.005s] DEBUG:colcon.colcon_parallel_executor.executor.parallel:run_until_complete
[1.006s] INFO:colcon.colcon_ros.task.ament_cmake.build:Building ROS package in '/home/zjq/learnROS2/Febpractice_zjq_ws/src/status_interfaces' with build type 'ament_cmake'
[1.006s] INFO:colcon.colcon_cmake.task.cmake.build:Building CMake package in '/home/zjq/learnROS2/Febpractice_zjq_ws/src/status_interfaces'
[1.023s] INFO:colcon.colcon_core.plugin_system:Skipping extension 'colcon_core.shell.bat': Not used on non-Windows systems
[1.023s] INFO:colcon.colcon_core.shell:Skip shell extension 'powershell' for command environment: Not usable outside of PowerShell
[1.023s] DEBUG:colcon.colcon_core.shell:Skip shell extension 'dsv' for command environment
[1.043s] DEBUG:colcon.colcon_core.event_handler.log_command:Invoking command in '/home/zjq/learnROS2/Febpractice_zjq_ws/build/status_interfaces': CMAKE_PREFIX_PATH=/opt/ros/humble /usr/bin/cmake /home/zjq/learnROS2/Febpractice_zjq_ws/src/status_interfaces -DCMAKE_INSTALL_PREFIX=/home/zjq/learnROS2/Febpractice_zjq_ws/install/status_interfaces
[4.272s] DEBUG:colcon.colcon_core.event_handler.log_command:Invoked command in '/home/zjq/learnROS2/Febpractice_zjq_ws/build/status_interfaces' returned '0': CMAKE_PREFIX_PATH=/opt/ros/humble /usr/bin/cmake /home/zjq/learnROS2/Febpractice_zjq_ws/src/status_interfaces -DCMAKE_INSTALL_PREFIX=/home/zjq/learnROS2/Febpractice_zjq_ws/install/status_interfaces
[4.279s] DEBUG:colcon.colcon_core.event_handler.log_command:Invoking command in '/home/zjq/learnROS2/Febpractice_zjq_ws/build/status_interfaces': CMAKE_PREFIX_PATH=/opt/ros/humble /usr/bin/cmake --build /home/zjq/learnROS2/Febpractice_zjq_ws/build/status_interfaces -- -j4 -l4
[8.225s] DEBUG:colcon.colcon_core.event_handler.log_command:Invoked command in '/home/zjq/learnROS2/Febpractice_zjq_ws/build/status_interfaces' returned '0': CMAKE_PREFIX_PATH=/opt/ros/humble /usr/bin/cmake --build /home/zjq/learnROS2/Febpractice_zjq_ws/build/status_interfaces -- -j4 -l4
[8.245s] DEBUG:colcon.colcon_core.event_handler.log_command:Invoking command in '/home/zjq/learnROS2/Febpractice_zjq_ws/build/status_interfaces': CMAKE_PREFIX_PATH=/opt/ros/humble /usr/bin/cmake --install /home/zjq/learnROS2/Febpractice_zjq_ws/build/status_interfaces
[8.351s] Level 1:colcon.colcon_core.environment:create_environment_scripts_only(status_interfaces)
[8.352s] DEBUG:colcon.colcon_core.event_handler.log_command:Invoked command in '/home/zjq/learnROS2/Febpractice_zjq_ws/build/status_interfaces' returned '0': CMAKE_PREFIX_PATH=/opt/ros/humble /usr/bin/cmake --install /home/zjq/learnROS2/Febpractice_zjq_ws/build/status_interfaces
[8.368s] Level 1:colcon.colcon_core.environment:checking '/home/zjq/learnROS2/Febpractice_zjq_ws/install/status_interfaces' for CMake module files
[8.369s] Level 1:colcon.colcon_core.environment:checking '/home/zjq/learnROS2/Febpractice_zjq_ws/install/status_interfaces' for CMake config files
[8.370s] Level 1:colcon.colcon_core.shell:create_environment_hook('status_interfaces', 'cmake_prefix_path')
[8.370s] INFO:colcon.colcon_core.shell:Creating environment hook '/home/zjq/learnROS2/Febpractice_zjq_ws/install/status_interfaces/share/status_interfaces/hook/cmake_prefix_path.ps1'
[8.372s] INFO:colcon.colcon_core.shell:Creating environment descriptor '/home/zjq/learnROS2/Febpractice_zjq_ws/install/status_interfaces/share/status_interfaces/hook/cmake_prefix_path.dsv'
[8.373s] INFO:colcon.colcon_core.shell:Creating environment hook '/home/zjq/learnROS2/Febpractice_zjq_ws/install/status_interfaces/share/status_interfaces/hook/cmake_prefix_path.sh'
[8.375s] Level 1:colcon.colcon_core.environment:checking '/home/zjq/learnROS2/Febpractice_zjq_ws/install/status_interfaces/lib'
[8.375s] Level 1:colcon.colcon_core.shell:create_environment_hook('status_interfaces', 'ld_library_path_lib')
[8.375s] INFO:colcon.colcon_core.shell:Creating environment hook '/home/zjq/learnROS2/Febpractice_zjq_ws/install/status_interfaces/share/status_interfaces/hook/ld_library_path_lib.ps1'
[8.376s] INFO:colcon.colcon_core.shell:Creating environment descriptor '/home/zjq/learnROS2/Febpractice_zjq_ws/install/status_interfaces/share/status_interfaces/hook/ld_library_path_lib.dsv'
[8.376s] INFO:colcon.colcon_core.shell:Creating environment hook '/home/zjq/learnROS2/Febpractice_zjq_ws/install/status_interfaces/share/status_interfaces/hook/ld_library_path_lib.sh'
[8.377s] Level 1:colcon.colcon_core.environment:checking '/home/zjq/learnROS2/Febpractice_zjq_ws/install/status_interfaces/bin'
[8.377s] Level 1:colcon.colcon_core.environment:checking '/home/zjq/learnROS2/Febpractice_zjq_ws/install/status_interfaces/lib/pkgconfig/status_interfaces.pc'
[8.377s] Level 1:colcon.colcon_core.environment:checking '/home/zjq/learnROS2/Febpractice_zjq_ws/install/status_interfaces/lib/python3.10/site-packages'
[8.378s] Level 1:colcon.colcon_core.environment:checking '/home/zjq/learnROS2/Febpractice_zjq_ws/install/status_interfaces/bin'
[8.379s] INFO:colcon.colcon_core.shell:Creating package script '/home/zjq/learnROS2/Febpractice_zjq_ws/install/status_interfaces/share/status_interfaces/package.ps1'
[8.381s] INFO:colcon.colcon_core.shell:Creating package descriptor '/home/zjq/learnROS2/Febpractice_zjq_ws/install/status_interfaces/share/status_interfaces/package.dsv'
[8.383s] INFO:colcon.colcon_core.shell:Creating package script '/home/zjq/learnROS2/Febpractice_zjq_ws/install/status_interfaces/share/status_interfaces/package.sh'
[8.385s] INFO:colcon.colcon_core.shell:Creating package script '/home/zjq/learnROS2/Febpractice_zjq_ws/install/status_interfaces/share/status_interfaces/package.bash'
[8.386s] INFO:colcon.colcon_core.shell:Creating package script '/home/zjq/learnROS2/Febpractice_zjq_ws/install/status_interfaces/share/status_interfaces/package.zsh'
[8.389s] Level 1:colcon.colcon_core.environment:create_file_with_runtime_dependencies(/home/zjq/learnROS2/Febpractice_zjq_ws/install/status_interfaces/share/colcon-core/packages/status_interfaces)
[8.390s] Level 1:colcon.colcon_core.environment:create_environment_scripts_only(status_interfaces)
[8.390s] Level 1:colcon.colcon_core.environment:checking '/home/zjq/learnROS2/Febpractice_zjq_ws/install/status_interfaces' for CMake module files
[8.391s] Level 1:colcon.colcon_core.environment:checking '/home/zjq/learnROS2/Febpractice_zjq_ws/install/status_interfaces' for CMake config files
[8.391s] Level 1:colcon.colcon_core.shell:create_environment_hook('status_interfaces', 'cmake_prefix_path')
[8.391s] INFO:colcon.colcon_core.shell:Creating environment hook '/home/zjq/learnROS2/Febpractice_zjq_ws/install/status_interfaces/share/status_interfaces/hook/cmake_prefix_path.ps1'
[8.392s] INFO:colcon.colcon_core.shell:Creating environment descriptor '/home/zjq/learnROS2/Febpractice_zjq_ws/install/status_interfaces/share/status_interfaces/hook/cmake_prefix_path.dsv'
[8.393s] INFO:colcon.colcon_core.shell:Creating environment hook '/home/zjq/learnROS2/Febpractice_zjq_ws/install/status_interfaces/share/status_interfaces/hook/cmake_prefix_path.sh'
[8.394s] Level 1:colcon.colcon_core.environment:checking '/home/zjq/learnROS2/Febpractice_zjq_ws/install/status_interfaces/lib'
[8.394s] Level 1:colcon.colcon_core.shell:create_environment_hook('status_interfaces', 'ld_library_path_lib')
[8.395s] INFO:colcon.colcon_core.shell:Creating environment hook '/home/zjq/learnROS2/Febpractice_zjq_ws/install/status_interfaces/share/status_interfaces/hook/ld_library_path_lib.ps1'
[8.395s] INFO:colcon.colcon_core.shell:Creating environment descriptor '/home/zjq/learnROS2/Febpractice_zjq_ws/install/status_interfaces/share/status_interfaces/hook/ld_library_path_lib.dsv'
[8.396s] INFO:colcon.colcon_core.shell:Creating environment hook '/home/zjq/learnROS2/Febpractice_zjq_ws/install/status_interfaces/share/status_interfaces/hook/ld_library_path_lib.sh'
[8.397s] Level 1:colcon.colcon_core.environment:checking '/home/zjq/learnROS2/Febpractice_zjq_ws/install/status_interfaces/bin'
[8.397s] Level 1:colcon.colcon_core.environment:checking '/home/zjq/learnROS2/Febpractice_zjq_ws/install/status_interfaces/lib/pkgconfig/status_interfaces.pc'
[8.397s] Level 1:colcon.colcon_core.environment:checking '/home/zjq/learnROS2/Febpractice_zjq_ws/install/status_interfaces/lib/python3.10/site-packages'
[8.398s] Level 1:colcon.colcon_core.environment:checking '/home/zjq/learnROS2/Febpractice_zjq_ws/install/status_interfaces/bin'
[8.398s] INFO:colcon.colcon_core.shell:Creating package script '/home/zjq/learnROS2/Febpractice_zjq_ws/install/status_interfaces/share/status_interfaces/package.ps1'
[8.399s] INFO:colcon.colcon_core.shell:Creating package descriptor '/home/zjq/learnROS2/Febpractice_zjq_ws/install/status_interfaces/share/status_interfaces/package.dsv'
[8.400s] INFO:colcon.colcon_core.shell:Creating package script '/home/zjq/learnROS2/Febpractice_zjq_ws/install/status_interfaces/share/status_interfaces/package.sh'
[8.401s] INFO:colcon.colcon_core.shell:Creating package script '/home/zjq/learnROS2/Febpractice_zjq_ws/install/status_interfaces/share/status_interfaces/package.bash'
[8.402s] INFO:colcon.colcon_core.shell:Creating package script '/home/zjq/learnROS2/Febpractice_zjq_ws/install/status_interfaces/share/status_interfaces/package.zsh'
[8.403s] Level 1:colcon.colcon_core.environment:create_file_with_runtime_dependencies(/home/zjq/learnROS2/Febpractice_zjq_ws/install/status_interfaces/share/colcon-core/packages/status_interfaces)
[8.403s] DEBUG:colcon.colcon_parallel_executor.executor.parallel:closing loop
[8.404s] DEBUG:colcon.colcon_parallel_executor.executor.parallel:loop closed
[8.404s] DEBUG:colcon.colcon_parallel_executor.executor.parallel:run_until_complete finished with '0'
[8.404s] DEBUG:colcon.colcon_core.event_reactor:joining thread
[8.435s] INFO:colcon.colcon_core.plugin_system:Skipping extension 'colcon_notification.desktop_notification.terminal_notifier': Not used on non-Darwin systems
[8.435s] INFO:colcon.colcon_core.plugin_system:Skipping extension 'colcon_notification.desktop_notification.win32': Not used on non-Windows systems
[8.435s] INFO:colcon.colcon_notification.desktop_notification:Sending desktop notification using 'notify2'
[8.548s] DEBUG:colcon.colcon_core.event_reactor:joined thread
[8.549s] INFO:colcon.colcon_core.shell:Creating prefix script '/home/zjq/learnROS2/Febpractice_zjq_ws/install/local_setup.ps1'
[8.552s] INFO:colcon.colcon_core.shell:Creating prefix util module '/home/zjq/learnROS2/Febpractice_zjq_ws/install/_local_setup_util_ps1.py'
[8.557s] INFO:colcon.colcon_core.shell:Creating prefix chain script '/home/zjq/learnROS2/Febpractice_zjq_ws/install/setup.ps1'
[8.559s] INFO:colcon.colcon_core.shell:Creating prefix script '/home/zjq/learnROS2/Febpractice_zjq_ws/install/local_setup.sh'
[8.562s] INFO:colcon.colcon_core.shell:Creating prefix util module '/home/zjq/learnROS2/Febpractice_zjq_ws/install/_local_setup_util_sh.py'
[8.564s] INFO:colcon.colcon_core.shell:Creating prefix chain script '/home/zjq/learnROS2/Febpractice_zjq_ws/install/setup.sh'
[8.567s] INFO:colcon.colcon_core.shell:Creating prefix script '/home/zjq/learnROS2/Febpractice_zjq_ws/install/local_setup.bash'
[8.569s] INFO:colcon.colcon_core.shell:Creating prefix chain script '/home/zjq/learnROS2/Febpractice_zjq_ws/install/setup.bash'
[8.572s] INFO:colcon.colcon_core.shell:Creating prefix script '/home/zjq/learnROS2/Febpractice_zjq_ws/install/local_setup.zsh'
[8.578s] INFO:colcon.colcon_core.shell:Creating prefix chain script '/home/zjq/learnROS2/Febpractice_zjq_ws/install/setup.zsh'
