[0.521s] Invoking command in '/home/zjq/learnROS2/Febpractice_zjq_ws/src/status_topics': CONDA_PROMPT_MODIFIER=(base) PYTHONPATH=/home/zjq/learnROS2/Febpractice_zjq_ws/build/status_topics/prefix_override:/usr/lib/python3/dist-packages/colcon_core/task/python/colcon_distutils_commands:/home/zjq/learnROS2/Febpractice_zjq_ws/install/status_topics/lib/python3.10/site-packages:${PYTHONPATH} /usr/bin/python3 -W ignore:setup.py install is deprecated -W ignore:easy_install command is deprecated setup.py egg_info --egg-base ../../build/status_topics build --build-base /home/zjq/learnROS2/Febpractice_zjq_ws/build/status_topics/build install --record /home/zjq/learnROS2/Febpractice_zjq_ws/build/status_topics/install.log --single-version-externally-managed install_data
[0.694s] running egg_info
[0.696s] writing ../../build/status_topics/status_topics.egg-info/PKG-INFO
[0.697s] writing dependency_links to ../../build/status_topics/status_topics.egg-info/dependency_links.txt
[0.697s] writing entry points to ../../build/status_topics/status_topics.egg-info/entry_points.txt
[0.697s] writing requirements to ../../build/status_topics/status_topics.egg-info/requires.txt
[0.697s] writing top-level names to ../../build/status_topics/status_topics.egg-info/top_level.txt
[0.698s] reading manifest file '../../build/status_topics/status_topics.egg-info/SOURCES.txt'
[0.699s] adding license file 'LICENSE'
[0.700s] writing manifest file '../../build/status_topics/status_topics.egg-info/SOURCES.txt'
[0.700s] running build
[0.700s] running build_py
[0.701s] copying status_topics/sys_status_sub.py -> /home/zjq/learnROS2/Febpractice_zjq_ws/build/status_topics/build/lib/status_topics
[0.702s] running install
[0.702s] running install_lib
[0.702s] copying /home/zjq/learnROS2/Febpractice_zjq_ws/build/status_topics/build/lib/status_topics/sys_status_sub.py -> /home/zjq/learnROS2/Febpractice_zjq_ws/install/status_topics/lib/python3.10/site-packages/status_topics
[0.703s] byte-compiling /home/zjq/learnROS2/Febpractice_zjq_ws/install/status_topics/lib/python3.10/site-packages/status_topics/sys_status_sub.py to sys_status_sub.cpython-310.pyc
[0.703s] running install_data
[0.703s] running install_egg_info
[0.706s] removing '/home/zjq/learnROS2/Febpractice_zjq_ws/install/status_topics/lib/python3.10/site-packages/status_topics-0.0.0-py3.10.egg-info' (and everything under it)
[0.707s] Copying ../../build/status_topics/status_topics.egg-info to /home/zjq/learnROS2/Febpractice_zjq_ws/install/status_topics/lib/python3.10/site-packages/status_topics-0.0.0-py3.10.egg-info
[0.707s] running install_scripts
[0.729s] Installing sys_status_pub script to /home/zjq/learnROS2/Febpractice_zjq_ws/install/status_topics/lib/status_topics
[0.730s] Installing sys_status_sub script to /home/zjq/learnROS2/Febpractice_zjq_ws/install/status_topics/lib/status_topics
[0.730s] Installing sys_status_trans script to /home/zjq/learnROS2/Febpractice_zjq_ws/install/status_topics/lib/status_topics
[0.730s] writing list of installed files to '/home/zjq/learnROS2/Febpractice_zjq_ws/build/status_topics/install.log'
[0.751s] Invoked command in '/home/zjq/learnROS2/Febpractice_zjq_ws/src/status_topics' returned '0': CONDA_PROMPT_MODIFIER=(base) PYTHONPATH=/home/zjq/learnROS2/Febpractice_zjq_ws/build/status_topics/prefix_override:/usr/lib/python3/dist-packages/colcon_core/task/python/colcon_distutils_commands:/home/zjq/learnROS2/Febpractice_zjq_ws/install/status_topics/lib/python3.10/site-packages:${PYTHONPATH} /usr/bin/python3 -W ignore:setup.py install is deprecated -W ignore:easy_install command is deprecated setup.py egg_info --egg-base ../../build/status_topics build --build-base /home/zjq/learnROS2/Febpractice_zjq_ws/build/status_topics/build install --record /home/zjq/learnROS2/Febpractice_zjq_ws/build/status_topics/install.log --single-version-externally-managed install_data
