[0.098s] DEBUG:colcon:Command line arguments: ['/usr/bin/colcon', 'build']
[0.098s] DEBUG:colcon:Parsed command line arguments: Namespace(log_base=None, log_level=None, verb_name='build', build_base='build', install_base='install', merge_install=False, symlink_install=False, test_result_base=None, continue_on_error=False, executor='parallel', parallel_workers=4, event_handlers=None, ignore_user_meta=False, metas=['./colcon.meta'], base_paths=['.'], packages_ignore=None, packages_ignore_regex=None, paths=None, packages_up_to=None, packages_up_to_regex=None, packages_above=None, packages_above_and_dependencies=None, packages_above_depth=None, packages_select_by_dep=None, packages_skip_by_dep=None, packages_skip_up_to=None, packages_select_build_failed=False, packages_skip_build_finished=False, packages_select_test_failures=False, packages_skip_test_passed=False, packages_select=None, packages_skip=None, packages_select_regex=None, packages_skip_regex=None, packages_start=None, packages_end=None, allow_overriding=[], cmake_args=None, cmake_target=None, cmake_target_skip_unavailable=False, cmake_clean_cache=False, cmake_clean_first=False, cmake_force_configure=False, ament_cmake_args=None, catkin_cmake_args=None, catkin_skip_building_tests=False, verb_parser=<colcon_defaults.argument_parser.defaults.DefaultArgumentsDecorator object at 0x77bd562a36a0>, verb_extension=<colcon_core.verb.build.BuildVerb object at 0x77bd562a31c0>, main=<bound method BuildVerb.main of <colcon_core.verb.build.BuildVerb object at 0x77bd562a31c0>>)
[0.222s] Level 1:colcon.colcon_core.package_discovery:discover_packages(colcon_meta) check parameters
[0.222s] Level 1:colcon.colcon_core.package_discovery:discover_packages(recursive) check parameters
[0.222s] Level 1:colcon.colcon_core.package_discovery:discover_packages(ignore) check parameters
[0.222s] Level 1:colcon.colcon_core.package_discovery:discover_packages(path) check parameters
[0.222s] Level 1:colcon.colcon_core.package_discovery:discover_packages(colcon_meta) discover
[0.222s] Level 1:colcon.colcon_core.package_discovery:discover_packages(recursive) discover
[0.222s] INFO:colcon.colcon_core.package_discovery:Crawling recursively for packages in '/home/zjq/learnROS2/Febpractice_zjq_ws'
[0.222s] Level 1:colcon.colcon_core.package_identification:_identify(.) by extensions ['ignore', 'ignore_ament_install']
[0.222s] Level 1:colcon.colcon_core.package_identification:_identify(.) by extension 'ignore'
[0.222s] Level 1:colcon.colcon_core.package_identification:_identify(.) by extension 'ignore_ament_install'
[0.222s] Level 1:colcon.colcon_core.package_identification:_identify(.) by extensions ['colcon_pkg']
[0.222s] Level 1:colcon.colcon_core.package_identification:_identify(.) by extension 'colcon_pkg'
[0.222s] Level 1:colcon.colcon_core.package_identification:_identify(.) by extensions ['colcon_meta']
[0.222s] Level 1:colcon.colcon_core.package_identification:_identify(.) by extension 'colcon_meta'
[0.222s] Level 1:colcon.colcon_core.package_identification:_identify(.) by extensions ['ros']
[0.222s] Level 1:colcon.colcon_core.package_identification:_identify(.) by extension 'ros'
[0.232s] Level 1:colcon.colcon_core.package_identification:_identify(.) by extensions ['cmake', 'python']
[0.232s] Level 1:colcon.colcon_core.package_identification:_identify(.) by extension 'cmake'
[0.232s] Level 1:colcon.colcon_core.package_identification:_identify(.) by extension 'python'
[0.232s] Level 1:colcon.colcon_core.package_identification:_identify(.) by extensions ['python_setup_py']
[0.232s] Level 1:colcon.colcon_core.package_identification:_identify(.) by extension 'python_setup_py'
[0.233s] Level 1:colcon.colcon_core.package_identification:_identify(build) by extensions ['ignore', 'ignore_ament_install']
[0.233s] Level 1:colcon.colcon_core.package_identification:_identify(build) by extension 'ignore'
[0.233s] Level 1:colcon.colcon_core.package_identification:_identify(build) ignored
[0.233s] Level 1:colcon.colcon_core.package_identification:_identify(install) by extensions ['ignore', 'ignore_ament_install']
[0.233s] Level 1:colcon.colcon_core.package_identification:_identify(install) by extension 'ignore'
[0.233s] Level 1:colcon.colcon_core.package_identification:_identify(install) ignored
[0.233s] Level 1:colcon.colcon_core.package_identification:_identify(log) by extensions ['ignore', 'ignore_ament_install']
[0.233s] Level 1:colcon.colcon_core.package_identification:_identify(log) by extension 'ignore'
[0.233s] Level 1:colcon.colcon_core.package_identification:_identify(log) ignored
[0.233s] Level 1:colcon.colcon_core.package_identification:_identify(src) by extensions ['ignore', 'ignore_ament_install']
[0.233s] Level 1:colcon.colcon_core.package_identification:_identify(src) by extension 'ignore'
[0.233s] Level 1:colcon.colcon_core.package_identification:_identify(src) by extension 'ignore_ament_install'
[0.233s] Level 1:colcon.colcon_core.package_identification:_identify(src) by extensions ['colcon_pkg']
[0.233s] Level 1:colcon.colcon_core.package_identification:_identify(src) by extension 'colcon_pkg'
[0.233s] Level 1:colcon.colcon_core.package_identification:_identify(src) by extensions ['colcon_meta']
[0.233s] Level 1:colcon.colcon_core.package_identification:_identify(src) by extension 'colcon_meta'
[0.233s] Level 1:colcon.colcon_core.package_identification:_identify(src) by extensions ['ros']
[0.233s] Level 1:colcon.colcon_core.package_identification:_identify(src) by extension 'ros'
[0.233s] Level 1:colcon.colcon_core.package_identification:_identify(src) by extensions ['cmake', 'python']
[0.233s] Level 1:colcon.colcon_core.package_identification:_identify(src) by extension 'cmake'
[0.233s] Level 1:colcon.colcon_core.package_identification:_identify(src) by extension 'python'
[0.233s] Level 1:colcon.colcon_core.package_identification:_identify(src) by extensions ['python_setup_py']
[0.234s] Level 1:colcon.colcon_core.package_identification:_identify(src) by extension 'python_setup_py'
[0.234s] Level 1:colcon.colcon_core.package_identification:_identify(src/status_interfaces) by extensions ['ignore', 'ignore_ament_install']
[0.234s] Level 1:colcon.colcon_core.package_identification:_identify(src/status_interfaces) by extension 'ignore'
[0.234s] Level 1:colcon.colcon_core.package_identification:_identify(src/status_interfaces) by extension 'ignore_ament_install'
[0.234s] Level 1:colcon.colcon_core.package_identification:_identify(src/status_interfaces) by extensions ['colcon_pkg']
[0.234s] Level 1:colcon.colcon_core.package_identification:_identify(src/status_interfaces) by extension 'colcon_pkg'
[0.234s] Level 1:colcon.colcon_core.package_identification:_identify(src/status_interfaces) by extensions ['colcon_meta']
[0.234s] Level 1:colcon.colcon_core.package_identification:_identify(src/status_interfaces) by extension 'colcon_meta'
[0.234s] Level 1:colcon.colcon_core.package_identification:_identify(src/status_interfaces) by extensions ['ros']
[0.234s] Level 1:colcon.colcon_core.package_identification:_identify(src/status_interfaces) by extension 'ros'
[0.236s] DEBUG:colcon.colcon_core.package_identification:Package 'src/status_interfaces' with type 'ros.ament_cmake' and name 'status_interfaces'
[0.236s] Level 1:colcon.colcon_core.package_identification:_identify(src/status_topics) by extensions ['ignore', 'ignore_ament_install']
[0.236s] Level 1:colcon.colcon_core.package_identification:_identify(src/status_topics) by extension 'ignore'
[0.237s] Level 1:colcon.colcon_core.package_identification:_identify(src/status_topics) by extension 'ignore_ament_install'
[0.237s] Level 1:colcon.colcon_core.package_identification:_identify(src/status_topics) by extensions ['colcon_pkg']
[0.237s] Level 1:colcon.colcon_core.package_identification:_identify(src/status_topics) by extension 'colcon_pkg'
[0.237s] Level 1:colcon.colcon_core.package_identification:_identify(src/status_topics) by extensions ['colcon_meta']
[0.237s] Level 1:colcon.colcon_core.package_identification:_identify(src/status_topics) by extension 'colcon_meta'
[0.237s] Level 1:colcon.colcon_core.package_identification:_identify(src/status_topics) by extensions ['ros']
[0.237s] Level 1:colcon.colcon_core.package_identification:_identify(src/status_topics) by extension 'ros'
[0.237s] DEBUG:colcon.colcon_core.package_identification:Package 'src/status_topics' with type 'ros.ament_python' and name 'status_topics'
[0.237s] Level 1:colcon.colcon_core.package_discovery:discover_packages(recursive) using defaults
[0.237s] Level 1:colcon.colcon_core.package_discovery:discover_packages(ignore) discover
[0.237s] Level 1:colcon.colcon_core.package_discovery:discover_packages(ignore) using defaults
[0.237s] Level 1:colcon.colcon_core.package_discovery:discover_packages(path) discover
[0.237s] Level 1:colcon.colcon_core.package_discovery:discover_packages(path) using defaults
[0.255s] Level 1:colcon.colcon_core.package_discovery:discover_packages(prefix_path) check parameters
[0.255s] Level 1:colcon.colcon_core.package_discovery:discover_packages(prefix_path) discover
[0.256s] DEBUG:colcon.colcon_installed_package_information.package_discovery:Found 2 installed packages in /home/zjq/learnROS2/Febpractice_zjq_ws/install
[0.257s] DEBUG:colcon.colcon_installed_package_information.package_discovery:Found 273 installed packages in /opt/ros/humble
[0.259s] Level 1:colcon.colcon_core.package_discovery:discover_packages(prefix_path) using defaults
[0.296s] Level 5:colcon.colcon_core.verb:set package 'status_interfaces' build argument 'cmake_args' from command line to 'None'
[0.296s] Level 5:colcon.colcon_core.verb:set package 'status_interfaces' build argument 'cmake_target' from command line to 'None'
[0.296s] Level 5:colcon.colcon_core.verb:set package 'status_interfaces' build argument 'cmake_target_skip_unavailable' from command line to 'False'
[0.296s] Level 5:colcon.colcon_core.verb:set package 'status_interfaces' build argument 'cmake_clean_cache' from command line to 'False'
[0.296s] Level 5:colcon.colcon_core.verb:set package 'status_interfaces' build argument 'cmake_clean_first' from command line to 'False'
[0.296s] Level 5:colcon.colcon_core.verb:set package 'status_interfaces' build argument 'cmake_force_configure' from command line to 'False'
[0.296s] Level 5:colcon.colcon_core.verb:set package 'status_interfaces' build argument 'ament_cmake_args' from command line to 'None'
[0.296s] Level 5:colcon.colcon_core.verb:set package 'status_interfaces' build argument 'catkin_cmake_args' from command line to 'None'
[0.297s] Level 5:colcon.colcon_core.verb:set package 'status_interfaces' build argument 'catkin_skip_building_tests' from command line to 'False'
[0.297s] DEBUG:colcon.colcon_core.verb:Building package 'status_interfaces' with the following arguments: {'ament_cmake_args': None, 'build_base': '/home/zjq/learnROS2/Febpractice_zjq_ws/build/status_interfaces', 'catkin_cmake_args': None, 'catkin_skip_building_tests': False, 'cmake_args': None, 'cmake_clean_cache': False, 'cmake_clean_first': False, 'cmake_force_configure': False, 'cmake_target': None, 'cmake_target_skip_unavailable': False, 'install_base': '/home/zjq/learnROS2/Febpractice_zjq_ws/install/status_interfaces', 'merge_install': False, 'path': '/home/zjq/learnROS2/Febpractice_zjq_ws/src/status_interfaces', 'symlink_install': False, 'test_result_base': None}
[0.297s] Level 5:colcon.colcon_core.verb:set package 'status_topics' build argument 'cmake_args' from command line to 'None'
[0.297s] Level 5:colcon.colcon_core.verb:set package 'status_topics' build argument 'cmake_target' from command line to 'None'
[0.297s] Level 5:colcon.colcon_core.verb:set package 'status_topics' build argument 'cmake_target_skip_unavailable' from command line to 'False'
[0.297s] Level 5:colcon.colcon_core.verb:set package 'status_topics' build argument 'cmake_clean_cache' from command line to 'False'
[0.297s] Level 5:colcon.colcon_core.verb:set package 'status_topics' build argument 'cmake_clean_first' from command line to 'False'
[0.297s] Level 5:colcon.colcon_core.verb:set package 'status_topics' build argument 'cmake_force_configure' from command line to 'False'
[0.297s] Level 5:colcon.colcon_core.verb:set package 'status_topics' build argument 'ament_cmake_args' from command line to 'None'
[0.297s] Level 5:colcon.colcon_core.verb:set package 'status_topics' build argument 'catkin_cmake_args' from command line to 'None'
[0.297s] Level 5:colcon.colcon_core.verb:set package 'status_topics' build argument 'catkin_skip_building_tests' from command line to 'False'
[0.297s] DEBUG:colcon.colcon_core.verb:Building package 'status_topics' with the following arguments: {'ament_cmake_args': None, 'build_base': '/home/zjq/learnROS2/Febpractice_zjq_ws/build/status_topics', 'catkin_cmake_args': None, 'catkin_skip_building_tests': False, 'cmake_args': None, 'cmake_clean_cache': False, 'cmake_clean_first': False, 'cmake_force_configure': False, 'cmake_target': None, 'cmake_target_skip_unavailable': False, 'install_base': '/home/zjq/learnROS2/Febpractice_zjq_ws/install/status_topics', 'merge_install': False, 'path': '/home/zjq/learnROS2/Febpractice_zjq_ws/src/status_topics', 'symlink_install': False, 'test_result_base': None}
[0.297s] INFO:colcon.colcon_core.executor:Executing jobs using 'parallel' executor
[0.299s] DEBUG:colcon.colcon_parallel_executor.executor.parallel:run_until_complete
[0.302s] INFO:colcon.colcon_ros.task.ament_cmake.build:Building ROS package in '/home/zjq/learnROS2/Febpractice_zjq_ws/src/status_interfaces' with build type 'ament_cmake'
[0.302s] INFO:colcon.colcon_cmake.task.cmake.build:Building CMake package in '/home/zjq/learnROS2/Febpractice_zjq_ws/src/status_interfaces'
[0.305s] INFO:colcon.colcon_core.plugin_system:Skipping extension 'colcon_core.shell.bat': Not used on non-Windows systems
[0.305s] INFO:colcon.colcon_core.shell:Skip shell extension 'powershell' for command environment: Not usable outside of PowerShell
[0.305s] DEBUG:colcon.colcon_core.shell:Skip shell extension 'dsv' for command environment
[0.326s] DEBUG:colcon.colcon_core.event_handler.log_command:Invoking command in '/home/zjq/learnROS2/Febpractice_zjq_ws/build/status_interfaces': CMAKE_PREFIX_PATH=${CMAKE_PREFIX_PATH}:/home/zjq/learnROS2/Febpractice_zjq_ws/install/status_topics:/opt/ros/humble CONDA_PROMPT_MODIFIER=(base) /usr/bin/cmake --build /home/zjq/learnROS2/Febpractice_zjq_ws/build/status_interfaces -- -j4 -l4
[0.940s] DEBUG:colcon.colcon_core.event_handler.log_command:Invoked command in '/home/zjq/learnROS2/Febpractice_zjq_ws/build/status_interfaces' returned '0': CMAKE_PREFIX_PATH=${CMAKE_PREFIX_PATH}:/home/zjq/learnROS2/Febpractice_zjq_ws/install/status_topics:/opt/ros/humble CONDA_PROMPT_MODIFIER=(base) /usr/bin/cmake --build /home/zjq/learnROS2/Febpractice_zjq_ws/build/status_interfaces -- -j4 -l4
[0.961s] DEBUG:colcon.colcon_core.event_handler.log_command:Invoking command in '/home/zjq/learnROS2/Febpractice_zjq_ws/build/status_interfaces': CMAKE_PREFIX_PATH=${CMAKE_PREFIX_PATH}:/home/zjq/learnROS2/Febpractice_zjq_ws/install/status_topics:/opt/ros/humble CONDA_PROMPT_MODIFIER=(base) /usr/bin/cmake --install /home/zjq/learnROS2/Febpractice_zjq_ws/build/status_interfaces
[1.037s] Level 1:colcon.colcon_core.environment:create_environment_scripts_only(status_interfaces)
[1.041s] Level 1:colcon.colcon_core.environment:checking '/home/zjq/learnROS2/Febpractice_zjq_ws/install/status_interfaces' for CMake module files
[1.042s] DEBUG:colcon.colcon_core.event_handler.log_command:Invoked command in '/home/zjq/learnROS2/Febpractice_zjq_ws/build/status_interfaces' returned '0': CMAKE_PREFIX_PATH=${CMAKE_PREFIX_PATH}:/home/zjq/learnROS2/Febpractice_zjq_ws/install/status_topics:/opt/ros/humble CONDA_PROMPT_MODIFIER=(base) /usr/bin/cmake --install /home/zjq/learnROS2/Febpractice_zjq_ws/build/status_interfaces
[1.043s] Level 1:colcon.colcon_core.environment:checking '/home/zjq/learnROS2/Febpractice_zjq_ws/install/status_interfaces' for CMake config files
[1.043s] Level 1:colcon.colcon_core.shell:create_environment_hook('status_interfaces', 'cmake_prefix_path')
[1.044s] INFO:colcon.colcon_core.shell:Creating environment hook '/home/zjq/learnROS2/Febpractice_zjq_ws/install/status_interfaces/share/status_interfaces/hook/cmake_prefix_path.ps1'
[1.045s] INFO:colcon.colcon_core.shell:Creating environment descriptor '/home/zjq/learnROS2/Febpractice_zjq_ws/install/status_interfaces/share/status_interfaces/hook/cmake_prefix_path.dsv'
[1.046s] INFO:colcon.colcon_core.shell:Creating environment hook '/home/zjq/learnROS2/Febpractice_zjq_ws/install/status_interfaces/share/status_interfaces/hook/cmake_prefix_path.sh'
[1.048s] Level 1:colcon.colcon_core.environment:checking '/home/zjq/learnROS2/Febpractice_zjq_ws/install/status_interfaces/lib'
[1.048s] Level 1:colcon.colcon_core.shell:create_environment_hook('status_interfaces', 'ld_library_path_lib')
[1.048s] INFO:colcon.colcon_core.shell:Creating environment hook '/home/zjq/learnROS2/Febpractice_zjq_ws/install/status_interfaces/share/status_interfaces/hook/ld_library_path_lib.ps1'
[1.050s] INFO:colcon.colcon_core.shell:Creating environment descriptor '/home/zjq/learnROS2/Febpractice_zjq_ws/install/status_interfaces/share/status_interfaces/hook/ld_library_path_lib.dsv'
[1.051s] INFO:colcon.colcon_core.shell:Creating environment hook '/home/zjq/learnROS2/Febpractice_zjq_ws/install/status_interfaces/share/status_interfaces/hook/ld_library_path_lib.sh'
[1.053s] Level 1:colcon.colcon_core.environment:checking '/home/zjq/learnROS2/Febpractice_zjq_ws/install/status_interfaces/bin'
[1.053s] Level 1:colcon.colcon_core.environment:checking '/home/zjq/learnROS2/Febpractice_zjq_ws/install/status_interfaces/lib/pkgconfig/status_interfaces.pc'
[1.053s] Level 1:colcon.colcon_core.environment:checking '/home/zjq/learnROS2/Febpractice_zjq_ws/install/status_interfaces/lib/python3.10/site-packages'
[1.054s] Level 1:colcon.colcon_core.environment:checking '/home/zjq/learnROS2/Febpractice_zjq_ws/install/status_interfaces/bin'
[1.054s] INFO:colcon.colcon_core.shell:Creating package script '/home/zjq/learnROS2/Febpractice_zjq_ws/install/status_interfaces/share/status_interfaces/package.ps1'
[1.056s] INFO:colcon.colcon_core.shell:Creating package descriptor '/home/zjq/learnROS2/Febpractice_zjq_ws/install/status_interfaces/share/status_interfaces/package.dsv'
[1.058s] INFO:colcon.colcon_core.shell:Creating package script '/home/zjq/learnROS2/Febpractice_zjq_ws/install/status_interfaces/share/status_interfaces/package.sh'
[1.060s] INFO:colcon.colcon_core.shell:Creating package script '/home/zjq/learnROS2/Febpractice_zjq_ws/install/status_interfaces/share/status_interfaces/package.bash'
[1.061s] INFO:colcon.colcon_core.shell:Creating package script '/home/zjq/learnROS2/Febpractice_zjq_ws/install/status_interfaces/share/status_interfaces/package.zsh'
[1.063s] Level 1:colcon.colcon_core.environment:create_file_with_runtime_dependencies(/home/zjq/learnROS2/Febpractice_zjq_ws/install/status_interfaces/share/colcon-core/packages/status_interfaces)
[1.064s] Level 1:colcon.colcon_core.environment:create_environment_scripts_only(status_interfaces)
[1.064s] Level 1:colcon.colcon_core.environment:checking '/home/zjq/learnROS2/Febpractice_zjq_ws/install/status_interfaces' for CMake module files
[1.065s] Level 1:colcon.colcon_core.environment:checking '/home/zjq/learnROS2/Febpractice_zjq_ws/install/status_interfaces' for CMake config files
[1.065s] Level 1:colcon.colcon_core.shell:create_environment_hook('status_interfaces', 'cmake_prefix_path')
[1.067s] INFO:colcon.colcon_core.shell:Creating environment hook '/home/zjq/learnROS2/Febpractice_zjq_ws/install/status_interfaces/share/status_interfaces/hook/cmake_prefix_path.ps1'
[1.068s] INFO:colcon.colcon_core.shell:Creating environment descriptor '/home/zjq/learnROS2/Febpractice_zjq_ws/install/status_interfaces/share/status_interfaces/hook/cmake_prefix_path.dsv'
[1.068s] INFO:colcon.colcon_core.shell:Creating environment hook '/home/zjq/learnROS2/Febpractice_zjq_ws/install/status_interfaces/share/status_interfaces/hook/cmake_prefix_path.sh'
[1.070s] Level 1:colcon.colcon_core.environment:checking '/home/zjq/learnROS2/Febpractice_zjq_ws/install/status_interfaces/lib'
[1.070s] Level 1:colcon.colcon_core.shell:create_environment_hook('status_interfaces', 'ld_library_path_lib')
[1.071s] INFO:colcon.colcon_core.shell:Creating environment hook '/home/zjq/learnROS2/Febpractice_zjq_ws/install/status_interfaces/share/status_interfaces/hook/ld_library_path_lib.ps1'
[1.072s] INFO:colcon.colcon_core.shell:Creating environment descriptor '/home/zjq/learnROS2/Febpractice_zjq_ws/install/status_interfaces/share/status_interfaces/hook/ld_library_path_lib.dsv'
[1.073s] INFO:colcon.colcon_core.shell:Creating environment hook '/home/zjq/learnROS2/Febpractice_zjq_ws/install/status_interfaces/share/status_interfaces/hook/ld_library_path_lib.sh'
[1.075s] Level 1:colcon.colcon_core.environment:checking '/home/zjq/learnROS2/Febpractice_zjq_ws/install/status_interfaces/bin'
[1.075s] Level 1:colcon.colcon_core.environment:checking '/home/zjq/learnROS2/Febpractice_zjq_ws/install/status_interfaces/lib/pkgconfig/status_interfaces.pc'
[1.076s] Level 1:colcon.colcon_core.environment:checking '/home/zjq/learnROS2/Febpractice_zjq_ws/install/status_interfaces/lib/python3.10/site-packages'
[1.076s] Level 1:colcon.colcon_core.environment:checking '/home/zjq/learnROS2/Febpractice_zjq_ws/install/status_interfaces/bin'
[1.077s] INFO:colcon.colcon_core.shell:Creating package script '/home/zjq/learnROS2/Febpractice_zjq_ws/install/status_interfaces/share/status_interfaces/package.ps1'
[1.078s] INFO:colcon.colcon_core.shell:Creating package descriptor '/home/zjq/learnROS2/Febpractice_zjq_ws/install/status_interfaces/share/status_interfaces/package.dsv'
[1.079s] INFO:colcon.colcon_core.shell:Creating package script '/home/zjq/learnROS2/Febpractice_zjq_ws/install/status_interfaces/share/status_interfaces/package.sh'
[1.080s] INFO:colcon.colcon_core.shell:Creating package script '/home/zjq/learnROS2/Febpractice_zjq_ws/install/status_interfaces/share/status_interfaces/package.bash'
[1.081s] INFO:colcon.colcon_core.shell:Creating package script '/home/zjq/learnROS2/Febpractice_zjq_ws/install/status_interfaces/share/status_interfaces/package.zsh'
[1.082s] Level 1:colcon.colcon_core.environment:create_file_with_runtime_dependencies(/home/zjq/learnROS2/Febpractice_zjq_ws/install/status_interfaces/share/colcon-core/packages/status_interfaces)
[1.083s] INFO:colcon.colcon_ros.task.ament_python.build:Building ROS package in '/home/zjq/learnROS2/Febpractice_zjq_ws/src/status_topics' with build type 'ament_python'
[1.084s] Level 1:colcon.colcon_core.shell:create_environment_hook('status_topics', 'ament_prefix_path')
[1.084s] INFO:colcon.colcon_core.shell:Creating environment hook '/home/zjq/learnROS2/Febpractice_zjq_ws/install/status_topics/share/status_topics/hook/ament_prefix_path.ps1'
[1.087s] INFO:colcon.colcon_core.shell:Creating environment descriptor '/home/zjq/learnROS2/Febpractice_zjq_ws/install/status_topics/share/status_topics/hook/ament_prefix_path.dsv'
[1.088s] INFO:colcon.colcon_core.shell:Creating environment hook '/home/zjq/learnROS2/Febpractice_zjq_ws/install/status_topics/share/status_topics/hook/ament_prefix_path.sh'
[1.090s] INFO:colcon.colcon_core.shell:Skip shell extension 'powershell' for command environment: Not usable outside of PowerShell
[1.090s] DEBUG:colcon.colcon_core.shell:Skip shell extension 'dsv' for command environment
[1.415s] INFO:colcon.colcon_core.task.python.build:Building Python package in '/home/zjq/learnROS2/Febpractice_zjq_ws/src/status_topics'
[1.416s] INFO:colcon.colcon_core.shell:Skip shell extension 'powershell' for command environment: Not usable outside of PowerShell
[1.416s] DEBUG:colcon.colcon_core.shell:Skip shell extension 'dsv' for command environment
[1.839s] DEBUG:colcon.colcon_core.event_handler.log_command:Invoking command in '/home/zjq/learnROS2/Febpractice_zjq_ws/src/status_topics': CONDA_PROMPT_MODIFIER=(base) PYTHONPATH=/home/zjq/learnROS2/Febpractice_zjq_ws/build/status_topics/prefix_override:/usr/lib/python3/dist-packages/colcon_core/task/python/colcon_distutils_commands:/home/zjq/learnROS2/Febpractice_zjq_ws/install/status_topics/lib/python3.10/site-packages:${PYTHONPATH} /usr/bin/python3 -W ignore:setup.py install is deprecated -W ignore:easy_install command is deprecated setup.py egg_info --egg-base ../../build/status_topics build --build-base /home/zjq/learnROS2/Febpractice_zjq_ws/build/status_topics/build install --record /home/zjq/learnROS2/Febpractice_zjq_ws/build/status_topics/install.log --single-version-externally-managed install_data
[2.171s] Level 1:colcon.colcon_core.environment:checking '/home/zjq/learnROS2/Febpractice_zjq_ws/install/status_topics' for CMake module files
[2.172s] DEBUG:colcon.colcon_core.event_handler.log_command:Invoked command in '/home/zjq/learnROS2/Febpractice_zjq_ws/src/status_topics' returned '0': CONDA_PROMPT_MODIFIER=(base) PYTHONPATH=/home/zjq/learnROS2/Febpractice_zjq_ws/build/status_topics/prefix_override:/usr/lib/python3/dist-packages/colcon_core/task/python/colcon_distutils_commands:/home/zjq/learnROS2/Febpractice_zjq_ws/install/status_topics/lib/python3.10/site-packages:${PYTHONPATH} /usr/bin/python3 -W ignore:setup.py install is deprecated -W ignore:easy_install command is deprecated setup.py egg_info --egg-base ../../build/status_topics build --build-base /home/zjq/learnROS2/Febpractice_zjq_ws/build/status_topics/build install --record /home/zjq/learnROS2/Febpractice_zjq_ws/build/status_topics/install.log --single-version-externally-managed install_data
[2.173s] Level 1:colcon.colcon_core.environment:checking '/home/zjq/learnROS2/Febpractice_zjq_ws/install/status_topics' for CMake config files
[2.174s] Level 1:colcon.colcon_core.environment:checking '/home/zjq/learnROS2/Febpractice_zjq_ws/install/status_topics/lib'
[2.174s] Level 1:colcon.colcon_core.environment:checking '/home/zjq/learnROS2/Febpractice_zjq_ws/install/status_topics/bin'
[2.174s] Level 1:colcon.colcon_core.environment:checking '/home/zjq/learnROS2/Febpractice_zjq_ws/install/status_topics/lib/pkgconfig/status_topics.pc'
[2.174s] Level 1:colcon.colcon_core.environment:checking '/home/zjq/learnROS2/Febpractice_zjq_ws/install/status_topics/lib/python3.10/site-packages'
[2.175s] Level 1:colcon.colcon_core.shell:create_environment_hook('status_topics', 'pythonpath')
[2.175s] INFO:colcon.colcon_core.shell:Creating environment hook '/home/zjq/learnROS2/Febpractice_zjq_ws/install/status_topics/share/status_topics/hook/pythonpath.ps1'
[2.176s] INFO:colcon.colcon_core.shell:Creating environment descriptor '/home/zjq/learnROS2/Febpractice_zjq_ws/install/status_topics/share/status_topics/hook/pythonpath.dsv'
[2.177s] INFO:colcon.colcon_core.shell:Creating environment hook '/home/zjq/learnROS2/Febpractice_zjq_ws/install/status_topics/share/status_topics/hook/pythonpath.sh'
[2.180s] Level 1:colcon.colcon_core.environment:checking '/home/zjq/learnROS2/Febpractice_zjq_ws/install/status_topics/bin'
[2.180s] Level 1:colcon.colcon_core.environment:create_environment_scripts_only(status_topics)
[2.181s] INFO:colcon.colcon_core.shell:Creating package script '/home/zjq/learnROS2/Febpractice_zjq_ws/install/status_topics/share/status_topics/package.ps1'
[2.182s] INFO:colcon.colcon_core.shell:Creating package descriptor '/home/zjq/learnROS2/Febpractice_zjq_ws/install/status_topics/share/status_topics/package.dsv'
[2.183s] INFO:colcon.colcon_core.shell:Creating package script '/home/zjq/learnROS2/Febpractice_zjq_ws/install/status_topics/share/status_topics/package.sh'
[2.184s] INFO:colcon.colcon_core.shell:Creating package script '/home/zjq/learnROS2/Febpractice_zjq_ws/install/status_topics/share/status_topics/package.bash'
[2.185s] INFO:colcon.colcon_core.shell:Creating package script '/home/zjq/learnROS2/Febpractice_zjq_ws/install/status_topics/share/status_topics/package.zsh'
[2.187s] Level 1:colcon.colcon_core.environment:create_file_with_runtime_dependencies(/home/zjq/learnROS2/Febpractice_zjq_ws/install/status_topics/share/colcon-core/packages/status_topics)
[2.188s] DEBUG:colcon.colcon_parallel_executor.executor.parallel:closing loop
[2.189s] DEBUG:colcon.colcon_parallel_executor.executor.parallel:loop closed
[2.189s] DEBUG:colcon.colcon_parallel_executor.executor.parallel:run_until_complete finished with '0'
[2.189s] DEBUG:colcon.colcon_core.event_reactor:joining thread
[2.196s] INFO:colcon.colcon_core.plugin_system:Skipping extension 'colcon_notification.desktop_notification.terminal_notifier': Not used on non-Darwin systems
[2.196s] INFO:colcon.colcon_core.plugin_system:Skipping extension 'colcon_notification.desktop_notification.win32': Not used on non-Windows systems
[2.197s] INFO:colcon.colcon_notification.desktop_notification:Sending desktop notification using 'notify2'
[2.220s] DEBUG:colcon.colcon_core.event_reactor:joined thread
[2.221s] INFO:colcon.colcon_core.shell:Creating prefix script '/home/zjq/learnROS2/Febpractice_zjq_ws/install/local_setup.ps1'
[2.222s] INFO:colcon.colcon_core.shell:Creating prefix util module '/home/zjq/learnROS2/Febpractice_zjq_ws/install/_local_setup_util_ps1.py'
[2.225s] INFO:colcon.colcon_core.shell:Creating prefix chain script '/home/zjq/learnROS2/Febpractice_zjq_ws/install/setup.ps1'
[2.227s] INFO:colcon.colcon_core.shell:Creating prefix script '/home/zjq/learnROS2/Febpractice_zjq_ws/install/local_setup.sh'
[2.228s] INFO:colcon.colcon_core.shell:Creating prefix util module '/home/zjq/learnROS2/Febpractice_zjq_ws/install/_local_setup_util_sh.py'
[2.229s] INFO:colcon.colcon_core.shell:Creating prefix chain script '/home/zjq/learnROS2/Febpractice_zjq_ws/install/setup.sh'
[2.231s] INFO:colcon.colcon_core.shell:Creating prefix script '/home/zjq/learnROS2/Febpractice_zjq_ws/install/local_setup.bash'
[2.232s] INFO:colcon.colcon_core.shell:Creating prefix chain script '/home/zjq/learnROS2/Febpractice_zjq_ws/install/setup.bash'
[2.233s] INFO:colcon.colcon_core.shell:Creating prefix script '/home/zjq/learnROS2/Febpractice_zjq_ws/install/local_setup.zsh'
[2.234s] INFO:colcon.colcon_core.shell:Creating prefix chain script '/home/zjq/learnROS2/Febpractice_zjq_ws/install/setup.zsh'
