[0.008s] Invoking command in '/home/wu/ros2_ws/build/target_state_pkg': CMAKE_PREFIX_PATH=${CMAKE_PREFIX_PATH}:/home/wu/dev_ws/install/learning_urdf:/home/wu/dev_ws/install/learning_topic:/home/wu/dev_ws/install/learning_tf:/home/wu/dev_ws/install/learning_service:/home/wu/dev_ws/install/learning_qos:/home/wu/dev_ws/install/learning_pkg_python:/home/wu/dev_ws/install/learning_parameter:/home/wu/dev_ws/install/learning_node:/home/wu/dev_ws/install/learning_launch:/home/wu/dev_ws/install/learning_action:/home/wu/dev_ws/install/learning_gazebo_harmonic:/home/wu/dev_ws/install/learning_gazebo:/home/wu/dev_ws/install/learning_cv:/opt/ros/humble /usr/bin/cmake /home/wu/ros2_ws/src/target_state_pkg -DCMAKE_INSTALL_PREFIX=/home/wu/ros2_ws/install/target_state_pkg
[0.049s] -- The C compiler identification is GNU 11.4.0
[0.095s] -- The CXX compiler identification is GNU 11.4.0
[0.107s] -- Detecting C compiler ABI info
[0.178s] -- Detecting C compiler ABI info - done
[0.187s] -- Check for working C compiler: /usr/bin/cc - skipped
[0.188s] -- Detecting C compile features
[0.188s] -- Detecting C compile features - done
[0.188s] -- Detecting CXX compiler ABI info
[0.242s] -- Detecting CXX compiler ABI info - done
[0.246s] -- Check for working CXX compiler: /usr/bin/c++ - skipped
[0.246s] -- Detecting CXX compile features
[0.247s] -- Detecting CXX compile features - done
[0.249s] -- Found ament_cmake: 1.3.12 (/opt/ros/humble/share/ament_cmake/cmake)
[0.388s] -- Found Python3: /usr/bin/python3 (found version "3.10.12") found components: Interpreter 
[0.486s] -- Found rclpy: 3.3.19 (/opt/ros/humble/share/rclpy/cmake)
[0.487s] -- Found std_msgs: 4.9.0 (/opt/ros/humble/share/std_msgs/cmake)
[0.515s] -- Found rosidl_generator_c: 3.1.8 (/opt/ros/humble/share/rosidl_generator_c/cmake)
[0.519s] -- Found rosidl_adapter: 3.1.8 (/opt/ros/humble/share/rosidl_adapter/cmake)
[0.525s] -- Found rosidl_generator_cpp: 3.1.8 (/opt/ros/humble/share/rosidl_generator_cpp/cmake)
[0.535s] -- Using all available rosidl_typesupport_c: rosidl_typesupport_fastrtps_c;rosidl_typesupport_introspection_c
[0.547s] -- Using all available rosidl_typesupport_cpp: rosidl_typesupport_fastrtps_cpp;rosidl_typesupport_introspection_cpp
[0.565s] -- Found rosidl_default_generators: 1.2.0 (/opt/ros/humble/share/rosidl_default_generators/cmake)
[0.784s] -- Found ament_cmake_ros: 0.10.0 (/opt/ros/humble/share/ament_cmake_ros/cmake)
[1.070s] -- Using all available rosidl_typesupport_c: rosidl_typesupport_fastrtps_c;rosidl_typesupport_introspection_c
[1.179s] -- Using all available rosidl_typesupport_cpp: rosidl_typesupport_fastrtps_cpp;rosidl_typesupport_introspection_cpp
[1.197s] -- Found PythonInterp: /usr/bin/python3 (found suitable version "3.10.12", minimum required is "3.6") 
[1.200s] -- Found python_cmake_module: 0.10.0 (/opt/ros/humble/share/python_cmake_module/cmake)
[1.222s] -- Found PythonLibs: /usr/lib/x86_64-linux-gnu/libpython3.10.so (found suitable version "3.10.12", minimum required is "3.5") 
[1.222s] -- Using PYTHON_EXECUTABLE: /usr/bin/python3
[1.222s] -- Using PYTHON_INCLUDE_DIRS: /usr/include/python3.10
[1.222s] -- Using PYTHON_LIBRARIES: /usr/lib/x86_64-linux-gnu/libpython3.10.so
[1.239s] -- Found PythonExtra: .so  
[1.293s] -- Configuring done
[1.315s] -- Generating done
[1.322s] -- Build files have been written to: /home/wu/ros2_ws/build/target_state_pkg
[1.326s] Invoked command in '/home/wu/ros2_ws/build/target_state_pkg' returned '0': CMAKE_PREFIX_PATH=${CMAKE_PREFIX_PATH}:/home/wu/dev_ws/install/learning_urdf:/home/wu/dev_ws/install/learning_topic:/home/wu/dev_ws/install/learning_tf:/home/wu/dev_ws/install/learning_service:/home/wu/dev_ws/install/learning_qos:/home/wu/dev_ws/install/learning_pkg_python:/home/wu/dev_ws/install/learning_parameter:/home/wu/dev_ws/install/learning_node:/home/wu/dev_ws/install/learning_launch:/home/wu/dev_ws/install/learning_action:/home/wu/dev_ws/install/learning_gazebo_harmonic:/home/wu/dev_ws/install/learning_gazebo:/home/wu/dev_ws/install/learning_cv:/opt/ros/humble /usr/bin/cmake /home/wu/ros2_ws/src/target_state_pkg -DCMAKE_INSTALL_PREFIX=/home/wu/ros2_ws/install/target_state_pkg
[1.328s] Invoking command in '/home/wu/ros2_ws/build/target_state_pkg': CMAKE_PREFIX_PATH=${CMAKE_PREFIX_PATH}:/home/wu/dev_ws/install/learning_urdf:/home/wu/dev_ws/install/learning_topic:/home/wu/dev_ws/install/learning_tf:/home/wu/dev_ws/install/learning_service:/home/wu/dev_ws/install/learning_qos:/home/wu/dev_ws/install/learning_pkg_python:/home/wu/dev_ws/install/learning_parameter:/home/wu/dev_ws/install/learning_node:/home/wu/dev_ws/install/learning_launch:/home/wu/dev_ws/install/learning_action:/home/wu/dev_ws/install/learning_gazebo_harmonic:/home/wu/dev_ws/install/learning_gazebo:/home/wu/dev_ws/install/learning_cv:/opt/ros/humble /usr/bin/cmake --build /home/wu/ros2_ws/build/target_state_pkg -- -j9 -l9
[1.356s] [  3%] [34m[1mGenerating C code for ROS interfaces[0m
[1.362s] [  6%] [34m[1mGenerating C++ code for ROS interfaces[0m
[1.367s] [  6%] Built target ament_cmake_python_copy_target_state_pkg
[1.524s] [  6%] Built target target_state_pkg__cpp
[1.524s] running egg_info
[1.526s] creating target_state_pkg.egg-info
[1.526s] writing target_state_pkg.egg-info/PKG-INFO
[1.526s] writing dependency_links to target_state_pkg.egg-info/dependency_links.txt
[1.526s] writing top-level names to target_state_pkg.egg-info/top_level.txt
[1.526s] writing manifest file 'target_state_pkg.egg-info/SOURCES.txt'
[1.530s] reading manifest file 'target_state_pkg.egg-info/SOURCES.txt'
[1.530s] writing manifest file 'target_state_pkg.egg-info/SOURCES.txt'
[1.532s] [  9%] [34m[1mGenerating C++ type support dispatch for ROS interfaces[0m
[1.533s] [ 12%] [34m[1mGenerating C++ introspection for ROS interfaces[0m
[1.533s] [ 16%] [34m[1mGenerating C++ type support for eProsima Fast-RTPS[0m
[1.537s] [ 19%] [32mBuilding C object CMakeFiles/target_state_pkg__rosidl_generator_c.dir/rosidl_generator_c/target_state_pkg/msg/detail/target_state__functions.c.o[0m
[1.555s] [ 19%] Built target ament_cmake_python_build_target_state_pkg_egg
[1.605s] [ 22%] [32m[1mLinking C shared library libtarget_state_pkg__rosidl_generator_c.so[0m
[1.633s] [ 22%] Built target target_state_pkg__rosidl_generator_c
[1.641s] [ 29%] [34m[1mGenerating C type support for eProsima Fast-RTPS[0m
[1.641s] [ 29%] [34m[1mGenerating C introspection for ROS interfaces[0m
[1.641s] [ 32%] [34m[1mGenerating C type support dispatch for ROS interfaces[0m
[1.711s] [ 35%] [32mBuilding CXX object CMakeFiles/target_state_pkg__rosidl_typesupport_cpp.dir/rosidl_typesupport_cpp/target_state_pkg/msg/target_state__type_support.cpp.o[0m
[1.725s] [ 38%] [32mBuilding CXX object CMakeFiles/target_state_pkg__rosidl_typesupport_fastrtps_cpp.dir/rosidl_typesupport_fastrtps_cpp/target_state_pkg/msg/detail/dds_fastrtps/target_state__type_support.cpp.o[0m
[1.726s] [ 41%] [32mBuilding CXX object CMakeFiles/target_state_pkg__rosidl_typesupport_introspection_cpp.dir/rosidl_typesupport_introspection_cpp/target_state_pkg/msg/detail/target_state__type_support.cpp.o[0m
[1.834s] [ 48%] [32mBuilding CXX object CMakeFiles/target_state_pkg__rosidl_typesupport_c.dir/rosidl_typesupport_c/target_state_pkg/msg/target_state__type_support.cpp.o[0m
[1.834s] [ 48%] [32mBuilding CXX object CMakeFiles/target_state_pkg__rosidl_typesupport_fastrtps_c.dir/rosidl_typesupport_fastrtps_c/target_state_pkg/msg/detail/target_state__type_support_c.cpp.o[0m
[1.844s] [ 51%] [32mBuilding C object CMakeFiles/target_state_pkg__rosidl_typesupport_introspection_c.dir/rosidl_typesupport_introspection_c/target_state_pkg/msg/detail/target_state__type_support.c.o[0m
[1.861s] [ 54%] [32m[1mLinking CXX shared library libtarget_state_pkg__rosidl_typesupport_c.so[0m
[1.871s] [ 58%] [32m[1mLinking C shared library libtarget_state_pkg__rosidl_typesupport_introspection_c.so[0m
[1.896s] [ 58%] Built target target_state_pkg__rosidl_typesupport_c
[1.898s] [ 58%] Built target target_state_pkg__rosidl_typesupport_introspection_c
[1.950s] [ 61%] [32m[1mLinking CXX shared library libtarget_state_pkg__rosidl_typesupport_cpp.so[0m
[1.985s] [ 61%] Built target target_state_pkg__rosidl_typesupport_cpp
[2.029s] [ 64%] [32m[1mLinking CXX shared library libtarget_state_pkg__rosidl_typesupport_introspection_cpp.so[0m
[2.048s] [ 67%] [32m[1mLinking CXX shared library libtarget_state_pkg__rosidl_typesupport_fastrtps_cpp.so[0m
[2.058s] [ 70%] [32m[1mLinking CXX shared library libtarget_state_pkg__rosidl_typesupport_fastrtps_c.so[0m
[2.063s] [ 70%] Built target target_state_pkg__rosidl_typesupport_introspection_cpp
[2.106s] [ 70%] Built target target_state_pkg__rosidl_typesupport_fastrtps_cpp
[2.114s] [ 70%] Built target target_state_pkg__rosidl_typesupport_fastrtps_c
[2.128s] [ 70%] Built target target_state_pkg
[2.145s] [ 74%] [34m[1mGenerating Python code for ROS interfaces[0m
[2.337s] [ 74%] Built target target_state_pkg__py
[2.351s] [ 77%] [32mBuilding C object CMakeFiles/target_state_pkg__rosidl_generator_py.dir/rosidl_generator_py/target_state_pkg/msg/_target_state_s.c.o[0m
[2.460s] [ 80%] [32m[1mLinking C shared library rosidl_generator_py/target_state_pkg/libtarget_state_pkg__rosidl_generator_py.so[0m
[2.508s] [ 80%] Built target target_state_pkg__rosidl_generator_py
[2.537s] [ 83%] [32mBuilding C object CMakeFiles/target_state_pkg__rosidl_typesupport_c__pyext.dir/rosidl_generator_py/target_state_pkg/_target_state_pkg_s.ep.rosidl_typesupport_c.c.o[0m
[2.537s] [ 87%] [32mBuilding C object CMakeFiles/target_state_pkg__rosidl_typesupport_introspection_c__pyext.dir/rosidl_generator_py/target_state_pkg/_target_state_pkg_s.ep.rosidl_typesupport_introspection_c.c.o[0m
[2.538s] [ 90%] [32mBuilding C object CMakeFiles/target_state_pkg__rosidl_typesupport_fastrtps_c__pyext.dir/rosidl_generator_py/target_state_pkg/_target_state_pkg_s.ep.rosidl_typesupport_fastrtps_c.c.o[0m
[2.605s] [ 93%] [32m[1mLinking C shared library rosidl_generator_py/target_state_pkg/target_state_pkg_s__rosidl_typesupport_c.cpython-310-x86_64-linux-gnu.so[0m
[2.606s] [100%] [32m[1mLinking C shared library rosidl_generator_py/target_state_pkg/target_state_pkg_s__rosidl_typesupport_introspection_c.cpython-310-x86_64-linux-gnu.so[0m
[2.606s] [100%] [32m[1mLinking C shared library rosidl_generator_py/target_state_pkg/target_state_pkg_s__rosidl_typesupport_fastrtps_c.cpython-310-x86_64-linux-gnu.so[0m
[2.635s] [100%] Built target target_state_pkg__rosidl_typesupport_fastrtps_c__pyext
[2.635s] [100%] Built target target_state_pkg__rosidl_typesupport_introspection_c__pyext
[2.635s] [100%] Built target target_state_pkg__rosidl_typesupport_c__pyext
[2.645s] Invoked command in '/home/wu/ros2_ws/build/target_state_pkg' returned '0': CMAKE_PREFIX_PATH=${CMAKE_PREFIX_PATH}:/home/wu/dev_ws/install/learning_urdf:/home/wu/dev_ws/install/learning_topic:/home/wu/dev_ws/install/learning_tf:/home/wu/dev_ws/install/learning_service:/home/wu/dev_ws/install/learning_qos:/home/wu/dev_ws/install/learning_pkg_python:/home/wu/dev_ws/install/learning_parameter:/home/wu/dev_ws/install/learning_node:/home/wu/dev_ws/install/learning_launch:/home/wu/dev_ws/install/learning_action:/home/wu/dev_ws/install/learning_gazebo_harmonic:/home/wu/dev_ws/install/learning_gazebo:/home/wu/dev_ws/install/learning_cv:/opt/ros/humble /usr/bin/cmake --build /home/wu/ros2_ws/build/target_state_pkg -- -j9 -l9
[2.655s] Invoking command in '/home/wu/ros2_ws/build/target_state_pkg': CMAKE_PREFIX_PATH=${CMAKE_PREFIX_PATH}:/home/wu/dev_ws/install/learning_urdf:/home/wu/dev_ws/install/learning_topic:/home/wu/dev_ws/install/learning_tf:/home/wu/dev_ws/install/learning_service:/home/wu/dev_ws/install/learning_qos:/home/wu/dev_ws/install/learning_pkg_python:/home/wu/dev_ws/install/learning_parameter:/home/wu/dev_ws/install/learning_node:/home/wu/dev_ws/install/learning_launch:/home/wu/dev_ws/install/learning_action:/home/wu/dev_ws/install/learning_gazebo_harmonic:/home/wu/dev_ws/install/learning_gazebo:/home/wu/dev_ws/install/learning_cv:/opt/ros/humble /usr/bin/cmake --install /home/wu/ros2_ws/build/target_state_pkg
[2.661s] -- Install configuration: ""
[2.661s] -- Installing: /home/wu/ros2_ws/install/target_state_pkg/share/ament_index/resource_index/rosidl_interfaces/target_state_pkg
[2.662s] -- Installing: /home/wu/ros2_ws/install/target_state_pkg/include/target_state_pkg/target_state_pkg
[2.662s] -- Installing: /home/wu/ros2_ws/install/target_state_pkg/include/target_state_pkg/target_state_pkg/msg
[2.662s] -- Installing: /home/wu/ros2_ws/install/target_state_pkg/include/target_state_pkg/target_state_pkg/msg/rosidl_generator_c__visibility_control.h
[2.662s] -- Installing: /home/wu/ros2_ws/install/target_state_pkg/include/target_state_pkg/target_state_pkg/msg/target_state.h
[2.662s] -- Installing: /home/wu/ros2_ws/install/target_state_pkg/include/target_state_pkg/target_state_pkg/msg/detail
[2.662s] -- Installing: /home/wu/ros2_ws/install/target_state_pkg/include/target_state_pkg/target_state_pkg/msg/detail/target_state__struct.h
[2.662s] -- Installing: /home/wu/ros2_ws/install/target_state_pkg/include/target_state_pkg/target_state_pkg/msg/detail/target_state__functions.c
[2.662s] -- Installing: /home/wu/ros2_ws/install/target_state_pkg/include/target_state_pkg/target_state_pkg/msg/detail/target_state__functions.h
[2.662s] -- Installing: /home/wu/ros2_ws/install/target_state_pkg/include/target_state_pkg/target_state_pkg/msg/detail/target_state__type_support.h
[2.662s] -- Installing: /home/wu/ros2_ws/install/target_state_pkg/share/target_state_pkg/environment/library_path.sh
[2.662s] -- Installing: /home/wu/ros2_ws/install/target_state_pkg/share/target_state_pkg/environment/library_path.dsv
[2.662s] -- Installing: /home/wu/ros2_ws/install/target_state_pkg/lib/libtarget_state_pkg__rosidl_generator_c.so
[2.662s] -- Set runtime path of "/home/wu/ros2_ws/install/target_state_pkg/lib/libtarget_state_pkg__rosidl_generator_c.so" to ""
[2.662s] -- Up-to-date: /home/wu/ros2_ws/install/target_state_pkg/include/target_state_pkg/target_state_pkg
[2.662s] -- Up-to-date: /home/wu/ros2_ws/install/target_state_pkg/include/target_state_pkg/target_state_pkg/msg
[2.662s] -- Installing: /home/wu/ros2_ws/install/target_state_pkg/include/target_state_pkg/target_state_pkg/msg/rosidl_typesupport_fastrtps_c__visibility_control.h
[2.662s] -- Up-to-date: /home/wu/ros2_ws/install/target_state_pkg/include/target_state_pkg/target_state_pkg/msg/detail
[2.662s] -- Installing: /home/wu/ros2_ws/install/target_state_pkg/include/target_state_pkg/target_state_pkg/msg/detail/target_state__rosidl_typesupport_fastrtps_c.h
[2.662s] -- Installing: /home/wu/ros2_ws/install/target_state_pkg/lib/libtarget_state_pkg__rosidl_typesupport_fastrtps_c.so
[2.662s] -- Set runtime path of "/home/wu/ros2_ws/install/target_state_pkg/lib/libtarget_state_pkg__rosidl_typesupport_fastrtps_c.so" to ""
[2.662s] -- Up-to-date: /home/wu/ros2_ws/install/target_state_pkg/include/target_state_pkg/target_state_pkg
[2.662s] -- Up-to-date: /home/wu/ros2_ws/install/target_state_pkg/include/target_state_pkg/target_state_pkg/msg
[2.662s] -- Installing: /home/wu/ros2_ws/install/target_state_pkg/include/target_state_pkg/target_state_pkg/msg/target_state.hpp
[2.662s] -- Installing: /home/wu/ros2_ws/install/target_state_pkg/include/target_state_pkg/target_state_pkg/msg/rosidl_generator_cpp__visibility_control.hpp
[2.663s] -- Up-to-date: /home/wu/ros2_ws/install/target_state_pkg/include/target_state_pkg/target_state_pkg/msg/detail
[2.663s] -- Installing: /home/wu/ros2_ws/install/target_state_pkg/include/target_state_pkg/target_state_pkg/msg/detail/target_state__builder.hpp
[2.663s] -- Installing: /home/wu/ros2_ws/install/target_state_pkg/include/target_state_pkg/target_state_pkg/msg/detail/target_state__struct.hpp
[2.663s] -- Installing: /home/wu/ros2_ws/install/target_state_pkg/include/target_state_pkg/target_state_pkg/msg/detail/target_state__type_support.hpp
[2.663s] -- Installing: /home/wu/ros2_ws/install/target_state_pkg/include/target_state_pkg/target_state_pkg/msg/detail/target_state__traits.hpp
[2.663s] -- Up-to-date: /home/wu/ros2_ws/install/target_state_pkg/include/target_state_pkg/target_state_pkg
[2.663s] -- Up-to-date: /home/wu/ros2_ws/install/target_state_pkg/include/target_state_pkg/target_state_pkg/msg
[2.663s] -- Installing: /home/wu/ros2_ws/install/target_state_pkg/include/target_state_pkg/target_state_pkg/msg/rosidl_typesupport_fastrtps_cpp__visibility_control.h
[2.663s] -- Up-to-date: /home/wu/ros2_ws/install/target_state_pkg/include/target_state_pkg/target_state_pkg/msg/detail
[2.663s] -- Installing: /home/wu/ros2_ws/install/target_state_pkg/include/target_state_pkg/target_state_pkg/msg/detail/dds_fastrtps
[2.663s] -- Installing: /home/wu/ros2_ws/install/target_state_pkg/include/target_state_pkg/target_state_pkg/msg/detail/target_state__rosidl_typesupport_fastrtps_cpp.hpp
[2.663s] -- Installing: /home/wu/ros2_ws/install/target_state_pkg/lib/libtarget_state_pkg__rosidl_typesupport_fastrtps_cpp.so
[2.664s] -- Set runtime path of "/home/wu/ros2_ws/install/target_state_pkg/lib/libtarget_state_pkg__rosidl_typesupport_fastrtps_cpp.so" to ""
[2.664s] -- Up-to-date: /home/wu/ros2_ws/install/target_state_pkg/include/target_state_pkg/target_state_pkg
[2.664s] -- Up-to-date: /home/wu/ros2_ws/install/target_state_pkg/include/target_state_pkg/target_state_pkg/msg
[2.664s] -- Installing: /home/wu/ros2_ws/install/target_state_pkg/include/target_state_pkg/target_state_pkg/msg/rosidl_typesupport_introspection_c__visibility_control.h
[2.664s] -- Up-to-date: /home/wu/ros2_ws/install/target_state_pkg/include/target_state_pkg/target_state_pkg/msg/detail
[2.664s] -- Installing: /home/wu/ros2_ws/install/target_state_pkg/include/target_state_pkg/target_state_pkg/msg/detail/target_state__rosidl_typesupport_introspection_c.h
[2.664s] -- Installing: /home/wu/ros2_ws/install/target_state_pkg/include/target_state_pkg/target_state_pkg/msg/detail/target_state__type_support.c
[2.664s] -- Installing: /home/wu/ros2_ws/install/target_state_pkg/lib/libtarget_state_pkg__rosidl_typesupport_introspection_c.so
[2.664s] -- Set runtime path of "/home/wu/ros2_ws/install/target_state_pkg/lib/libtarget_state_pkg__rosidl_typesupport_introspection_c.so" to ""
[2.664s] -- Installing: /home/wu/ros2_ws/install/target_state_pkg/lib/libtarget_state_pkg__rosidl_typesupport_c.so
[2.664s] -- Set runtime path of "/home/wu/ros2_ws/install/target_state_pkg/lib/libtarget_state_pkg__rosidl_typesupport_c.so" to ""
[2.664s] -- Up-to-date: /home/wu/ros2_ws/install/target_state_pkg/include/target_state_pkg/target_state_pkg
[2.665s] -- Up-to-date: /home/wu/ros2_ws/install/target_state_pkg/include/target_state_pkg/target_state_pkg/msg
[2.665s] -- Up-to-date: /home/wu/ros2_ws/install/target_state_pkg/include/target_state_pkg/target_state_pkg/msg/detail
[2.665s] -- Installing: /home/wu/ros2_ws/install/target_state_pkg/include/target_state_pkg/target_state_pkg/msg/detail/target_state__rosidl_typesupport_introspection_cpp.hpp
[2.665s] -- Installing: /home/wu/ros2_ws/install/target_state_pkg/include/target_state_pkg/target_state_pkg/msg/detail/target_state__type_support.cpp
[2.665s] -- Installing: /home/wu/ros2_ws/install/target_state_pkg/lib/libtarget_state_pkg__rosidl_typesupport_introspection_cpp.so
[2.665s] -- Set runtime path of "/home/wu/ros2_ws/install/target_state_pkg/lib/libtarget_state_pkg__rosidl_typesupport_introspection_cpp.so" to ""
[2.665s] -- Installing: /home/wu/ros2_ws/install/target_state_pkg/lib/libtarget_state_pkg__rosidl_typesupport_cpp.so
[2.665s] -- Set runtime path of "/home/wu/ros2_ws/install/target_state_pkg/lib/libtarget_state_pkg__rosidl_typesupport_cpp.so" to ""
[2.665s] -- Installing: /home/wu/ros2_ws/install/target_state_pkg/share/target_state_pkg/environment/pythonpath.sh
[2.665s] -- Installing: /home/wu/ros2_ws/install/target_state_pkg/share/target_state_pkg/environment/pythonpath.dsv
[2.666s] -- Installing: /home/wu/ros2_ws/install/target_state_pkg/local/lib/python3.10/dist-packages/target_state_pkg-0.0.0-py3.10.egg-info
[2.666s] -- Installing: /home/wu/ros2_ws/install/target_state_pkg/local/lib/python3.10/dist-packages/target_state_pkg-0.0.0-py3.10.egg-info/SOURCES.txt
[2.666s] -- Installing: /home/wu/ros2_ws/install/target_state_pkg/local/lib/python3.10/dist-packages/target_state_pkg-0.0.0-py3.10.egg-info/PKG-INFO
[2.666s] -- Installing: /home/wu/ros2_ws/install/target_state_pkg/local/lib/python3.10/dist-packages/target_state_pkg-0.0.0-py3.10.egg-info/dependency_links.txt
[2.666s] -- Installing: /home/wu/ros2_ws/install/target_state_pkg/local/lib/python3.10/dist-packages/target_state_pkg-0.0.0-py3.10.egg-info/top_level.txt
[2.666s] -- Installing: /home/wu/ros2_ws/install/target_state_pkg/local/lib/python3.10/dist-packages/target_state_pkg
[2.666s] -- Installing: /home/wu/ros2_ws/install/target_state_pkg/local/lib/python3.10/dist-packages/target_state_pkg/msg
[2.666s] -- Installing: /home/wu/ros2_ws/install/target_state_pkg/local/lib/python3.10/dist-packages/target_state_pkg/msg/__init__.py
[2.667s] -- Installing: /home/wu/ros2_ws/install/target_state_pkg/local/lib/python3.10/dist-packages/target_state_pkg/msg/_target_state.py
[2.667s] -- Installing: /home/wu/ros2_ws/install/target_state_pkg/local/lib/python3.10/dist-packages/target_state_pkg/msg/_target_state_s.c
[2.667s] -- Installing: /home/wu/ros2_ws/install/target_state_pkg/local/lib/python3.10/dist-packages/target_state_pkg/_target_state_pkg_s.ep.rosidl_typesupport_c.c
[2.667s] -- Installing: /home/wu/ros2_ws/install/target_state_pkg/local/lib/python3.10/dist-packages/target_state_pkg/__init__.py
[2.667s] -- Installing: /home/wu/ros2_ws/install/target_state_pkg/local/lib/python3.10/dist-packages/target_state_pkg/target_state_pkg_s__rosidl_typesupport_c.cpython-310-x86_64-linux-gnu.so
[2.667s] -- Installing: /home/wu/ros2_ws/install/target_state_pkg/local/lib/python3.10/dist-packages/target_state_pkg/libtarget_state_pkg__rosidl_generator_py.so
[2.667s] -- Installing: /home/wu/ros2_ws/install/target_state_pkg/local/lib/python3.10/dist-packages/target_state_pkg/_target_state_pkg_s.ep.rosidl_typesupport_fastrtps_c.c
[2.667s] -- Installing: /home/wu/ros2_ws/install/target_state_pkg/local/lib/python3.10/dist-packages/target_state_pkg/target_state_pkg_s__rosidl_typesupport_introspection_c.cpython-310-x86_64-linux-gnu.so
[2.667s] -- Installing: /home/wu/ros2_ws/install/target_state_pkg/local/lib/python3.10/dist-packages/target_state_pkg/_target_state_pkg_s.ep.rosidl_typesupport_introspection_c.c
[2.667s] -- Installing: /home/wu/ros2_ws/install/target_state_pkg/local/lib/python3.10/dist-packages/target_state_pkg/target_state_pkg_s__rosidl_typesupport_fastrtps_c.cpython-310-x86_64-linux-gnu.so
[2.702s] Listing '/home/wu/ros2_ws/install/target_state_pkg/local/lib/python3.10/dist-packages/target_state_pkg'...
[2.702s] Compiling '/home/wu/ros2_ws/install/target_state_pkg/local/lib/python3.10/dist-packages/target_state_pkg/__init__.py'...
[2.702s] Listing '/home/wu/ros2_ws/install/target_state_pkg/local/lib/python3.10/dist-packages/target_state_pkg/msg'...
[2.702s] Compiling '/home/wu/ros2_ws/install/target_state_pkg/local/lib/python3.10/dist-packages/target_state_pkg/msg/__init__.py'...
[2.702s] Compiling '/home/wu/ros2_ws/install/target_state_pkg/local/lib/python3.10/dist-packages/target_state_pkg/msg/_target_state.py'...
[2.706s] -- Installing: /home/wu/ros2_ws/install/target_state_pkg/local/lib/python3.10/dist-packages/target_state_pkg/target_state_pkg_s__rosidl_typesupport_fastrtps_c.cpython-310-x86_64-linux-gnu.so
[2.706s] -- Set runtime path of "/home/wu/ros2_ws/install/target_state_pkg/local/lib/python3.10/dist-packages/target_state_pkg/target_state_pkg_s__rosidl_typesupport_fastrtps_c.cpython-310-x86_64-linux-gnu.so" to ""
[2.706s] -- Installing: /home/wu/ros2_ws/install/target_state_pkg/local/lib/python3.10/dist-packages/target_state_pkg/target_state_pkg_s__rosidl_typesupport_introspection_c.cpython-310-x86_64-linux-gnu.so
[2.706s] -- Set runtime path of "/home/wu/ros2_ws/install/target_state_pkg/local/lib/python3.10/dist-packages/target_state_pkg/target_state_pkg_s__rosidl_typesupport_introspection_c.cpython-310-x86_64-linux-gnu.so" to ""
[2.706s] -- Installing: /home/wu/ros2_ws/install/target_state_pkg/local/lib/python3.10/dist-packages/target_state_pkg/target_state_pkg_s__rosidl_typesupport_c.cpython-310-x86_64-linux-gnu.so
[2.707s] -- Set runtime path of "/home/wu/ros2_ws/install/target_state_pkg/local/lib/python3.10/dist-packages/target_state_pkg/target_state_pkg_s__rosidl_typesupport_c.cpython-310-x86_64-linux-gnu.so" to ""
[2.707s] -- Installing: /home/wu/ros2_ws/install/target_state_pkg/lib/libtarget_state_pkg__rosidl_generator_py.so
[2.707s] -- Set runtime path of "/home/wu/ros2_ws/install/target_state_pkg/lib/libtarget_state_pkg__rosidl_generator_py.so" to ""
[2.707s] -- Installing: /home/wu/ros2_ws/install/target_state_pkg/share/target_state_pkg/msg/TargetState.idl
[2.708s] -- Installing: /home/wu/ros2_ws/install/target_state_pkg/share/target_state_pkg/msg/TargetState.msg
[2.708s] -- Installing: /home/wu/ros2_ws/install/target_state_pkg/lib/target_state_pkg
[2.708s] -- Installing: /home/wu/ros2_ws/install/target_state_pkg/lib/target_state_pkg/publisher_node.py
[2.708s] -- Installing: /home/wu/ros2_ws/install/target_state_pkg/lib/target_state_pkg/subscriber_node.py
[2.708s] -- Installing: /home/wu/ros2_ws/install/target_state_pkg/lib/target_state_pkg/processor_node.py
[2.708s] -- Installing: /home/wu/ros2_ws/install/target_state_pkg/share/ament_index/resource_index/package_run_dependencies/target_state_pkg
[2.708s] -- Installing: /home/wu/ros2_ws/install/target_state_pkg/share/ament_index/resource_index/parent_prefix_path/target_state_pkg
[2.708s] -- Installing: /home/wu/ros2_ws/install/target_state_pkg/share/target_state_pkg/environment/ament_prefix_path.sh
[2.708s] -- Installing: /home/wu/ros2_ws/install/target_state_pkg/share/target_state_pkg/environment/ament_prefix_path.dsv
[2.708s] -- Installing: /home/wu/ros2_ws/install/target_state_pkg/share/target_state_pkg/environment/path.sh
[2.709s] -- Installing: /home/wu/ros2_ws/install/target_state_pkg/share/target_state_pkg/environment/path.dsv
[2.709s] -- Installing: /home/wu/ros2_ws/install/target_state_pkg/share/target_state_pkg/local_setup.bash
[2.709s] -- Installing: /home/wu/ros2_ws/install/target_state_pkg/share/target_state_pkg/local_setup.sh
[2.709s] -- Installing: /home/wu/ros2_ws/install/target_state_pkg/share/target_state_pkg/local_setup.zsh
[2.709s] -- Installing: /home/wu/ros2_ws/install/target_state_pkg/share/target_state_pkg/local_setup.dsv
[2.709s] -- Installing: /home/wu/ros2_ws/install/target_state_pkg/share/target_state_pkg/package.dsv
[2.709s] -- Installing: /home/wu/ros2_ws/install/target_state_pkg/share/ament_index/resource_index/packages/target_state_pkg
[2.709s] -- Installing: /home/wu/ros2_ws/install/target_state_pkg/share/target_state_pkg/cmake/export_target_state_pkg__rosidl_generator_cExport.cmake
[2.709s] -- Installing: /home/wu/ros2_ws/install/target_state_pkg/share/target_state_pkg/cmake/export_target_state_pkg__rosidl_generator_cExport-noconfig.cmake
[2.709s] -- Installing: /home/wu/ros2_ws/install/target_state_pkg/share/target_state_pkg/cmake/export_target_state_pkg__rosidl_typesupport_fastrtps_cExport.cmake
[2.709s] -- Installing: /home/wu/ros2_ws/install/target_state_pkg/share/target_state_pkg/cmake/export_target_state_pkg__rosidl_typesupport_fastrtps_cExport-noconfig.cmake
[2.710s] -- Installing: /home/wu/ros2_ws/install/target_state_pkg/share/target_state_pkg/cmake/export_target_state_pkg__rosidl_generator_cppExport.cmake
[2.710s] -- Installing: /home/wu/ros2_ws/install/target_state_pkg/share/target_state_pkg/cmake/export_target_state_pkg__rosidl_typesupport_fastrtps_cppExport.cmake
[2.710s] -- Installing: /home/wu/ros2_ws/install/target_state_pkg/share/target_state_pkg/cmake/export_target_state_pkg__rosidl_typesupport_fastrtps_cppExport-noconfig.cmake
[2.710s] -- Installing: /home/wu/ros2_ws/install/target_state_pkg/share/target_state_pkg/cmake/target_state_pkg__rosidl_typesupport_introspection_cExport.cmake
[2.710s] -- Installing: /home/wu/ros2_ws/install/target_state_pkg/share/target_state_pkg/cmake/target_state_pkg__rosidl_typesupport_introspection_cExport-noconfig.cmake
[2.710s] -- Installing: /home/wu/ros2_ws/install/target_state_pkg/share/target_state_pkg/cmake/target_state_pkg__rosidl_typesupport_cExport.cmake
[2.710s] -- Installing: /home/wu/ros2_ws/install/target_state_pkg/share/target_state_pkg/cmake/target_state_pkg__rosidl_typesupport_cExport-noconfig.cmake
[2.710s] -- Installing: /home/wu/ros2_ws/install/target_state_pkg/share/target_state_pkg/cmake/target_state_pkg__rosidl_typesupport_introspection_cppExport.cmake
[2.710s] -- Installing: /home/wu/ros2_ws/install/target_state_pkg/share/target_state_pkg/cmake/target_state_pkg__rosidl_typesupport_introspection_cppExport-noconfig.cmake
[2.710s] -- Installing: /home/wu/ros2_ws/install/target_state_pkg/share/target_state_pkg/cmake/target_state_pkg__rosidl_typesupport_cppExport.cmake
[2.711s] -- Installing: /home/wu/ros2_ws/install/target_state_pkg/share/target_state_pkg/cmake/target_state_pkg__rosidl_typesupport_cppExport-noconfig.cmake
[2.711s] -- Installing: /home/wu/ros2_ws/install/target_state_pkg/share/target_state_pkg/cmake/export_target_state_pkg__rosidl_generator_pyExport.cmake
[2.711s] -- Installing: /home/wu/ros2_ws/install/target_state_pkg/share/target_state_pkg/cmake/export_target_state_pkg__rosidl_generator_pyExport-noconfig.cmake
[2.711s] -- Installing: /home/wu/ros2_ws/install/target_state_pkg/share/target_state_pkg/cmake/rosidl_cmake-extras.cmake
[2.711s] -- Installing: /home/wu/ros2_ws/install/target_state_pkg/share/target_state_pkg/cmake/ament_cmake_export_dependencies-extras.cmake
[2.711s] -- Installing: /home/wu/ros2_ws/install/target_state_pkg/share/target_state_pkg/cmake/ament_cmake_export_include_directories-extras.cmake
[2.711s] -- Installing: /home/wu/ros2_ws/install/target_state_pkg/share/target_state_pkg/cmake/ament_cmake_export_libraries-extras.cmake
[2.711s] -- Installing: /home/wu/ros2_ws/install/target_state_pkg/share/target_state_pkg/cmake/ament_cmake_export_targets-extras.cmake
[2.712s] -- Installing: /home/wu/ros2_ws/install/target_state_pkg/share/target_state_pkg/cmake/rosidl_cmake_export_typesupport_targets-extras.cmake
[2.712s] -- Installing: /home/wu/ros2_ws/install/target_state_pkg/share/target_state_pkg/cmake/rosidl_cmake_export_typesupport_libraries-extras.cmake
[2.712s] -- Installing: /home/wu/ros2_ws/install/target_state_pkg/share/target_state_pkg/cmake/target_state_pkgConfig.cmake
[2.712s] -- Installing: /home/wu/ros2_ws/install/target_state_pkg/share/target_state_pkg/cmake/target_state_pkgConfig-version.cmake
[2.712s] -- Installing: /home/wu/ros2_ws/install/target_state_pkg/share/target_state_pkg/package.xml
[2.714s] Invoked command in '/home/wu/ros2_ws/build/target_state_pkg' returned '0': CMAKE_PREFIX_PATH=${CMAKE_PREFIX_PATH}:/home/wu/dev_ws/install/learning_urdf:/home/wu/dev_ws/install/learning_topic:/home/wu/dev_ws/install/learning_tf:/home/wu/dev_ws/install/learning_service:/home/wu/dev_ws/install/learning_qos:/home/wu/dev_ws/install/learning_pkg_python:/home/wu/dev_ws/install/learning_parameter:/home/wu/dev_ws/install/learning_node:/home/wu/dev_ws/install/learning_launch:/home/wu/dev_ws/install/learning_action:/home/wu/dev_ws/install/learning_gazebo_harmonic:/home/wu/dev_ws/install/learning_gazebo:/home/wu/dev_ws/install/learning_cv:/opt/ros/humble /usr/bin/cmake --install /home/wu/ros2_ws/build/target_state_pkg
