[0.753s] Invoking command in '/home/zjq/learnROS2/Febpractice_zjq_ws/src/status_topics': CONDA_PROMPT_MODIFIER=(base) PYTHONPATH=/home/zjq/learnROS2/Febpractice_zjq_ws/build/status_topics/prefix_override:/usr/lib/python3/dist-packages/colcon_core/task/python/colcon_distutils_commands:/home/zjq/learnROS2/Febpractice_zjq_ws/install/status_topics/lib/python3.10/site-packages:${PYTHONPATH} /usr/bin/python3 -W ignore:setup.py install is deprecated -W ignore:easy_install command is deprecated setup.py egg_info --egg-base ../../build/status_topics build --build-base /home/zjq/learnROS2/Febpractice_zjq_ws/build/status_topics/build install --record /home/zjq/learnROS2/Febpractice_zjq_ws/build/status_topics/install.log --single-version-externally-managed install_data
[1.012s] running egg_info
[1.013s] writing ../../build/status_topics/status_topics.egg-info/PKG-INFO
[1.018s] writing dependency_links to ../../build/status_topics/status_topics.egg-info/dependency_links.txt
[1.018s] writing entry points to ../../build/status_topics/status_topics.egg-info/entry_points.txt
[1.018s] writing requirements to ../../build/status_topics/status_topics.egg-info/requires.txt
[1.019s] writing top-level names to ../../build/status_topics/status_topics.egg-info/top_level.txt
[1.023s] reading manifest file '../../build/status_topics/status_topics.egg-info/SOURCES.txt'
[1.023s] adding license file 'LICENSE'
[1.023s] writing manifest file '../../build/status_topics/status_topics.egg-info/SOURCES.txt'
[1.023s] running build
[1.023s] running build_py
[1.024s] running install
[1.024s] running install_lib
[1.025s] running install_data
[1.025s] running install_egg_info
[1.028s] removing '/home/zjq/learnROS2/Febpractice_zjq_ws/install/status_topics/lib/python3.10/site-packages/status_topics-0.0.0-py3.10.egg-info' (and everything under it)
[1.029s] Copying ../../build/status_topics/status_topics.egg-info to /home/zjq/learnROS2/Febpractice_zjq_ws/install/status_topics/lib/python3.10/site-packages/status_topics-0.0.0-py3.10.egg-info
[1.030s] running install_scripts
[1.056s] Installing sys_status_pub script to /home/zjq/learnROS2/Febpractice_zjq_ws/install/status_topics/lib/status_topics
[1.057s] Installing sys_status_trans script to /home/zjq/learnROS2/Febpractice_zjq_ws/install/status_topics/lib/status_topics
[1.058s] writing list of installed files to '/home/zjq/learnROS2/Febpractice_zjq_ws/build/status_topics/install.log'
[1.086s] Invoked command in '/home/zjq/learnROS2/Febpractice_zjq_ws/src/status_topics' returned '0': CONDA_PROMPT_MODIFIER=(base) PYTHONPATH=/home/zjq/learnROS2/Febpractice_zjq_ws/build/status_topics/prefix_override:/usr/lib/python3/dist-packages/colcon_core/task/python/colcon_distutils_commands:/home/zjq/learnROS2/Febpractice_zjq_ws/install/status_topics/lib/python3.10/site-packages:${PYTHONPATH} /usr/bin/python3 -W ignore:setup.py install is deprecated -W ignore:easy_install command is deprecated setup.py egg_info --egg-base ../../build/status_topics build --build-base /home/zjq/learnROS2/Febpractice_zjq_ws/build/status_topics/build install --record /home/zjq/learnROS2/Febpractice_zjq_ws/build/status_topics/install.log --single-version-externally-managed install_data
