[0.030s] Invoking command in '/home/zjq/learnROS2/Febpractice_zjq_ws/build/status_interfaces': CMAKE_PREFIX_PATH=/opt/ros/humble CONDA_PROMPT_MODIFIER=(base) /usr/bin/cmake --build /home/zjq/learnROS2/Febpractice_zjq_ws/build/status_interfaces -- -j4 -l4
[0.160s] [35m[1mConsolidate compiler generated dependencies of target status_interfaces__rosidl_generator_c[0m
[0.195s] [  9%] Built target status_interfaces__rosidl_generator_c
[0.219s] [ 12%] Built target status_interfaces__cpp
[0.249s] [ 12%] Built target ament_cmake_python_copy_status_interfaces
[0.253s] [35m[1mConsolidate compiler generated dependencies of target status_interfaces__rosidl_typesupport_fastrtps_c[0m
[0.256s] [35m[1mConsolidate compiler generated dependencies of target status_interfaces__rosidl_typesupport_c[0m
[0.263s] [35m[1mConsolidate compiler generated dependencies of target status_interfaces__rosidl_typesupport_introspection_c[0m
[0.308s] [ 22%] Built target status_interfaces__rosidl_typesupport_fastrtps_c
[0.314s] [ 32%] Built target status_interfaces__rosidl_typesupport_c
[0.314s] [35m[1mConsolidate compiler generated dependencies of target status_interfaces__rosidl_typesupport_introspection_cpp[0m
[0.324s] [ 41%] Built target status_interfaces__rosidl_typesupport_introspection_c
[0.353s] [ 51%] Built target status_interfaces__rosidl_typesupport_introspection_cpp
[0.364s] [35m[1mConsolidate compiler generated dependencies of target status_interfaces__rosidl_typesupport_fastrtps_cpp[0m
[0.371s] [35m[1mConsolidate compiler generated dependencies of target status_interfaces__rosidl_typesupport_cpp[0m
[0.423s] [ 61%] Built target status_interfaces__rosidl_typesupport_fastrtps_cpp
[0.430s] [ 70%] Built target status_interfaces__rosidl_typesupport_cpp
[0.498s] [ 70%] Built target status_interfaces
[0.541s] [ 74%] Built target status_interfaces__py
[0.560s] [35m[1mConsolidate compiler generated dependencies of target status_interfaces__rosidl_generator_py[0m
[0.583s] [ 80%] Built target status_interfaces__rosidl_generator_py
[0.606s] [35m[1mConsolidate compiler generated dependencies of target status_interfaces__rosidl_typesupport_fastrtps_c__pyext[0m
[0.625s] [35m[1mConsolidate compiler generated dependencies of target status_interfaces__rosidl_typesupport_c__pyext[0m
[0.646s] [35m[1mConsolidate compiler generated dependencies of target status_interfaces__rosidl_typesupport_introspection_c__pyext[0m
[0.648s] [ 87%] Built target status_interfaces__rosidl_typesupport_fastrtps_c__pyext
[0.673s] [ 93%] Built target status_interfaces__rosidl_typesupport_c__pyext
[0.681s] [100%] Built target status_interfaces__rosidl_typesupport_introspection_c__pyext
[0.698s] running egg_info
[0.699s] writing status_interfaces.egg-info/PKG-INFO
[0.701s] writing dependency_links to status_interfaces.egg-info/dependency_links.txt
[0.701s] writing top-level names to status_interfaces.egg-info/top_level.txt
[0.705s] reading manifest file 'status_interfaces.egg-info/SOURCES.txt'
[0.706s] writing manifest file 'status_interfaces.egg-info/SOURCES.txt'
[0.749s] [100%] Built target ament_cmake_python_build_status_interfaces_egg
[0.775s] Invoked command in '/home/zjq/learnROS2/Febpractice_zjq_ws/build/status_interfaces' returned '0': CMAKE_PREFIX_PATH=/opt/ros/humble CONDA_PROMPT_MODIFIER=(base) /usr/bin/cmake --build /home/zjq/learnROS2/Febpractice_zjq_ws/build/status_interfaces -- -j4 -l4
[0.791s] Invoking command in '/home/zjq/learnROS2/Febpractice_zjq_ws/build/status_interfaces': CMAKE_PREFIX_PATH=/opt/ros/humble CONDA_PROMPT_MODIFIER=(base) /usr/bin/cmake --install /home/zjq/learnROS2/Febpractice_zjq_ws/build/status_interfaces
[0.805s] -- Install configuration: ""
[0.805s] -- Up-to-date: /home/zjq/learnROS2/Febpractice_zjq_ws/install/status_interfaces/share/ament_index/resource_index/rosidl_interfaces/status_interfaces
[0.805s] -- Up-to-date: /home/zjq/learnROS2/Febpractice_zjq_ws/install/status_interfaces/include/status_interfaces/status_interfaces
[0.805s] -- Up-to-date: /home/zjq/learnROS2/Febpractice_zjq_ws/install/status_interfaces/include/status_interfaces/status_interfaces/msg
[0.805s] -- Up-to-date: /home/zjq/learnROS2/Febpractice_zjq_ws/install/status_interfaces/include/status_interfaces/status_interfaces/msg/target_state.h
[0.806s] -- Up-to-date: /home/zjq/learnROS2/Febpractice_zjq_ws/install/status_interfaces/include/status_interfaces/status_interfaces/msg/detail
[0.806s] -- Up-to-date: /home/zjq/learnROS2/Febpractice_zjq_ws/install/status_interfaces/include/status_interfaces/status_interfaces/msg/detail/target_state__functions.h
[0.806s] -- Up-to-date: /home/zjq/learnROS2/Febpractice_zjq_ws/install/status_interfaces/include/status_interfaces/status_interfaces/msg/detail/target_state__struct.h
[0.806s] -- Up-to-date: /home/zjq/learnROS2/Febpractice_zjq_ws/install/status_interfaces/include/status_interfaces/status_interfaces/msg/detail/target_state__type_support.h
[0.806s] -- Up-to-date: /home/zjq/learnROS2/Febpractice_zjq_ws/install/status_interfaces/include/status_interfaces/status_interfaces/msg/detail/target_state__functions.c
[0.806s] -- Up-to-date: /home/zjq/learnROS2/Febpractice_zjq_ws/install/status_interfaces/include/status_interfaces/status_interfaces/msg/rosidl_generator_c__visibility_control.h
[0.807s] -- Up-to-date: /home/zjq/learnROS2/Febpractice_zjq_ws/install/status_interfaces/share/status_interfaces/environment/library_path.sh
[0.807s] -- Up-to-date: /home/zjq/learnROS2/Febpractice_zjq_ws/install/status_interfaces/share/status_interfaces/environment/library_path.dsv
[0.807s] -- Up-to-date: /home/zjq/learnROS2/Febpractice_zjq_ws/install/status_interfaces/lib/libstatus_interfaces__rosidl_generator_c.so
[0.807s] -- Up-to-date: /home/zjq/learnROS2/Febpractice_zjq_ws/install/status_interfaces/include/status_interfaces/status_interfaces
[0.808s] -- Up-to-date: /home/zjq/learnROS2/Febpractice_zjq_ws/install/status_interfaces/include/status_interfaces/status_interfaces/msg
[0.808s] -- Up-to-date: /home/zjq/learnROS2/Febpractice_zjq_ws/install/status_interfaces/include/status_interfaces/status_interfaces/msg/detail
[0.808s] -- Up-to-date: /home/zjq/learnROS2/Febpractice_zjq_ws/install/status_interfaces/include/status_interfaces/status_interfaces/msg/detail/target_state__rosidl_typesupport_fastrtps_c.h
[0.808s] -- Up-to-date: /home/zjq/learnROS2/Febpractice_zjq_ws/install/status_interfaces/include/status_interfaces/status_interfaces/msg/rosidl_typesupport_fastrtps_c__visibility_control.h
[0.808s] -- Up-to-date: /home/zjq/learnROS2/Febpractice_zjq_ws/install/status_interfaces/lib/libstatus_interfaces__rosidl_typesupport_fastrtps_c.so
[0.808s] -- Up-to-date: /home/zjq/learnROS2/Febpractice_zjq_ws/install/status_interfaces/include/status_interfaces/status_interfaces
[0.808s] -- Up-to-date: /home/zjq/learnROS2/Febpractice_zjq_ws/install/status_interfaces/include/status_interfaces/status_interfaces/msg
[0.808s] -- Up-to-date: /home/zjq/learnROS2/Febpractice_zjq_ws/install/status_interfaces/include/status_interfaces/status_interfaces/msg/detail
[0.808s] -- Up-to-date: /home/zjq/learnROS2/Febpractice_zjq_ws/install/status_interfaces/include/status_interfaces/status_interfaces/msg/detail/target_state__struct.hpp
[0.808s] -- Up-to-date: /home/zjq/learnROS2/Febpractice_zjq_ws/install/status_interfaces/include/status_interfaces/status_interfaces/msg/detail/target_state__traits.hpp
[0.808s] -- Up-to-date: /home/zjq/learnROS2/Febpractice_zjq_ws/install/status_interfaces/include/status_interfaces/status_interfaces/msg/detail/target_state__type_support.hpp
[0.808s] -- Up-to-date: /home/zjq/learnROS2/Febpractice_zjq_ws/install/status_interfaces/include/status_interfaces/status_interfaces/msg/detail/target_state__builder.hpp
[0.808s] -- Up-to-date: /home/zjq/learnROS2/Febpractice_zjq_ws/install/status_interfaces/include/status_interfaces/status_interfaces/msg/rosidl_generator_cpp__visibility_control.hpp
[0.808s] -- Up-to-date: /home/zjq/learnROS2/Febpractice_zjq_ws/install/status_interfaces/include/status_interfaces/status_interfaces/msg/target_state.hpp
[0.808s] -- Up-to-date: /home/zjq/learnROS2/Febpractice_zjq_ws/install/status_interfaces/include/status_interfaces/status_interfaces
[0.808s] -- Up-to-date: /home/zjq/learnROS2/Febpractice_zjq_ws/install/status_interfaces/include/status_interfaces/status_interfaces/msg
[0.809s] -- Up-to-date: /home/zjq/learnROS2/Febpractice_zjq_ws/install/status_interfaces/include/status_interfaces/status_interfaces/msg/detail
[0.809s] -- Up-to-date: /home/zjq/learnROS2/Febpractice_zjq_ws/install/status_interfaces/include/status_interfaces/status_interfaces/msg/detail/dds_fastrtps
[0.809s] -- Up-to-date: /home/zjq/learnROS2/Febpractice_zjq_ws/install/status_interfaces/include/status_interfaces/status_interfaces/msg/detail/target_state__rosidl_typesupport_fastrtps_cpp.hpp
[0.809s] -- Up-to-date: /home/zjq/learnROS2/Febpractice_zjq_ws/install/status_interfaces/include/status_interfaces/status_interfaces/msg/rosidl_typesupport_fastrtps_cpp__visibility_control.h
[0.810s] -- Up-to-date: /home/zjq/learnROS2/Febpractice_zjq_ws/install/status_interfaces/lib/libstatus_interfaces__rosidl_typesupport_fastrtps_cpp.so
[0.810s] -- Up-to-date: /home/zjq/learnROS2/Febpractice_zjq_ws/install/status_interfaces/include/status_interfaces/status_interfaces
[0.810s] -- Up-to-date: /home/zjq/learnROS2/Febpractice_zjq_ws/install/status_interfaces/include/status_interfaces/status_interfaces/msg
[0.810s] -- Up-to-date: /home/zjq/learnROS2/Febpractice_zjq_ws/install/status_interfaces/include/status_interfaces/status_interfaces/msg/rosidl_typesupport_introspection_c__visibility_control.h
[0.810s] -- Up-to-date: /home/zjq/learnROS2/Febpractice_zjq_ws/install/status_interfaces/include/status_interfaces/status_interfaces/msg/detail
[0.810s] -- Up-to-date: /home/zjq/learnROS2/Febpractice_zjq_ws/install/status_interfaces/include/status_interfaces/status_interfaces/msg/detail/target_state__type_support.c
[0.810s] -- Up-to-date: /home/zjq/learnROS2/Febpractice_zjq_ws/install/status_interfaces/include/status_interfaces/status_interfaces/msg/detail/target_state__rosidl_typesupport_introspection_c.h
[0.811s] -- Up-to-date: /home/zjq/learnROS2/Febpractice_zjq_ws/install/status_interfaces/lib/libstatus_interfaces__rosidl_typesupport_introspection_c.so
[0.811s] -- Up-to-date: /home/zjq/learnROS2/Febpractice_zjq_ws/install/status_interfaces/lib/libstatus_interfaces__rosidl_typesupport_c.so
[0.811s] -- Up-to-date: /home/zjq/learnROS2/Febpractice_zjq_ws/install/status_interfaces/include/status_interfaces/status_interfaces
[0.812s] -- Up-to-date: /home/zjq/learnROS2/Febpractice_zjq_ws/install/status_interfaces/include/status_interfaces/status_interfaces/msg
[0.812s] -- Up-to-date: /home/zjq/learnROS2/Febpractice_zjq_ws/install/status_interfaces/include/status_interfaces/status_interfaces/msg/detail
[0.812s] -- Up-to-date: /home/zjq/learnROS2/Febpractice_zjq_ws/install/status_interfaces/include/status_interfaces/status_interfaces/msg/detail/target_state__rosidl_typesupport_introspection_cpp.hpp
[0.813s] -- Up-to-date: /home/zjq/learnROS2/Febpractice_zjq_ws/install/status_interfaces/include/status_interfaces/status_interfaces/msg/detail/target_state__type_support.cpp
[0.813s] -- Up-to-date: /home/zjq/learnROS2/Febpractice_zjq_ws/install/status_interfaces/lib/libstatus_interfaces__rosidl_typesupport_introspection_cpp.so
[0.813s] -- Up-to-date: /home/zjq/learnROS2/Febpractice_zjq_ws/install/status_interfaces/lib/libstatus_interfaces__rosidl_typesupport_cpp.so
[0.813s] -- Up-to-date: /home/zjq/learnROS2/Febpractice_zjq_ws/install/status_interfaces/share/status_interfaces/environment/pythonpath.sh
[0.813s] -- Up-to-date: /home/zjq/learnROS2/Febpractice_zjq_ws/install/status_interfaces/share/status_interfaces/environment/pythonpath.dsv
[0.813s] -- Up-to-date: /home/zjq/learnROS2/Febpractice_zjq_ws/install/status_interfaces/local/lib/python3.10/dist-packages/status_interfaces-0.0.0-py3.10.egg-info
[0.813s] -- Installing: /home/zjq/learnROS2/Febpractice_zjq_ws/install/status_interfaces/local/lib/python3.10/dist-packages/status_interfaces-0.0.0-py3.10.egg-info/dependency_links.txt
[0.813s] -- Installing: /home/zjq/learnROS2/Febpractice_zjq_ws/install/status_interfaces/local/lib/python3.10/dist-packages/status_interfaces-0.0.0-py3.10.egg-info/top_level.txt
[0.813s] -- Installing: /home/zjq/learnROS2/Febpractice_zjq_ws/install/status_interfaces/local/lib/python3.10/dist-packages/status_interfaces-0.0.0-py3.10.egg-info/SOURCES.txt
[0.814s] -- Installing: /home/zjq/learnROS2/Febpractice_zjq_ws/install/status_interfaces/local/lib/python3.10/dist-packages/status_interfaces-0.0.0-py3.10.egg-info/PKG-INFO
[0.814s] -- Up-to-date: /home/zjq/learnROS2/Febpractice_zjq_ws/install/status_interfaces/local/lib/python3.10/dist-packages/status_interfaces
[0.814s] -- Up-to-date: /home/zjq/learnROS2/Febpractice_zjq_ws/install/status_interfaces/local/lib/python3.10/dist-packages/status_interfaces/status_interfaces_s__rosidl_typesupport_fastrtps_c.cpython-310-x86_64-linux-gnu.so
[0.814s] -- Up-to-date: /home/zjq/learnROS2/Febpractice_zjq_ws/install/status_interfaces/local/lib/python3.10/dist-packages/status_interfaces/__init__.py
[0.814s] -- Up-to-date: /home/zjq/learnROS2/Febpractice_zjq_ws/install/status_interfaces/local/lib/python3.10/dist-packages/status_interfaces/msg
[0.814s] -- Up-to-date: /home/zjq/learnROS2/Febpractice_zjq_ws/install/status_interfaces/local/lib/python3.10/dist-packages/status_interfaces/msg/_target_state.py
[0.814s] -- Up-to-date: /home/zjq/learnROS2/Febpractice_zjq_ws/install/status_interfaces/local/lib/python3.10/dist-packages/status_interfaces/msg/_target_state_s.c
[0.814s] -- Up-to-date: /home/zjq/learnROS2/Febpractice_zjq_ws/install/status_interfaces/local/lib/python3.10/dist-packages/status_interfaces/msg/__init__.py
[0.814s] -- Up-to-date: /home/zjq/learnROS2/Febpractice_zjq_ws/install/status_interfaces/local/lib/python3.10/dist-packages/status_interfaces/_status_interfaces_s.ep.rosidl_typesupport_fastrtps_c.c
[0.814s] -- Up-to-date: /home/zjq/learnROS2/Febpractice_zjq_ws/install/status_interfaces/local/lib/python3.10/dist-packages/status_interfaces/_status_interfaces_s.ep.rosidl_typesupport_introspection_c.c
[0.814s] -- Up-to-date: /home/zjq/learnROS2/Febpractice_zjq_ws/install/status_interfaces/local/lib/python3.10/dist-packages/status_interfaces/status_interfaces_s__rosidl_typesupport_introspection_c.cpython-310-x86_64-linux-gnu.so
[0.815s] -- Up-to-date: /home/zjq/learnROS2/Febpractice_zjq_ws/install/status_interfaces/local/lib/python3.10/dist-packages/status_interfaces/_status_interfaces_s.ep.rosidl_typesupport_c.c
[0.815s] -- Up-to-date: /home/zjq/learnROS2/Febpractice_zjq_ws/install/status_interfaces/local/lib/python3.10/dist-packages/status_interfaces/status_interfaces_s__rosidl_typesupport_c.cpython-310-x86_64-linux-gnu.so
[0.815s] -- Up-to-date: /home/zjq/learnROS2/Febpractice_zjq_ws/install/status_interfaces/local/lib/python3.10/dist-packages/status_interfaces/libstatus_interfaces__rosidl_generator_py.so
[0.869s] Listing '/home/zjq/learnROS2/Febpractice_zjq_ws/install/status_interfaces/local/lib/python3.10/dist-packages/status_interfaces'...
[0.869s] Listing '/home/zjq/learnROS2/Febpractice_zjq_ws/install/status_interfaces/local/lib/python3.10/dist-packages/status_interfaces/msg'...
[0.875s] -- Up-to-date: /home/zjq/learnROS2/Febpractice_zjq_ws/install/status_interfaces/local/lib/python3.10/dist-packages/status_interfaces/status_interfaces_s__rosidl_typesupport_fastrtps_c.cpython-310-x86_64-linux-gnu.so
[0.875s] -- Up-to-date: /home/zjq/learnROS2/Febpractice_zjq_ws/install/status_interfaces/local/lib/python3.10/dist-packages/status_interfaces/status_interfaces_s__rosidl_typesupport_introspection_c.cpython-310-x86_64-linux-gnu.so
[0.881s] -- Up-to-date: /home/zjq/learnROS2/Febpractice_zjq_ws/install/status_interfaces/local/lib/python3.10/dist-packages/status_interfaces/status_interfaces_s__rosidl_typesupport_c.cpython-310-x86_64-linux-gnu.so
[0.882s] -- Up-to-date: /home/zjq/learnROS2/Febpractice_zjq_ws/install/status_interfaces/lib/libstatus_interfaces__rosidl_generator_py.so
[0.882s] -- Up-to-date: /home/zjq/learnROS2/Febpractice_zjq_ws/install/status_interfaces/share/status_interfaces/msg/TargetState.idl
[0.882s] -- Up-to-date: /home/zjq/learnROS2/Febpractice_zjq_ws/install/status_interfaces/share/status_interfaces/msg/TargetState.msg
[0.882s] -- Up-to-date: /home/zjq/learnROS2/Febpractice_zjq_ws/install/status_interfaces/share/ament_index/resource_index/package_run_dependencies/status_interfaces
[0.882s] -- Up-to-date: /home/zjq/learnROS2/Febpractice_zjq_ws/install/status_interfaces/share/ament_index/resource_index/parent_prefix_path/status_interfaces
[0.886s] -- Up-to-date: /home/zjq/learnROS2/Febpractice_zjq_ws/install/status_interfaces/share/status_interfaces/environment/ament_prefix_path.sh
[0.886s] -- Up-to-date: /home/zjq/learnROS2/Febpractice_zjq_ws/install/status_interfaces/share/status_interfaces/environment/ament_prefix_path.dsv
[0.886s] -- Up-to-date: /home/zjq/learnROS2/Febpractice_zjq_ws/install/status_interfaces/share/status_interfaces/environment/path.sh
[0.886s] -- Up-to-date: /home/zjq/learnROS2/Febpractice_zjq_ws/install/status_interfaces/share/status_interfaces/environment/path.dsv
[0.886s] -- Up-to-date: /home/zjq/learnROS2/Febpractice_zjq_ws/install/status_interfaces/share/status_interfaces/local_setup.bash
[0.887s] -- Up-to-date: /home/zjq/learnROS2/Febpractice_zjq_ws/install/status_interfaces/share/status_interfaces/local_setup.sh
[0.887s] -- Up-to-date: /home/zjq/learnROS2/Febpractice_zjq_ws/install/status_interfaces/share/status_interfaces/local_setup.zsh
[0.887s] -- Up-to-date: /home/zjq/learnROS2/Febpractice_zjq_ws/install/status_interfaces/share/status_interfaces/local_setup.dsv
[0.887s] -- Installing: /home/zjq/learnROS2/Febpractice_zjq_ws/install/status_interfaces/share/status_interfaces/package.dsv
[0.887s] -- Up-to-date: /home/zjq/learnROS2/Febpractice_zjq_ws/install/status_interfaces/share/ament_index/resource_index/packages/status_interfaces
[0.887s] -- Up-to-date: /home/zjq/learnROS2/Febpractice_zjq_ws/install/status_interfaces/share/status_interfaces/cmake/export_status_interfaces__rosidl_generator_cExport.cmake
[0.889s] -- Up-to-date: /home/zjq/learnROS2/Febpractice_zjq_ws/install/status_interfaces/share/status_interfaces/cmake/export_status_interfaces__rosidl_generator_cExport-noconfig.cmake
[0.890s] -- Up-to-date: /home/zjq/learnROS2/Febpractice_zjq_ws/install/status_interfaces/share/status_interfaces/cmake/export_status_interfaces__rosidl_typesupport_fastrtps_cExport.cmake
[0.890s] -- Up-to-date: /home/zjq/learnROS2/Febpractice_zjq_ws/install/status_interfaces/share/status_interfaces/cmake/export_status_interfaces__rosidl_typesupport_fastrtps_cExport-noconfig.cmake
[0.890s] -- Up-to-date: /home/zjq/learnROS2/Febpractice_zjq_ws/install/status_interfaces/share/status_interfaces/cmake/export_status_interfaces__rosidl_generator_cppExport.cmake
[0.891s] -- Up-to-date: /home/zjq/learnROS2/Febpractice_zjq_ws/install/status_interfaces/share/status_interfaces/cmake/export_status_interfaces__rosidl_typesupport_fastrtps_cppExport.cmake
[0.891s] -- Up-to-date: /home/zjq/learnROS2/Febpractice_zjq_ws/install/status_interfaces/share/status_interfaces/cmake/export_status_interfaces__rosidl_typesupport_fastrtps_cppExport-noconfig.cmake
[0.891s] -- Up-to-date: /home/zjq/learnROS2/Febpractice_zjq_ws/install/status_interfaces/share/status_interfaces/cmake/status_interfaces__rosidl_typesupport_introspection_cExport.cmake
[0.891s] -- Up-to-date: /home/zjq/learnROS2/Febpractice_zjq_ws/install/status_interfaces/share/status_interfaces/cmake/status_interfaces__rosidl_typesupport_introspection_cExport-noconfig.cmake
[0.891s] -- Up-to-date: /home/zjq/learnROS2/Febpractice_zjq_ws/install/status_interfaces/share/status_interfaces/cmake/status_interfaces__rosidl_typesupport_cExport.cmake
[0.891s] -- Up-to-date: /home/zjq/learnROS2/Febpractice_zjq_ws/install/status_interfaces/share/status_interfaces/cmake/status_interfaces__rosidl_typesupport_cExport-noconfig.cmake
[0.891s] -- Up-to-date: /home/zjq/learnROS2/Febpractice_zjq_ws/install/status_interfaces/share/status_interfaces/cmake/status_interfaces__rosidl_typesupport_introspection_cppExport.cmake
[0.892s] -- Up-to-date: /home/zjq/learnROS2/Febpractice_zjq_ws/install/status_interfaces/share/status_interfaces/cmake/status_interfaces__rosidl_typesupport_introspection_cppExport-noconfig.cmake
[0.892s] -- Up-to-date: /home/zjq/learnROS2/Febpractice_zjq_ws/install/status_interfaces/share/status_interfaces/cmake/status_interfaces__rosidl_typesupport_cppExport.cmake
[0.892s] -- Up-to-date: /home/zjq/learnROS2/Febpractice_zjq_ws/install/status_interfaces/share/status_interfaces/cmake/status_interfaces__rosidl_typesupport_cppExport-noconfig.cmake
[0.895s] -- Up-to-date: /home/zjq/learnROS2/Febpractice_zjq_ws/install/status_interfaces/share/status_interfaces/cmake/export_status_interfaces__rosidl_generator_pyExport.cmake
[0.895s] -- Up-to-date: /home/zjq/learnROS2/Febpractice_zjq_ws/install/status_interfaces/share/status_interfaces/cmake/export_status_interfaces__rosidl_generator_pyExport-noconfig.cmake
[0.895s] -- Up-to-date: /home/zjq/learnROS2/Febpractice_zjq_ws/install/status_interfaces/share/status_interfaces/cmake/rosidl_cmake-extras.cmake
[0.896s] -- Up-to-date: /home/zjq/learnROS2/Febpractice_zjq_ws/install/status_interfaces/share/status_interfaces/cmake/ament_cmake_export_dependencies-extras.cmake
[0.899s] -- Up-to-date: /home/zjq/learnROS2/Febpractice_zjq_ws/install/status_interfaces/share/status_interfaces/cmake/ament_cmake_export_include_directories-extras.cmake
[0.899s] -- Up-to-date: /home/zjq/learnROS2/Febpractice_zjq_ws/install/status_interfaces/share/status_interfaces/cmake/ament_cmake_export_libraries-extras.cmake
[0.899s] -- Up-to-date: /home/zjq/learnROS2/Febpractice_zjq_ws/install/status_interfaces/share/status_interfaces/cmake/ament_cmake_export_targets-extras.cmake
[0.899s] -- Up-to-date: /home/zjq/learnROS2/Febpractice_zjq_ws/install/status_interfaces/share/status_interfaces/cmake/rosidl_cmake_export_typesupport_targets-extras.cmake
[0.900s] -- Up-to-date: /home/zjq/learnROS2/Febpractice_zjq_ws/install/status_interfaces/share/status_interfaces/cmake/rosidl_cmake_export_typesupport_libraries-extras.cmake
[0.900s] -- Up-to-date: /home/zjq/learnROS2/Febpractice_zjq_ws/install/status_interfaces/share/status_interfaces/cmake/status_interfacesConfig.cmake
[0.900s] -- Up-to-date: /home/zjq/learnROS2/Febpractice_zjq_ws/install/status_interfaces/share/status_interfaces/cmake/status_interfacesConfig-version.cmake
[0.900s] -- Up-to-date: /home/zjq/learnROS2/Febpractice_zjq_ws/install/status_interfaces/share/status_interfaces/package.xml
[0.901s] Invoked command in '/home/zjq/learnROS2/Febpractice_zjq_ws/build/status_interfaces' returned '0': CMAKE_PREFIX_PATH=/opt/ros/humble CONDA_PROMPT_MODIFIER=(base) /usr/bin/cmake --install /home/zjq/learnROS2/Febpractice_zjq_ws/build/status_interfaces
