[0.018s] Invoking command in '/home/zjq/learnROS2/Febpractice_zjq_ws/build/status_interfaces': CMAKE_PREFIX_PATH=${CMAKE_PREFIX_PATH}:/home/zjq/learnROS2/Febpractice_zjq_ws/install/status_topics:/opt/ros/humble CONDA_PROMPT_MODIFIER=(base) /usr/bin/cmake --build /home/zjq/learnROS2/Febpractice_zjq_ws/build/status_interfaces -- -j4 -l4
[0.150s] [  9%] Built target status_interfaces__rosidl_generator_c
[0.151s] [ 12%] Built target status_interfaces__cpp
[0.153s] [ 12%] Built target ament_cmake_python_copy_status_interfaces
[0.233s] [ 22%] Built target status_interfaces__rosidl_typesupport_introspection_c
[0.233s] [ 32%] Built target status_interfaces__rosidl_typesupport_c
[0.245s] [ 41%] Built target status_interfaces__rosidl_typesupport_fastrtps_c
[0.297s] [ 51%] Built target status_interfaces__rosidl_typesupport_fastrtps_cpp
[0.306s] [ 61%] Built target status_interfaces__rosidl_typesupport_introspection_cpp
[0.315s] [ 70%] Built target status_interfaces__rosidl_typesupport_cpp
[0.373s] [ 70%] Built target status_interfaces
[0.407s] [ 74%] Built target status_interfaces__py
[0.444s] [ 80%] Built target status_interfaces__rosidl_generator_py
[0.490s] [ 87%] Built target status_interfaces__rosidl_typesupport_introspection_c__pyext
[0.498s] [ 93%] Built target status_interfaces__rosidl_typesupport_fastrtps_c__pyext
[0.520s] [100%] Built target status_interfaces__rosidl_typesupport_c__pyext
[0.582s] running egg_info
[0.583s] writing status_interfaces.egg-info/PKG-INFO
[0.584s] writing dependency_links to status_interfaces.egg-info/dependency_links.txt
[0.585s] writing top-level names to status_interfaces.egg-info/top_level.txt
[0.589s] reading manifest file 'status_interfaces.egg-info/SOURCES.txt'
[0.590s] writing manifest file 'status_interfaces.egg-info/SOURCES.txt'
[0.625s] [100%] Built target ament_cmake_python_build_status_interfaces_egg
[0.648s] Invoked command in '/home/zjq/learnROS2/Febpractice_zjq_ws/build/status_interfaces' returned '0': CMAKE_PREFIX_PATH=${CMAKE_PREFIX_PATH}:/home/zjq/learnROS2/Febpractice_zjq_ws/install/status_topics:/opt/ros/humble CONDA_PROMPT_MODIFIER=(base) /usr/bin/cmake --build /home/zjq/learnROS2/Febpractice_zjq_ws/build/status_interfaces -- -j4 -l4
[0.663s] Invoking command in '/home/zjq/learnROS2/Febpractice_zjq_ws/build/status_interfaces': CMAKE_PREFIX_PATH=${CMAKE_PREFIX_PATH}:/home/zjq/learnROS2/Febpractice_zjq_ws/install/status_topics:/opt/ros/humble CONDA_PROMPT_MODIFIER=(base) /usr/bin/cmake --install /home/zjq/learnROS2/Febpractice_zjq_ws/build/status_interfaces
[0.673s] -- Install configuration: ""
[0.673s] -- Up-to-date: /home/zjq/learnROS2/Febpractice_zjq_ws/install/status_interfaces/share/ament_index/resource_index/rosidl_interfaces/status_interfaces
[0.673s] -- Up-to-date: /home/zjq/learnROS2/Febpractice_zjq_ws/install/status_interfaces/include/status_interfaces/status_interfaces
[0.673s] -- Up-to-date: /home/zjq/learnROS2/Febpractice_zjq_ws/install/status_interfaces/include/status_interfaces/status_interfaces/msg
[0.673s] -- Up-to-date: /home/zjq/learnROS2/Febpractice_zjq_ws/install/status_interfaces/include/status_interfaces/status_interfaces/msg/target_state.h
[0.674s] -- Up-to-date: /home/zjq/learnROS2/Febpractice_zjq_ws/install/status_interfaces/include/status_interfaces/status_interfaces/msg/detail
[0.674s] -- Up-to-date: /home/zjq/learnROS2/Febpractice_zjq_ws/install/status_interfaces/include/status_interfaces/status_interfaces/msg/detail/target_state__functions.h
[0.674s] -- Up-to-date: /home/zjq/learnROS2/Febpractice_zjq_ws/install/status_interfaces/include/status_interfaces/status_interfaces/msg/detail/target_state__struct.h
[0.674s] -- Up-to-date: /home/zjq/learnROS2/Febpractice_zjq_ws/install/status_interfaces/include/status_interfaces/status_interfaces/msg/detail/target_state__type_support.h
[0.674s] -- Up-to-date: /home/zjq/learnROS2/Febpractice_zjq_ws/install/status_interfaces/include/status_interfaces/status_interfaces/msg/detail/target_state__functions.c
[0.674s] -- Up-to-date: /home/zjq/learnROS2/Febpractice_zjq_ws/install/status_interfaces/include/status_interfaces/status_interfaces/msg/rosidl_generator_c__visibility_control.h
[0.674s] -- Up-to-date: /home/zjq/learnROS2/Febpractice_zjq_ws/install/status_interfaces/share/status_interfaces/environment/library_path.sh
[0.674s] -- Up-to-date: /home/zjq/learnROS2/Febpractice_zjq_ws/install/status_interfaces/share/status_interfaces/environment/library_path.dsv
[0.674s] -- Up-to-date: /home/zjq/learnROS2/Febpractice_zjq_ws/install/status_interfaces/lib/libstatus_interfaces__rosidl_generator_c.so
[0.674s] -- Up-to-date: /home/zjq/learnROS2/Febpractice_zjq_ws/install/status_interfaces/include/status_interfaces/status_interfaces
[0.674s] -- Up-to-date: /home/zjq/learnROS2/Febpractice_zjq_ws/install/status_interfaces/include/status_interfaces/status_interfaces/msg
[0.674s] -- Up-to-date: /home/zjq/learnROS2/Febpractice_zjq_ws/install/status_interfaces/include/status_interfaces/status_interfaces/msg/detail
[0.675s] -- Up-to-date: /home/zjq/learnROS2/Febpractice_zjq_ws/install/status_interfaces/include/status_interfaces/status_interfaces/msg/detail/target_state__rosidl_typesupport_fastrtps_c.h
[0.675s] -- Up-to-date: /home/zjq/learnROS2/Febpractice_zjq_ws/install/status_interfaces/include/status_interfaces/status_interfaces/msg/rosidl_typesupport_fastrtps_c__visibility_control.h
[0.675s] -- Up-to-date: /home/zjq/learnROS2/Febpractice_zjq_ws/install/status_interfaces/lib/libstatus_interfaces__rosidl_typesupport_fastrtps_c.so
[0.675s] -- Up-to-date: /home/zjq/learnROS2/Febpractice_zjq_ws/install/status_interfaces/include/status_interfaces/status_interfaces
[0.675s] -- Up-to-date: /home/zjq/learnROS2/Febpractice_zjq_ws/install/status_interfaces/include/status_interfaces/status_interfaces/msg
[0.675s] -- Up-to-date: /home/zjq/learnROS2/Febpractice_zjq_ws/install/status_interfaces/include/status_interfaces/status_interfaces/msg/detail
[0.675s] -- Up-to-date: /home/zjq/learnROS2/Febpractice_zjq_ws/install/status_interfaces/include/status_interfaces/status_interfaces/msg/detail/target_state__struct.hpp
[0.675s] -- Up-to-date: /home/zjq/learnROS2/Febpractice_zjq_ws/install/status_interfaces/include/status_interfaces/status_interfaces/msg/detail/target_state__traits.hpp
[0.675s] -- Up-to-date: /home/zjq/learnROS2/Febpractice_zjq_ws/install/status_interfaces/include/status_interfaces/status_interfaces/msg/detail/target_state__type_support.hpp
[0.675s] -- Up-to-date: /home/zjq/learnROS2/Febpractice_zjq_ws/install/status_interfaces/include/status_interfaces/status_interfaces/msg/detail/target_state__builder.hpp
[0.675s] -- Up-to-date: /home/zjq/learnROS2/Febpractice_zjq_ws/install/status_interfaces/include/status_interfaces/status_interfaces/msg/rosidl_generator_cpp__visibility_control.hpp
[0.675s] -- Up-to-date: /home/zjq/learnROS2/Febpractice_zjq_ws/install/status_interfaces/include/status_interfaces/status_interfaces/msg/target_state.hpp
[0.675s] -- Up-to-date: /home/zjq/learnROS2/Febpractice_zjq_ws/install/status_interfaces/include/status_interfaces/status_interfaces
[0.675s] -- Up-to-date: /home/zjq/learnROS2/Febpractice_zjq_ws/install/status_interfaces/include/status_interfaces/status_interfaces/msg
[0.675s] -- Up-to-date: /home/zjq/learnROS2/Febpractice_zjq_ws/install/status_interfaces/include/status_interfaces/status_interfaces/msg/detail
[0.675s] -- Up-to-date: /home/zjq/learnROS2/Febpractice_zjq_ws/install/status_interfaces/include/status_interfaces/status_interfaces/msg/detail/dds_fastrtps
[0.676s] -- Up-to-date: /home/zjq/learnROS2/Febpractice_zjq_ws/install/status_interfaces/include/status_interfaces/status_interfaces/msg/detail/target_state__rosidl_typesupport_fastrtps_cpp.hpp
[0.676s] -- Up-to-date: /home/zjq/learnROS2/Febpractice_zjq_ws/install/status_interfaces/include/status_interfaces/status_interfaces/msg/rosidl_typesupport_fastrtps_cpp__visibility_control.h
[0.676s] -- Up-to-date: /home/zjq/learnROS2/Febpractice_zjq_ws/install/status_interfaces/lib/libstatus_interfaces__rosidl_typesupport_fastrtps_cpp.so
[0.676s] -- Up-to-date: /home/zjq/learnROS2/Febpractice_zjq_ws/install/status_interfaces/include/status_interfaces/status_interfaces
[0.676s] -- Up-to-date: /home/zjq/learnROS2/Febpractice_zjq_ws/install/status_interfaces/include/status_interfaces/status_interfaces/msg
[0.676s] -- Up-to-date: /home/zjq/learnROS2/Febpractice_zjq_ws/install/status_interfaces/include/status_interfaces/status_interfaces/msg/rosidl_typesupport_introspection_c__visibility_control.h
[0.676s] -- Up-to-date: /home/zjq/learnROS2/Febpractice_zjq_ws/install/status_interfaces/include/status_interfaces/status_interfaces/msg/detail
[0.676s] -- Up-to-date: /home/zjq/learnROS2/Febpractice_zjq_ws/install/status_interfaces/include/status_interfaces/status_interfaces/msg/detail/target_state__type_support.c
[0.676s] -- Up-to-date: /home/zjq/learnROS2/Febpractice_zjq_ws/install/status_interfaces/include/status_interfaces/status_interfaces/msg/detail/target_state__rosidl_typesupport_introspection_c.h
[0.676s] -- Up-to-date: /home/zjq/learnROS2/Febpractice_zjq_ws/install/status_interfaces/lib/libstatus_interfaces__rosidl_typesupport_introspection_c.so
[0.676s] -- Up-to-date: /home/zjq/learnROS2/Febpractice_zjq_ws/install/status_interfaces/lib/libstatus_interfaces__rosidl_typesupport_c.so
[0.676s] -- Up-to-date: /home/zjq/learnROS2/Febpractice_zjq_ws/install/status_interfaces/include/status_interfaces/status_interfaces
[0.676s] -- Up-to-date: /home/zjq/learnROS2/Febpractice_zjq_ws/install/status_interfaces/include/status_interfaces/status_interfaces/msg
[0.676s] -- Up-to-date: /home/zjq/learnROS2/Febpractice_zjq_ws/install/status_interfaces/include/status_interfaces/status_interfaces/msg/detail
[0.676s] -- Up-to-date: /home/zjq/learnROS2/Febpractice_zjq_ws/install/status_interfaces/include/status_interfaces/status_interfaces/msg/detail/target_state__rosidl_typesupport_introspection_cpp.hpp
[0.676s] -- Up-to-date: /home/zjq/learnROS2/Febpractice_zjq_ws/install/status_interfaces/include/status_interfaces/status_interfaces/msg/detail/target_state__type_support.cpp
[0.676s] -- Up-to-date: /home/zjq/learnROS2/Febpractice_zjq_ws/install/status_interfaces/lib/libstatus_interfaces__rosidl_typesupport_introspection_cpp.so
[0.676s] -- Up-to-date: /home/zjq/learnROS2/Febpractice_zjq_ws/install/status_interfaces/lib/libstatus_interfaces__rosidl_typesupport_cpp.so
[0.677s] -- Up-to-date: /home/zjq/learnROS2/Febpractice_zjq_ws/install/status_interfaces/share/status_interfaces/environment/pythonpath.sh
[0.677s] -- Up-to-date: /home/zjq/learnROS2/Febpractice_zjq_ws/install/status_interfaces/share/status_interfaces/environment/pythonpath.dsv
[0.677s] -- Up-to-date: /home/zjq/learnROS2/Febpractice_zjq_ws/install/status_interfaces/local/lib/python3.10/dist-packages/status_interfaces-0.0.0-py3.10.egg-info
[0.677s] -- Installing: /home/zjq/learnROS2/Febpractice_zjq_ws/install/status_interfaces/local/lib/python3.10/dist-packages/status_interfaces-0.0.0-py3.10.egg-info/dependency_links.txt
[0.677s] -- Installing: /home/zjq/learnROS2/Febpractice_zjq_ws/install/status_interfaces/local/lib/python3.10/dist-packages/status_interfaces-0.0.0-py3.10.egg-info/top_level.txt
[0.677s] -- Installing: /home/zjq/learnROS2/Febpractice_zjq_ws/install/status_interfaces/local/lib/python3.10/dist-packages/status_interfaces-0.0.0-py3.10.egg-info/SOURCES.txt
[0.677s] -- Installing: /home/zjq/learnROS2/Febpractice_zjq_ws/install/status_interfaces/local/lib/python3.10/dist-packages/status_interfaces-0.0.0-py3.10.egg-info/PKG-INFO
[0.677s] -- Up-to-date: /home/zjq/learnROS2/Febpractice_zjq_ws/install/status_interfaces/local/lib/python3.10/dist-packages/status_interfaces
[0.677s] -- Up-to-date: /home/zjq/learnROS2/Febpractice_zjq_ws/install/status_interfaces/local/lib/python3.10/dist-packages/status_interfaces/status_interfaces_s__rosidl_typesupport_fastrtps_c.cpython-310-x86_64-linux-gnu.so
[0.677s] -- Up-to-date: /home/zjq/learnROS2/Febpractice_zjq_ws/install/status_interfaces/local/lib/python3.10/dist-packages/status_interfaces/__init__.py
[0.677s] -- Up-to-date: /home/zjq/learnROS2/Febpractice_zjq_ws/install/status_interfaces/local/lib/python3.10/dist-packages/status_interfaces/msg
[0.677s] -- Up-to-date: /home/zjq/learnROS2/Febpractice_zjq_ws/install/status_interfaces/local/lib/python3.10/dist-packages/status_interfaces/msg/_target_state.py
[0.677s] -- Up-to-date: /home/zjq/learnROS2/Febpractice_zjq_ws/install/status_interfaces/local/lib/python3.10/dist-packages/status_interfaces/msg/_target_state_s.c
[0.677s] -- Up-to-date: /home/zjq/learnROS2/Febpractice_zjq_ws/install/status_interfaces/local/lib/python3.10/dist-packages/status_interfaces/msg/__init__.py
[0.677s] -- Up-to-date: /home/zjq/learnROS2/Febpractice_zjq_ws/install/status_interfaces/local/lib/python3.10/dist-packages/status_interfaces/_status_interfaces_s.ep.rosidl_typesupport_fastrtps_c.c
[0.677s] -- Up-to-date: /home/zjq/learnROS2/Febpractice_zjq_ws/install/status_interfaces/local/lib/python3.10/dist-packages/status_interfaces/_status_interfaces_s.ep.rosidl_typesupport_introspection_c.c
[0.678s] -- Up-to-date: /home/zjq/learnROS2/Febpractice_zjq_ws/install/status_interfaces/local/lib/python3.10/dist-packages/status_interfaces/status_interfaces_s__rosidl_typesupport_introspection_c.cpython-310-x86_64-linux-gnu.so
[0.678s] -- Up-to-date: /home/zjq/learnROS2/Febpractice_zjq_ws/install/status_interfaces/local/lib/python3.10/dist-packages/status_interfaces/_status_interfaces_s.ep.rosidl_typesupport_c.c
[0.678s] -- Up-to-date: /home/zjq/learnROS2/Febpractice_zjq_ws/install/status_interfaces/local/lib/python3.10/dist-packages/status_interfaces/status_interfaces_s__rosidl_typesupport_c.cpython-310-x86_64-linux-gnu.so
[0.678s] -- Up-to-date: /home/zjq/learnROS2/Febpractice_zjq_ws/install/status_interfaces/local/lib/python3.10/dist-packages/status_interfaces/libstatus_interfaces__rosidl_generator_py.so
[0.729s] Listing '/home/zjq/learnROS2/Febpractice_zjq_ws/install/status_interfaces/local/lib/python3.10/dist-packages/status_interfaces'...
[0.730s] Listing '/home/zjq/learnROS2/Febpractice_zjq_ws/install/status_interfaces/local/lib/python3.10/dist-packages/status_interfaces/msg'...
[0.736s] -- Up-to-date: /home/zjq/learnROS2/Febpractice_zjq_ws/install/status_interfaces/local/lib/python3.10/dist-packages/status_interfaces/status_interfaces_s__rosidl_typesupport_fastrtps_c.cpython-310-x86_64-linux-gnu.so
[0.736s] -- Up-to-date: /home/zjq/learnROS2/Febpractice_zjq_ws/install/status_interfaces/local/lib/python3.10/dist-packages/status_interfaces/status_interfaces_s__rosidl_typesupport_introspection_c.cpython-310-x86_64-linux-gnu.so
[0.736s] -- Up-to-date: /home/zjq/learnROS2/Febpractice_zjq_ws/install/status_interfaces/local/lib/python3.10/dist-packages/status_interfaces/status_interfaces_s__rosidl_typesupport_c.cpython-310-x86_64-linux-gnu.so
[0.737s] -- Up-to-date: /home/zjq/learnROS2/Febpractice_zjq_ws/install/status_interfaces/lib/libstatus_interfaces__rosidl_generator_py.so
[0.737s] -- Up-to-date: /home/zjq/learnROS2/Febpractice_zjq_ws/install/status_interfaces/share/status_interfaces/msg/TargetState.idl
[0.737s] -- Up-to-date: /home/zjq/learnROS2/Febpractice_zjq_ws/install/status_interfaces/share/status_interfaces/msg/TargetState.msg
[0.737s] -- Up-to-date: /home/zjq/learnROS2/Febpractice_zjq_ws/install/status_interfaces/share/ament_index/resource_index/package_run_dependencies/status_interfaces
[0.737s] -- Up-to-date: /home/zjq/learnROS2/Febpractice_zjq_ws/install/status_interfaces/share/ament_index/resource_index/parent_prefix_path/status_interfaces
[0.737s] -- Up-to-date: /home/zjq/learnROS2/Febpractice_zjq_ws/install/status_interfaces/share/status_interfaces/environment/ament_prefix_path.sh
[0.737s] -- Up-to-date: /home/zjq/learnROS2/Febpractice_zjq_ws/install/status_interfaces/share/status_interfaces/environment/ament_prefix_path.dsv
[0.737s] -- Up-to-date: /home/zjq/learnROS2/Febpractice_zjq_ws/install/status_interfaces/share/status_interfaces/environment/path.sh
[0.737s] -- Up-to-date: /home/zjq/learnROS2/Febpractice_zjq_ws/install/status_interfaces/share/status_interfaces/environment/path.dsv
[0.737s] -- Up-to-date: /home/zjq/learnROS2/Febpractice_zjq_ws/install/status_interfaces/share/status_interfaces/local_setup.bash
[0.744s] -- Up-to-date: /home/zjq/learnROS2/Febpractice_zjq_ws/install/status_interfaces/share/status_interfaces/local_setup.sh
[0.744s] -- Up-to-date: /home/zjq/learnROS2/Febpractice_zjq_ws/install/status_interfaces/share/status_interfaces/local_setup.zsh
[0.744s] -- Up-to-date: /home/zjq/learnROS2/Febpractice_zjq_ws/install/status_interfaces/share/status_interfaces/local_setup.dsv
[0.744s] -- Installing: /home/zjq/learnROS2/Febpractice_zjq_ws/install/status_interfaces/share/status_interfaces/package.dsv
[0.744s] -- Up-to-date: /home/zjq/learnROS2/Febpractice_zjq_ws/install/status_interfaces/share/ament_index/resource_index/packages/status_interfaces
[0.745s] -- Up-to-date: /home/zjq/learnROS2/Febpractice_zjq_ws/install/status_interfaces/share/status_interfaces/cmake/export_status_interfaces__rosidl_generator_cExport.cmake
[0.745s] -- Up-to-date: /home/zjq/learnROS2/Febpractice_zjq_ws/install/status_interfaces/share/status_interfaces/cmake/export_status_interfaces__rosidl_generator_cExport-noconfig.cmake
[0.745s] -- Up-to-date: /home/zjq/learnROS2/Febpractice_zjq_ws/install/status_interfaces/share/status_interfaces/cmake/export_status_interfaces__rosidl_typesupport_fastrtps_cExport.cmake
[0.745s] -- Up-to-date: /home/zjq/learnROS2/Febpractice_zjq_ws/install/status_interfaces/share/status_interfaces/cmake/export_status_interfaces__rosidl_typesupport_fastrtps_cExport-noconfig.cmake
[0.745s] -- Up-to-date: /home/zjq/learnROS2/Febpractice_zjq_ws/install/status_interfaces/share/status_interfaces/cmake/export_status_interfaces__rosidl_generator_cppExport.cmake
[0.745s] -- Up-to-date: /home/zjq/learnROS2/Febpractice_zjq_ws/install/status_interfaces/share/status_interfaces/cmake/export_status_interfaces__rosidl_typesupport_fastrtps_cppExport.cmake
[0.745s] -- Up-to-date: /home/zjq/learnROS2/Febpractice_zjq_ws/install/status_interfaces/share/status_interfaces/cmake/export_status_interfaces__rosidl_typesupport_fastrtps_cppExport-noconfig.cmake
[0.745s] -- Up-to-date: /home/zjq/learnROS2/Febpractice_zjq_ws/install/status_interfaces/share/status_interfaces/cmake/status_interfaces__rosidl_typesupport_introspection_cExport.cmake
[0.745s] -- Up-to-date: /home/zjq/learnROS2/Febpractice_zjq_ws/install/status_interfaces/share/status_interfaces/cmake/status_interfaces__rosidl_typesupport_introspection_cExport-noconfig.cmake
[0.745s] -- Up-to-date: /home/zjq/learnROS2/Febpractice_zjq_ws/install/status_interfaces/share/status_interfaces/cmake/status_interfaces__rosidl_typesupport_cExport.cmake
[0.745s] -- Up-to-date: /home/zjq/learnROS2/Febpractice_zjq_ws/install/status_interfaces/share/status_interfaces/cmake/status_interfaces__rosidl_typesupport_cExport-noconfig.cmake
[0.745s] -- Up-to-date: /home/zjq/learnROS2/Febpractice_zjq_ws/install/status_interfaces/share/status_interfaces/cmake/status_interfaces__rosidl_typesupport_introspection_cppExport.cmake
[0.745s] -- Up-to-date: /home/zjq/learnROS2/Febpractice_zjq_ws/install/status_interfaces/share/status_interfaces/cmake/status_interfaces__rosidl_typesupport_introspection_cppExport-noconfig.cmake
[0.745s] -- Up-to-date: /home/zjq/learnROS2/Febpractice_zjq_ws/install/status_interfaces/share/status_interfaces/cmake/status_interfaces__rosidl_typesupport_cppExport.cmake
[0.745s] -- Up-to-date: /home/zjq/learnROS2/Febpractice_zjq_ws/install/status_interfaces/share/status_interfaces/cmake/status_interfaces__rosidl_typesupport_cppExport-noconfig.cmake
[0.745s] -- Up-to-date: /home/zjq/learnROS2/Febpractice_zjq_ws/install/status_interfaces/share/status_interfaces/cmake/export_status_interfaces__rosidl_generator_pyExport.cmake
[0.746s] -- Up-to-date: /home/zjq/learnROS2/Febpractice_zjq_ws/install/status_interfaces/share/status_interfaces/cmake/export_status_interfaces__rosidl_generator_pyExport-noconfig.cmake
[0.746s] -- Up-to-date: /home/zjq/learnROS2/Febpractice_zjq_ws/install/status_interfaces/share/status_interfaces/cmake/rosidl_cmake-extras.cmake
[0.746s] -- Up-to-date: /home/zjq/learnROS2/Febpractice_zjq_ws/install/status_interfaces/share/status_interfaces/cmake/ament_cmake_export_dependencies-extras.cmake
[0.746s] -- Up-to-date: /home/zjq/learnROS2/Febpractice_zjq_ws/install/status_interfaces/share/status_interfaces/cmake/ament_cmake_export_include_directories-extras.cmake
[0.746s] -- Up-to-date: /home/zjq/learnROS2/Febpractice_zjq_ws/install/status_interfaces/share/status_interfaces/cmake/ament_cmake_export_libraries-extras.cmake
[0.746s] -- Up-to-date: /home/zjq/learnROS2/Febpractice_zjq_ws/install/status_interfaces/share/status_interfaces/cmake/ament_cmake_export_targets-extras.cmake
[0.746s] -- Up-to-date: /home/zjq/learnROS2/Febpractice_zjq_ws/install/status_interfaces/share/status_interfaces/cmake/rosidl_cmake_export_typesupport_targets-extras.cmake
[0.746s] -- Up-to-date: /home/zjq/learnROS2/Febpractice_zjq_ws/install/status_interfaces/share/status_interfaces/cmake/rosidl_cmake_export_typesupport_libraries-extras.cmake
[0.746s] -- Up-to-date: /home/zjq/learnROS2/Febpractice_zjq_ws/install/status_interfaces/share/status_interfaces/cmake/status_interfacesConfig.cmake
[0.746s] -- Up-to-date: /home/zjq/learnROS2/Febpractice_zjq_ws/install/status_interfaces/share/status_interfaces/cmake/status_interfacesConfig-version.cmake
[0.746s] -- Up-to-date: /home/zjq/learnROS2/Febpractice_zjq_ws/install/status_interfaces/share/status_interfaces/package.xml
[0.746s] Invoked command in '/home/zjq/learnROS2/Febpractice_zjq_ws/build/status_interfaces' returned '0': CMAKE_PREFIX_PATH=${CMAKE_PREFIX_PATH}:/home/zjq/learnROS2/Febpractice_zjq_ws/install/status_topics:/opt/ros/humble CONDA_PROMPT_MODIFIER=(base) /usr/bin/cmake --install /home/zjq/learnROS2/Febpractice_zjq_ws/build/status_interfaces
