[0.723s] Invoking command in '/home/zjq/learnROS2/Febpractice_zjq_ws/src/status_topics': AMENT_PREFIX_PATH=/home/zjq/learnROS2/Febpractice_zjq_ws/install/status_interfaces:${AMENT_PREFIX_PATH} CMAKE_PREFIX_PATH=/home/zjq/learnROS2/Febpractice_zjq_ws/install/status_interfaces CONDA_PROMPT_MODIFIER=(base) LD_LIBRARY_PATH=/home/zjq/learnROS2/Febpractice_zjq_ws/install/status_interfaces/lib:${LD_LIBRARY_PATH} PYTHONPATH=/home/zjq/learnROS2/Febpractice_zjq_ws/build/status_topics/prefix_override:/usr/lib/python3/dist-packages/colcon_core/task/python/colcon_distutils_commands:/home/zjq/learnROS2/Febpractice_zjq_ws/install/status_topics/lib/python3.10/site-packages:/home/zjq/learnROS2/Febpractice_zjq_ws/install/status_interfaces/local/lib/python3.10/dist-packages:${PYTHONPATH} /usr/bin/python3 -W ignore:setup.py install is deprecated -W ignore:easy_install command is deprecated setup.py egg_info --egg-base ../../build/status_topics build --build-base /home/zjq/learnROS2/Febpractice_zjq_ws/build/status_topics/build install --record /home/zjq/learnROS2/Febpractice_zjq_ws/build/status_topics/install.log --single-version-externally-managed install_data
[0.967s] running egg_info
[0.967s] writing ../../build/status_topics/status_topics.egg-info/PKG-INFO
[0.967s] writing dependency_links to ../../build/status_topics/status_topics.egg-info/dependency_links.txt
[0.967s] writing entry points to ../../build/status_topics/status_topics.egg-info/entry_points.txt
[0.973s] writing requirements to ../../build/status_topics/status_topics.egg-info/requires.txt
[0.973s] writing top-level names to ../../build/status_topics/status_topics.egg-info/top_level.txt
[0.973s] reading manifest file '../../build/status_topics/status_topics.egg-info/SOURCES.txt'
[0.973s] adding license file 'LICENSE'
[0.974s] writing manifest file '../../build/status_topics/status_topics.egg-info/SOURCES.txt'
[0.974s] running build
[0.974s] running build_py
[0.975s] running install
[0.975s] running install_lib
[0.976s] running install_data
[0.977s] running install_egg_info
[0.979s] removing '/home/zjq/learnROS2/Febpractice_zjq_ws/install/status_topics/lib/python3.10/site-packages/status_topics-0.0.0-py3.10.egg-info' (and everything under it)
[0.979s] Copying ../../build/status_topics/status_topics.egg-info to /home/zjq/learnROS2/Febpractice_zjq_ws/install/status_topics/lib/python3.10/site-packages/status_topics-0.0.0-py3.10.egg-info
[0.981s] running install_scripts
[1.005s] Installing sys_status_pub script to /home/zjq/learnROS2/Febpractice_zjq_ws/install/status_topics/lib/status_topics
[1.005s] Installing sys_status_sub script to /home/zjq/learnROS2/Febpractice_zjq_ws/install/status_topics/lib/status_topics
[1.006s] Installing sys_status_trans script to /home/zjq/learnROS2/Febpractice_zjq_ws/install/status_topics/lib/status_topics
[1.007s] writing list of installed files to '/home/zjq/learnROS2/Febpractice_zjq_ws/build/status_topics/install.log'
[1.034s] Invoked command in '/home/zjq/learnROS2/Febpractice_zjq_ws/src/status_topics' returned '0': AMENT_PREFIX_PATH=/home/zjq/learnROS2/Febpractice_zjq_ws/install/status_interfaces:${AMENT_PREFIX_PATH} CMAKE_PREFIX_PATH=/home/zjq/learnROS2/Febpractice_zjq_ws/install/status_interfaces CONDA_PROMPT_MODIFIER=(base) LD_LIBRARY_PATH=/home/zjq/learnROS2/Febpractice_zjq_ws/install/status_interfaces/lib:${LD_LIBRARY_PATH} PYTHONPATH=/home/zjq/learnROS2/Febpractice_zjq_ws/build/status_topics/prefix_override:/usr/lib/python3/dist-packages/colcon_core/task/python/colcon_distutils_commands:/home/zjq/learnROS2/Febpractice_zjq_ws/install/status_topics/lib/python3.10/site-packages:/home/zjq/learnROS2/Febpractice_zjq_ws/install/status_interfaces/local/lib/python3.10/dist-packages:${PYTHONPATH} /usr/bin/python3 -W ignore:setup.py install is deprecated -W ignore:easy_install command is deprecated setup.py egg_info --egg-base ../../build/status_topics build --build-base /home/zjq/learnROS2/Febpractice_zjq_ws/build/status_topics/build install --record /home/zjq/learnROS2/Febpractice_zjq_ws/build/status_topics/install.log --single-version-externally-managed install_data
