[0.030s] Invoking command in '/home/zjq/learnROS2/Febpractice_zjq_ws/build/status_interfaces': CMAKE_PREFIX_PATH=/opt/ros/humble CONDA_PROMPT_MODIFIER=(base) /usr/bin/cmake --build /home/zjq/learnROS2/Febpractice_zjq_ws/build/status_interfaces -- -j4 -l4
[0.125s] [  3%] Built target status_interfaces__cpp
[0.125s] [ 12%] Built target status_interfaces__rosidl_generator_c
[0.139s] [ 12%] Built target ament_cmake_python_copy_status_interfaces
[0.170s] [ 22%] Built target status_interfaces__rosidl_typesupport_introspection_c
[0.177s] [ 32%] Built target status_interfaces__rosidl_typesupport_fastrtps_c
[0.182s] [ 41%] Built target status_interfaces__rosidl_typesupport_c
[0.199s] [ 51%] Built target status_interfaces__rosidl_typesupport_introspection_cpp
[0.224s] [ 70%] Built target status_interfaces__rosidl_typesupport_fastrtps_cpp
[0.225s] [ 70%] Built target status_interfaces__rosidl_typesupport_cpp
[0.286s] [ 70%] Built target status_interfaces
[0.342s] [ 74%] Built target status_interfaces__py
[0.406s] [ 80%] Built target status_interfaces__rosidl_generator_py
[0.485s] [ 87%] Built target status_interfaces__rosidl_typesupport_fastrtps_c__pyext
[0.488s] [ 93%] Built target status_interfaces__rosidl_typesupport_c__pyext
[0.488s] [100%] Built target status_interfaces__rosidl_typesupport_introspection_c__pyext
[0.541s] running egg_info
[0.546s] writing status_interfaces.egg-info/PKG-INFO
[0.546s] writing dependency_links to status_interfaces.egg-info/dependency_links.txt
[0.546s] writing top-level names to status_interfaces.egg-info/top_level.txt
[0.546s] reading manifest file 'status_interfaces.egg-info/SOURCES.txt'
[0.548s] writing manifest file 'status_interfaces.egg-info/SOURCES.txt'
[0.586s] [100%] Built target ament_cmake_python_build_status_interfaces_egg
[0.608s] Invoked command in '/home/zjq/learnROS2/Febpractice_zjq_ws/build/status_interfaces' returned '0': CMAKE_PREFIX_PATH=/opt/ros/humble CONDA_PROMPT_MODIFIER=(base) /usr/bin/cmake --build /home/zjq/learnROS2/Febpractice_zjq_ws/build/status_interfaces -- -j4 -l4
[0.632s] Invoking command in '/home/zjq/learnROS2/Febpractice_zjq_ws/build/status_interfaces': CMAKE_PREFIX_PATH=/opt/ros/humble CONDA_PROMPT_MODIFIER=(base) /usr/bin/cmake --install /home/zjq/learnROS2/Febpractice_zjq_ws/build/status_interfaces
[0.647s] -- Install configuration: ""
[0.647s] -- Up-to-date: /home/zjq/learnROS2/Febpractice_zjq_ws/install/status_interfaces/share/ament_index/resource_index/rosidl_interfaces/status_interfaces
[0.647s] -- Up-to-date: /home/zjq/learnROS2/Febpractice_zjq_ws/install/status_interfaces/include/status_interfaces/status_interfaces
[0.647s] -- Up-to-date: /home/zjq/learnROS2/Febpractice_zjq_ws/install/status_interfaces/include/status_interfaces/status_interfaces/msg
[0.648s] -- Up-to-date: /home/zjq/learnROS2/Febpractice_zjq_ws/install/status_interfaces/include/status_interfaces/status_interfaces/msg/target_state.h
[0.648s] -- Up-to-date: /home/zjq/learnROS2/Febpractice_zjq_ws/install/status_interfaces/include/status_interfaces/status_interfaces/msg/detail
[0.649s] -- Up-to-date: /home/zjq/learnROS2/Febpractice_zjq_ws/install/status_interfaces/include/status_interfaces/status_interfaces/msg/detail/target_state__functions.h
[0.650s] -- Up-to-date: /home/zjq/learnROS2/Febpractice_zjq_ws/install/status_interfaces/include/status_interfaces/status_interfaces/msg/detail/target_state__struct.h
[0.650s] -- Up-to-date: /home/zjq/learnROS2/Febpractice_zjq_ws/install/status_interfaces/include/status_interfaces/status_interfaces/msg/detail/target_state__type_support.h
[0.650s] -- Up-to-date: /home/zjq/learnROS2/Febpractice_zjq_ws/install/status_interfaces/include/status_interfaces/status_interfaces/msg/detail/target_state__functions.c
[0.653s] -- Up-to-date: /home/zjq/learnROS2/Febpractice_zjq_ws/install/status_interfaces/include/status_interfaces/status_interfaces/msg/rosidl_generator_c__visibility_control.h
[0.653s] -- Up-to-date: /home/zjq/learnROS2/Febpractice_zjq_ws/install/status_interfaces/share/status_interfaces/environment/library_path.sh
[0.653s] -- Up-to-date: /home/zjq/learnROS2/Febpractice_zjq_ws/install/status_interfaces/share/status_interfaces/environment/library_path.dsv
[0.653s] -- Up-to-date: /home/zjq/learnROS2/Febpractice_zjq_ws/install/status_interfaces/lib/libstatus_interfaces__rosidl_generator_c.so
[0.653s] -- Up-to-date: /home/zjq/learnROS2/Febpractice_zjq_ws/install/status_interfaces/include/status_interfaces/status_interfaces
[0.653s] -- Up-to-date: /home/zjq/learnROS2/Febpractice_zjq_ws/install/status_interfaces/include/status_interfaces/status_interfaces/msg
[0.653s] -- Up-to-date: /home/zjq/learnROS2/Febpractice_zjq_ws/install/status_interfaces/include/status_interfaces/status_interfaces/msg/detail
[0.653s] -- Up-to-date: /home/zjq/learnROS2/Febpractice_zjq_ws/install/status_interfaces/include/status_interfaces/status_interfaces/msg/detail/target_state__rosidl_typesupport_fastrtps_c.h
[0.653s] -- Up-to-date: /home/zjq/learnROS2/Febpractice_zjq_ws/install/status_interfaces/include/status_interfaces/status_interfaces/msg/rosidl_typesupport_fastrtps_c__visibility_control.h
[0.653s] -- Up-to-date: /home/zjq/learnROS2/Febpractice_zjq_ws/install/status_interfaces/lib/libstatus_interfaces__rosidl_typesupport_fastrtps_c.so
[0.653s] -- Up-to-date: /home/zjq/learnROS2/Febpractice_zjq_ws/install/status_interfaces/include/status_interfaces/status_interfaces
[0.653s] -- Up-to-date: /home/zjq/learnROS2/Febpractice_zjq_ws/install/status_interfaces/include/status_interfaces/status_interfaces/msg
[0.653s] -- Up-to-date: /home/zjq/learnROS2/Febpractice_zjq_ws/install/status_interfaces/include/status_interfaces/status_interfaces/msg/detail
[0.653s] -- Up-to-date: /home/zjq/learnROS2/Febpractice_zjq_ws/install/status_interfaces/include/status_interfaces/status_interfaces/msg/detail/target_state__struct.hpp
[0.654s] -- Up-to-date: /home/zjq/learnROS2/Febpractice_zjq_ws/install/status_interfaces/include/status_interfaces/status_interfaces/msg/detail/target_state__traits.hpp
[0.654s] -- Up-to-date: /home/zjq/learnROS2/Febpractice_zjq_ws/install/status_interfaces/include/status_interfaces/status_interfaces/msg/detail/target_state__type_support.hpp
[0.654s] -- Up-to-date: /home/zjq/learnROS2/Febpractice_zjq_ws/install/status_interfaces/include/status_interfaces/status_interfaces/msg/detail/target_state__builder.hpp
[0.654s] -- Up-to-date: /home/zjq/learnROS2/Febpractice_zjq_ws/install/status_interfaces/include/status_interfaces/status_interfaces/msg/rosidl_generator_cpp__visibility_control.hpp
[0.654s] -- Up-to-date: /home/zjq/learnROS2/Febpractice_zjq_ws/install/status_interfaces/include/status_interfaces/status_interfaces/msg/target_state.hpp
[0.654s] -- Up-to-date: /home/zjq/learnROS2/Febpractice_zjq_ws/install/status_interfaces/include/status_interfaces/status_interfaces
[0.654s] -- Up-to-date: /home/zjq/learnROS2/Febpractice_zjq_ws/install/status_interfaces/include/status_interfaces/status_interfaces/msg
[0.654s] -- Up-to-date: /home/zjq/learnROS2/Febpractice_zjq_ws/install/status_interfaces/include/status_interfaces/status_interfaces/msg/detail
[0.654s] -- Up-to-date: /home/zjq/learnROS2/Febpractice_zjq_ws/install/status_interfaces/include/status_interfaces/status_interfaces/msg/detail/dds_fastrtps
[0.654s] -- Up-to-date: /home/zjq/learnROS2/Febpractice_zjq_ws/install/status_interfaces/include/status_interfaces/status_interfaces/msg/detail/target_state__rosidl_typesupport_fastrtps_cpp.hpp
[0.654s] -- Up-to-date: /home/zjq/learnROS2/Febpractice_zjq_ws/install/status_interfaces/include/status_interfaces/status_interfaces/msg/rosidl_typesupport_fastrtps_cpp__visibility_control.h
[0.654s] -- Up-to-date: /home/zjq/learnROS2/Febpractice_zjq_ws/install/status_interfaces/lib/libstatus_interfaces__rosidl_typesupport_fastrtps_cpp.so
[0.654s] -- Up-to-date: /home/zjq/learnROS2/Febpractice_zjq_ws/install/status_interfaces/include/status_interfaces/status_interfaces
[0.654s] -- Up-to-date: /home/zjq/learnROS2/Febpractice_zjq_ws/install/status_interfaces/include/status_interfaces/status_interfaces/msg
[0.654s] -- Up-to-date: /home/zjq/learnROS2/Febpractice_zjq_ws/install/status_interfaces/include/status_interfaces/status_interfaces/msg/rosidl_typesupport_introspection_c__visibility_control.h
[0.654s] -- Up-to-date: /home/zjq/learnROS2/Febpractice_zjq_ws/install/status_interfaces/include/status_interfaces/status_interfaces/msg/detail
[0.654s] -- Up-to-date: /home/zjq/learnROS2/Febpractice_zjq_ws/install/status_interfaces/include/status_interfaces/status_interfaces/msg/detail/target_state__type_support.c
[0.654s] -- Up-to-date: /home/zjq/learnROS2/Febpractice_zjq_ws/install/status_interfaces/include/status_interfaces/status_interfaces/msg/detail/target_state__rosidl_typesupport_introspection_c.h
[0.655s] -- Up-to-date: /home/zjq/learnROS2/Febpractice_zjq_ws/install/status_interfaces/lib/libstatus_interfaces__rosidl_typesupport_introspection_c.so
[0.655s] -- Up-to-date: /home/zjq/learnROS2/Febpractice_zjq_ws/install/status_interfaces/lib/libstatus_interfaces__rosidl_typesupport_c.so
[0.655s] -- Up-to-date: /home/zjq/learnROS2/Febpractice_zjq_ws/install/status_interfaces/include/status_interfaces/status_interfaces
[0.655s] -- Up-to-date: /home/zjq/learnROS2/Febpractice_zjq_ws/install/status_interfaces/include/status_interfaces/status_interfaces/msg
[0.655s] -- Up-to-date: /home/zjq/learnROS2/Febpractice_zjq_ws/install/status_interfaces/include/status_interfaces/status_interfaces/msg/detail
[0.655s] -- Up-to-date: /home/zjq/learnROS2/Febpractice_zjq_ws/install/status_interfaces/include/status_interfaces/status_interfaces/msg/detail/target_state__rosidl_typesupport_introspection_cpp.hpp
[0.655s] -- Up-to-date: /home/zjq/learnROS2/Febpractice_zjq_ws/install/status_interfaces/include/status_interfaces/status_interfaces/msg/detail/target_state__type_support.cpp
[0.655s] -- Up-to-date: /home/zjq/learnROS2/Febpractice_zjq_ws/install/status_interfaces/lib/libstatus_interfaces__rosidl_typesupport_introspection_cpp.so
[0.655s] -- Up-to-date: /home/zjq/learnROS2/Febpractice_zjq_ws/install/status_interfaces/lib/libstatus_interfaces__rosidl_typesupport_cpp.so
[0.655s] -- Up-to-date: /home/zjq/learnROS2/Febpractice_zjq_ws/install/status_interfaces/share/status_interfaces/environment/pythonpath.sh
[0.655s] -- Up-to-date: /home/zjq/learnROS2/Febpractice_zjq_ws/install/status_interfaces/share/status_interfaces/environment/pythonpath.dsv
[0.655s] -- Up-to-date: /home/zjq/learnROS2/Febpractice_zjq_ws/install/status_interfaces/local/lib/python3.10/dist-packages/status_interfaces-0.0.0-py3.10.egg-info
[0.655s] -- Installing: /home/zjq/learnROS2/Febpractice_zjq_ws/install/status_interfaces/local/lib/python3.10/dist-packages/status_interfaces-0.0.0-py3.10.egg-info/dependency_links.txt
[0.656s] -- Installing: /home/zjq/learnROS2/Febpractice_zjq_ws/install/status_interfaces/local/lib/python3.10/dist-packages/status_interfaces-0.0.0-py3.10.egg-info/top_level.txt
[0.656s] -- Installing: /home/zjq/learnROS2/Febpractice_zjq_ws/install/status_interfaces/local/lib/python3.10/dist-packages/status_interfaces-0.0.0-py3.10.egg-info/SOURCES.txt
[0.656s] -- Installing: /home/zjq/learnROS2/Febpractice_zjq_ws/install/status_interfaces/local/lib/python3.10/dist-packages/status_interfaces-0.0.0-py3.10.egg-info/PKG-INFO
[0.656s] -- Up-to-date: /home/zjq/learnROS2/Febpractice_zjq_ws/install/status_interfaces/local/lib/python3.10/dist-packages/status_interfaces
[0.656s] -- Up-to-date: /home/zjq/learnROS2/Febpractice_zjq_ws/install/status_interfaces/local/lib/python3.10/dist-packages/status_interfaces/status_interfaces_s__rosidl_typesupport_fastrtps_c.cpython-310-x86_64-linux-gnu.so
[0.656s] -- Up-to-date: /home/zjq/learnROS2/Febpractice_zjq_ws/install/status_interfaces/local/lib/python3.10/dist-packages/status_interfaces/__init__.py
[0.656s] -- Up-to-date: /home/zjq/learnROS2/Febpractice_zjq_ws/install/status_interfaces/local/lib/python3.10/dist-packages/status_interfaces/msg
[0.656s] -- Up-to-date: /home/zjq/learnROS2/Febpractice_zjq_ws/install/status_interfaces/local/lib/python3.10/dist-packages/status_interfaces/msg/_target_state.py
[0.656s] -- Up-to-date: /home/zjq/learnROS2/Febpractice_zjq_ws/install/status_interfaces/local/lib/python3.10/dist-packages/status_interfaces/msg/_target_state_s.c
[0.656s] -- Up-to-date: /home/zjq/learnROS2/Febpractice_zjq_ws/install/status_interfaces/local/lib/python3.10/dist-packages/status_interfaces/msg/__init__.py
[0.656s] -- Up-to-date: /home/zjq/learnROS2/Febpractice_zjq_ws/install/status_interfaces/local/lib/python3.10/dist-packages/status_interfaces/_status_interfaces_s.ep.rosidl_typesupport_fastrtps_c.c
[0.656s] -- Up-to-date: /home/zjq/learnROS2/Febpractice_zjq_ws/install/status_interfaces/local/lib/python3.10/dist-packages/status_interfaces/_status_interfaces_s.ep.rosidl_typesupport_introspection_c.c
[0.656s] -- Up-to-date: /home/zjq/learnROS2/Febpractice_zjq_ws/install/status_interfaces/local/lib/python3.10/dist-packages/status_interfaces/status_interfaces_s__rosidl_typesupport_introspection_c.cpython-310-x86_64-linux-gnu.so
[0.656s] -- Up-to-date: /home/zjq/learnROS2/Febpractice_zjq_ws/install/status_interfaces/local/lib/python3.10/dist-packages/status_interfaces/_status_interfaces_s.ep.rosidl_typesupport_c.c
[0.656s] -- Up-to-date: /home/zjq/learnROS2/Febpractice_zjq_ws/install/status_interfaces/local/lib/python3.10/dist-packages/status_interfaces/status_interfaces_s__rosidl_typesupport_c.cpython-310-x86_64-linux-gnu.so
[0.656s] -- Up-to-date: /home/zjq/learnROS2/Febpractice_zjq_ws/install/status_interfaces/local/lib/python3.10/dist-packages/status_interfaces/libstatus_interfaces__rosidl_generator_py.so
[0.687s] Listing '/home/zjq/learnROS2/Febpractice_zjq_ws/install/status_interfaces/local/lib/python3.10/dist-packages/status_interfaces'...
[0.687s] Listing '/home/zjq/learnROS2/Febpractice_zjq_ws/install/status_interfaces/local/lib/python3.10/dist-packages/status_interfaces/msg'...
[0.694s] -- Up-to-date: /home/zjq/learnROS2/Febpractice_zjq_ws/install/status_interfaces/local/lib/python3.10/dist-packages/status_interfaces/status_interfaces_s__rosidl_typesupport_fastrtps_c.cpython-310-x86_64-linux-gnu.so
[0.696s] -- Up-to-date: /home/zjq/learnROS2/Febpractice_zjq_ws/install/status_interfaces/local/lib/python3.10/dist-packages/status_interfaces/status_interfaces_s__rosidl_typesupport_introspection_c.cpython-310-x86_64-linux-gnu.so
[0.696s] -- Up-to-date: /home/zjq/learnROS2/Febpractice_zjq_ws/install/status_interfaces/local/lib/python3.10/dist-packages/status_interfaces/status_interfaces_s__rosidl_typesupport_c.cpython-310-x86_64-linux-gnu.so
[0.697s] -- Up-to-date: /home/zjq/learnROS2/Febpractice_zjq_ws/install/status_interfaces/lib/libstatus_interfaces__rosidl_generator_py.so
[0.697s] -- Up-to-date: /home/zjq/learnROS2/Febpractice_zjq_ws/install/status_interfaces/share/status_interfaces/msg/TargetState.idl
[0.697s] -- Up-to-date: /home/zjq/learnROS2/Febpractice_zjq_ws/install/status_interfaces/share/status_interfaces/msg/TargetState.msg
[0.697s] -- Up-to-date: /home/zjq/learnROS2/Febpractice_zjq_ws/install/status_interfaces/share/ament_index/resource_index/package_run_dependencies/status_interfaces
[0.697s] -- Up-to-date: /home/zjq/learnROS2/Febpractice_zjq_ws/install/status_interfaces/share/ament_index/resource_index/parent_prefix_path/status_interfaces
[0.697s] -- Up-to-date: /home/zjq/learnROS2/Febpractice_zjq_ws/install/status_interfaces/share/status_interfaces/environment/ament_prefix_path.sh
[0.698s] -- Up-to-date: /home/zjq/learnROS2/Febpractice_zjq_ws/install/status_interfaces/share/status_interfaces/environment/ament_prefix_path.dsv
[0.698s] -- Up-to-date: /home/zjq/learnROS2/Febpractice_zjq_ws/install/status_interfaces/share/status_interfaces/environment/path.sh
[0.698s] -- Up-to-date: /home/zjq/learnROS2/Febpractice_zjq_ws/install/status_interfaces/share/status_interfaces/environment/path.dsv
[0.698s] -- Up-to-date: /home/zjq/learnROS2/Febpractice_zjq_ws/install/status_interfaces/share/status_interfaces/local_setup.bash
[0.699s] -- Up-to-date: /home/zjq/learnROS2/Febpractice_zjq_ws/install/status_interfaces/share/status_interfaces/local_setup.sh
[0.699s] -- Up-to-date: /home/zjq/learnROS2/Febpractice_zjq_ws/install/status_interfaces/share/status_interfaces/local_setup.zsh
[0.699s] -- Up-to-date: /home/zjq/learnROS2/Febpractice_zjq_ws/install/status_interfaces/share/status_interfaces/local_setup.dsv
[0.699s] -- Installing: /home/zjq/learnROS2/Febpractice_zjq_ws/install/status_interfaces/share/status_interfaces/package.dsv
[0.699s] -- Up-to-date: /home/zjq/learnROS2/Febpractice_zjq_ws/install/status_interfaces/share/ament_index/resource_index/packages/status_interfaces
[0.700s] -- Up-to-date: /home/zjq/learnROS2/Febpractice_zjq_ws/install/status_interfaces/share/status_interfaces/cmake/export_status_interfaces__rosidl_generator_cExport.cmake
[0.700s] -- Up-to-date: /home/zjq/learnROS2/Febpractice_zjq_ws/install/status_interfaces/share/status_interfaces/cmake/export_status_interfaces__rosidl_generator_cExport-noconfig.cmake
[0.700s] -- Up-to-date: /home/zjq/learnROS2/Febpractice_zjq_ws/install/status_interfaces/share/status_interfaces/cmake/export_status_interfaces__rosidl_typesupport_fastrtps_cExport.cmake
[0.700s] -- Up-to-date: /home/zjq/learnROS2/Febpractice_zjq_ws/install/status_interfaces/share/status_interfaces/cmake/export_status_interfaces__rosidl_typesupport_fastrtps_cExport-noconfig.cmake
[0.700s] -- Up-to-date: /home/zjq/learnROS2/Febpractice_zjq_ws/install/status_interfaces/share/status_interfaces/cmake/export_status_interfaces__rosidl_generator_cppExport.cmake
[0.700s] -- Up-to-date: /home/zjq/learnROS2/Febpractice_zjq_ws/install/status_interfaces/share/status_interfaces/cmake/export_status_interfaces__rosidl_typesupport_fastrtps_cppExport.cmake
[0.701s] -- Up-to-date: /home/zjq/learnROS2/Febpractice_zjq_ws/install/status_interfaces/share/status_interfaces/cmake/export_status_interfaces__rosidl_typesupport_fastrtps_cppExport-noconfig.cmake
[0.701s] -- Up-to-date: /home/zjq/learnROS2/Febpractice_zjq_ws/install/status_interfaces/share/status_interfaces/cmake/status_interfaces__rosidl_typesupport_introspection_cExport.cmake
[0.701s] -- Up-to-date: /home/zjq/learnROS2/Febpractice_zjq_ws/install/status_interfaces/share/status_interfaces/cmake/status_interfaces__rosidl_typesupport_introspection_cExport-noconfig.cmake
[0.701s] -- Up-to-date: /home/zjq/learnROS2/Febpractice_zjq_ws/install/status_interfaces/share/status_interfaces/cmake/status_interfaces__rosidl_typesupport_cExport.cmake
[0.701s] -- Up-to-date: /home/zjq/learnROS2/Febpractice_zjq_ws/install/status_interfaces/share/status_interfaces/cmake/status_interfaces__rosidl_typesupport_cExport-noconfig.cmake
[0.702s] -- Up-to-date: /home/zjq/learnROS2/Febpractice_zjq_ws/install/status_interfaces/share/status_interfaces/cmake/status_interfaces__rosidl_typesupport_introspection_cppExport.cmake
[0.702s] -- Up-to-date: /home/zjq/learnROS2/Febpractice_zjq_ws/install/status_interfaces/share/status_interfaces/cmake/status_interfaces__rosidl_typesupport_introspection_cppExport-noconfig.cmake
[0.702s] -- Up-to-date: /home/zjq/learnROS2/Febpractice_zjq_ws/install/status_interfaces/share/status_interfaces/cmake/status_interfaces__rosidl_typesupport_cppExport.cmake
[0.702s] -- Up-to-date: /home/zjq/learnROS2/Febpractice_zjq_ws/install/status_interfaces/share/status_interfaces/cmake/status_interfaces__rosidl_typesupport_cppExport-noconfig.cmake
[0.702s] -- Up-to-date: /home/zjq/learnROS2/Febpractice_zjq_ws/install/status_interfaces/share/status_interfaces/cmake/export_status_interfaces__rosidl_generator_pyExport.cmake
[0.703s] -- Up-to-date: /home/zjq/learnROS2/Febpractice_zjq_ws/install/status_interfaces/share/status_interfaces/cmake/export_status_interfaces__rosidl_generator_pyExport-noconfig.cmake
[0.703s] -- Up-to-date: /home/zjq/learnROS2/Febpractice_zjq_ws/install/status_interfaces/share/status_interfaces/cmake/rosidl_cmake-extras.cmake
[0.703s] -- Up-to-date: /home/zjq/learnROS2/Febpractice_zjq_ws/install/status_interfaces/share/status_interfaces/cmake/ament_cmake_export_dependencies-extras.cmake
[0.703s] -- Up-to-date: /home/zjq/learnROS2/Febpractice_zjq_ws/install/status_interfaces/share/status_interfaces/cmake/ament_cmake_export_include_directories-extras.cmake
[0.705s] -- Up-to-date: /home/zjq/learnROS2/Febpractice_zjq_ws/install/status_interfaces/share/status_interfaces/cmake/ament_cmake_export_libraries-extras.cmake
[0.706s] -- Up-to-date: /home/zjq/learnROS2/Febpractice_zjq_ws/install/status_interfaces/share/status_interfaces/cmake/ament_cmake_export_targets-extras.cmake
[0.706s] -- Up-to-date: /home/zjq/learnROS2/Febpractice_zjq_ws/install/status_interfaces/share/status_interfaces/cmake/rosidl_cmake_export_typesupport_targets-extras.cmake
[0.706s] -- Up-to-date: /home/zjq/learnROS2/Febpractice_zjq_ws/install/status_interfaces/share/status_interfaces/cmake/rosidl_cmake_export_typesupport_libraries-extras.cmake
[0.706s] -- Up-to-date: /home/zjq/learnROS2/Febpractice_zjq_ws/install/status_interfaces/share/status_interfaces/cmake/status_interfacesConfig.cmake
[0.706s] -- Up-to-date: /home/zjq/learnROS2/Febpractice_zjq_ws/install/status_interfaces/share/status_interfaces/cmake/status_interfacesConfig-version.cmake
[0.706s] -- Up-to-date: /home/zjq/learnROS2/Febpractice_zjq_ws/install/status_interfaces/share/status_interfaces/package.xml
[0.709s] Invoked command in '/home/zjq/learnROS2/Febpractice_zjq_ws/build/status_interfaces' returned '0': CMAKE_PREFIX_PATH=/opt/ros/humble CONDA_PROMPT_MODIFIER=(base) /usr/bin/cmake --install /home/zjq/learnROS2/Febpractice_zjq_ws/build/status_interfaces
