running egg_info
writing ../../build/status_topics/status_topics.egg-info/PKG-INFO
writing dependency_links to ../../build/status_topics/status_topics.egg-info/dependency_links.txt
writing entry points to ../../build/status_topics/status_topics.egg-info/entry_points.txt
writing requirements to ../../build/status_topics/status_topics.egg-info/requires.txt
writing top-level names to ../../build/status_topics/status_topics.egg-info/top_level.txt
reading manifest file '../../build/status_topics/status_topics.egg-info/SOURCES.txt'
adding license file 'LICENSE'
writing manifest file '../../build/status_topics/status_topics.egg-info/SOURCES.txt'
running build
running build_py
copying status_topics/sys_status_trans.py -> /home/zjq/learnROS2/Febpractice_zjq_ws/build/status_topics/build/lib/status_topics
running install
running install_lib
copying /home/zjq/learnROS2/Febpractice_zjq_ws/build/status_topics/build/lib/status_topics/sys_status_trans.py -> /home/zjq/learnROS2/Febpractice_zjq_ws/install/status_topics/lib/python3.10/site-packages/status_topics
byte-compiling /home/zjq/learnROS2/Febpractice_zjq_ws/install/status_topics/lib/python3.10/site-packages/status_topics/sys_status_trans.py to sys_status_trans.cpython-310.pyc
running install_data
running install_egg_info
removing '/home/zjq/learnROS2/Febpractice_zjq_ws/install/status_topics/lib/python3.10/site-packages/status_topics-0.0.0-py3.10.egg-info' (and everything under it)
Copying ../../build/status_topics/status_topics.egg-info to /home/zjq/learnROS2/Febpractice_zjq_ws/install/status_topics/lib/python3.10/site-packages/status_topics-0.0.0-py3.10.egg-info
running install_scripts
Installing sys_status_pub script to /home/zjq/learnROS2/Febpractice_zjq_ws/install/status_topics/lib/status_topics
writing list of installed files to '/home/zjq/learnROS2/Febpractice_zjq_ws/build/status_topics/install.log'
