[0.695s] Invoking command in '/home/zjq/learnROS2/Febpractice_zjq_ws/src/status_topics': CONDA_PROMPT_MODIFIER=(base) PYTHONPATH=/home/zjq/learnROS2/Febpractice_zjq_ws/build/status_topics/prefix_override:/usr/lib/python3/dist-packages/colcon_core/task/python/colcon_distutils_commands:/home/zjq/learnROS2/Febpractice_zjq_ws/install/status_topics/lib/python3.10/site-packages:${PYTHONPATH} /usr/bin/python3 -W ignore:setup.py install is deprecated -W ignore:easy_install command is deprecated setup.py egg_info --egg-base ../../build/status_topics build --build-base /home/zjq/learnROS2/Febpractice_zjq_ws/build/status_topics/build install --record /home/zjq/learnROS2/Febpractice_zjq_ws/build/status_topics/install.log --single-version-externally-managed install_data
[1.025s] running egg_info
[1.027s] writing ../../build/status_topics/status_topics.egg-info/PKG-INFO
[1.027s] writing dependency_links to ../../build/status_topics/status_topics.egg-info/dependency_links.txt
[1.030s] writing entry points to ../../build/status_topics/status_topics.egg-info/entry_points.txt
[1.031s] writing requirements to ../../build/status_topics/status_topics.egg-info/requires.txt
[1.031s] writing top-level names to ../../build/status_topics/status_topics.egg-info/top_level.txt
[1.034s] reading manifest file '../../build/status_topics/status_topics.egg-info/SOURCES.txt'
[1.034s] adding license file 'LICENSE'
[1.035s] writing manifest file '../../build/status_topics/status_topics.egg-info/SOURCES.txt'
[1.035s] running build
[1.035s] running build_py
[1.036s] copying status_topics/sys_status_trans.py -> /home/zjq/learnROS2/Febpractice_zjq_ws/build/status_topics/build/lib/status_topics
[1.037s] running install
[1.037s] running install_lib
[1.038s] copying /home/zjq/learnROS2/Febpractice_zjq_ws/build/status_topics/build/lib/status_topics/sys_status_trans.py -> /home/zjq/learnROS2/Febpractice_zjq_ws/install/status_topics/lib/python3.10/site-packages/status_topics
[1.039s] byte-compiling /home/zjq/learnROS2/Febpractice_zjq_ws/install/status_topics/lib/python3.10/site-packages/status_topics/sys_status_trans.py to sys_status_trans.cpython-310.pyc
[1.039s] running install_data
[1.039s] running install_egg_info
[1.041s] removing '/home/zjq/learnROS2/Febpractice_zjq_ws/install/status_topics/lib/python3.10/site-packages/status_topics-0.0.0-py3.10.egg-info' (and everything under it)
[1.042s] Copying ../../build/status_topics/status_topics.egg-info to /home/zjq/learnROS2/Febpractice_zjq_ws/install/status_topics/lib/python3.10/site-packages/status_topics-0.0.0-py3.10.egg-info
[1.043s] running install_scripts
[1.078s] Installing sys_status_pub script to /home/zjq/learnROS2/Febpractice_zjq_ws/install/status_topics/lib/status_topics
[1.079s] writing list of installed files to '/home/zjq/learnROS2/Febpractice_zjq_ws/build/status_topics/install.log'
[1.108s] Invoked command in '/home/zjq/learnROS2/Febpractice_zjq_ws/src/status_topics' returned '0': CONDA_PROMPT_MODIFIER=(base) PYTHONPATH=/home/zjq/learnROS2/Febpractice_zjq_ws/build/status_topics/prefix_override:/usr/lib/python3/dist-packages/colcon_core/task/python/colcon_distutils_commands:/home/zjq/learnROS2/Febpractice_zjq_ws/install/status_topics/lib/python3.10/site-packages:${PYTHONPATH} /usr/bin/python3 -W ignore:setup.py install is deprecated -W ignore:easy_install command is deprecated setup.py egg_info --egg-base ../../build/status_topics build --build-base /home/zjq/learnROS2/Febpractice_zjq_ws/build/status_topics/build install --record /home/zjq/learnROS2/Febpractice_zjq_ws/build/status_topics/install.log --single-version-externally-managed install_data
